{
  "stats": {
    "suites": 72,
    "tests": 57,
    "passes": 57,
    "pending": 0,
    "failures": 0,
    "start": "2020-02-06T03:22:46.465Z",
    "end": "2020-02-06T03:22:46.545Z",
    "duration": 80,
    "testsRegistered": 57,
    "passPercent": 100,
    "pendingPercent": 0,
    "other": 0,
    "hasOther": false,
    "skipped": 0,
    "hasSkipped": false
  },
  "results": [
    {
      "uuid": "a8673fab-8903-46e4-a968-738ec30ba48a",
      "title": "",
      "fullFile": "",
      "file": "",
      "beforeHooks": [],
      "afterHooks": [],
      "tests": [],
      "suites": [
        {
          "uuid": "caf96755-8687-4153-8b9d-992b6b4d88a4",
          "title": "Actor",
          "fullFile": "/home/kurtis/Dev/botworx-javascript/packages/miajs/test/src/actor.js",
          "file": "/test/src/actor.js",
          "beforeHooks": [
            {
              "title": "\"before each\" hook",
              "fullTitle": "Actor \"before each\" hook",
              "timedOut": false,
              "duration": 9,
              "state": null,
              "speed": null,
              "pass": false,
              "fail": false,
              "pending": false,
              "context": null,
              "code": "this.pushLogger();",
              "err": {},
              "uuid": "f671fd62-cb05-4311-9fd2-83a4f61ed9dd",
              "parentUUID": "caf96755-8687-4153-8b9d-992b6b4d88a4",
              "isHook": true,
              "skipped": false
            }
          ],
          "afterHooks": [
            {
              "title": "\"after each\" hook",
              "fullTitle": "Actor \"after each\" hook",
              "timedOut": false,
              "duration": 0,
              "state": null,
              "speed": null,
              "pass": false,
              "fail": false,
              "pending": false,
              "context": null,
              "code": "this.popLogger();",
              "err": {},
              "uuid": "d654f464-282d-4605-8e0b-dd4367ee4f91",
              "parentUUID": "caf96755-8687-4153-8b9d-992b6b4d88a4",
              "isHook": true,
              "skipped": false
            }
          ],
          "tests": [],
          "suites": [
            {
              "uuid": "133588fc-2845-449d-978c-3b51a0814f7d",
              "title": "@run",
              "fullFile": "/home/kurtis/Dev/botworx-javascript/packages/miajs/test/src/actor.js",
              "file": "/test/src/actor.js",
              "beforeHooks": [],
              "afterHooks": [],
              "tests": [
                {
                  "title": "should work",
                  "fullTitle": "Actor @run should work",
                  "timedOut": false,
                  "duration": 3,
                  "state": "passed",
                  "speed": "fast",
                  "pass": true,
                  "fail": false,
                  "pending": false,
                  "context": null,
                  "code": "actor_(__main).run()",
                  "err": {},
                  "uuid": "e985bee3-f6b7-4cd5-a7e9-a15e1a936079",
                  "parentUUID": "133588fc-2845-449d-978c-3b51a0814f7d",
                  "isHook": false,
                  "skipped": false
                }
              ],
              "suites": [],
              "passes": [
                "e985bee3-f6b7-4cd5-a7e9-a15e1a936079"
              ],
              "failures": [],
              "pending": [],
              "skipped": [],
              "duration": 3,
              "root": false,
              "rootEmpty": false,
              "_timeout": 2000
            }
          ],
          "passes": [],
          "failures": [],
          "pending": [],
          "skipped": [],
          "duration": 0,
          "root": false,
          "rootEmpty": false,
          "_timeout": 2000
        },
        {
          "uuid": "6618d0ad-d576-4946-9a98-5a9eb21540c6",
          "title": "Agent",
          "fullFile": "/home/kurtis/Dev/botworx-javascript/packages/miajs/test/src/agent.js",
          "file": "/test/src/agent.js",
          "beforeHooks": [
            {
              "title": "\"before each\" hook",
              "fullTitle": "Agent \"before each\" hook",
              "timedOut": false,
              "duration": 0,
              "state": null,
              "speed": null,
              "pass": false,
              "fail": false,
              "pending": false,
              "context": null,
              "code": "this.pushLogger();",
              "err": {},
              "uuid": "a2001910-490c-4a5d-8e86-340f10a22711",
              "parentUUID": "6618d0ad-d576-4946-9a98-5a9eb21540c6",
              "isHook": true,
              "skipped": false
            }
          ],
          "afterHooks": [
            {
              "title": "\"after each\" hook",
              "fullTitle": "Agent \"after each\" hook",
              "timedOut": false,
              "duration": 0,
              "state": null,
              "speed": null,
              "pass": false,
              "fail": false,
              "pending": false,
              "context": null,
              "code": "this.popLogger();",
              "err": {},
              "uuid": "997b0684-dd93-4b05-b5df-b4c40245e2b9",
              "parentUUID": "6618d0ad-d576-4946-9a98-5a9eb21540c6",
              "isHook": true,
              "skipped": false
            }
          ],
          "tests": [],
          "suites": [
            {
              "uuid": "1d75cbc1-2200-4d05-be46-80d5f93e9e9f",
              "title": "@run",
              "fullFile": "/home/kurtis/Dev/botworx-javascript/packages/miajs/test/src/agent.js",
              "file": "/test/src/agent.js",
              "beforeHooks": [],
              "afterHooks": [],
              "tests": [
                {
                  "title": "should work",
                  "fullTitle": "Agent @run should work",
                  "timedOut": false,
                  "duration": 2,
                  "state": "passed",
                  "speed": "fast",
                  "pass": true,
                  "fail": false,
                  "pending": false,
                  "context": null,
                  "code": "agent_(__main).run()",
                  "err": {},
                  "uuid": "631925ef-4378-45d2-99cf-414c26dc5020",
                  "parentUUID": "1d75cbc1-2200-4d05-be46-80d5f93e9e9f",
                  "isHook": false,
                  "skipped": false
                }
              ],
              "suites": [],
              "passes": [
                "631925ef-4378-45d2-99cf-414c26dc5020"
              ],
              "failures": [],
              "pending": [],
              "skipped": [],
              "duration": 2,
              "root": false,
              "rootEmpty": false,
              "_timeout": 2000
            }
          ],
          "passes": [],
          "failures": [],
          "pending": [],
          "skipped": [],
          "duration": 0,
          "root": false,
          "rootEmpty": false,
          "_timeout": 2000
        },
        {
          "uuid": "9218a2c4-c4ef-4a77-9e17-43465afc2f12",
          "title": "Rule",
          "fullFile": "/home/kurtis/Dev/botworx-javascript/packages/miajs/test/src/assert.js",
          "file": "/test/src/assert.js",
          "beforeHooks": [],
          "afterHooks": [],
          "tests": [],
          "suites": [
            {
              "uuid": "2f9d751e-ed8c-4dfe-93c8-f23ef0dd5185",
              "title": "@fire",
              "fullFile": "/home/kurtis/Dev/botworx-javascript/packages/miajs/test/src/assert.js",
              "file": "/test/src/assert.js",
              "beforeHooks": [],
              "afterHooks": [],
              "tests": [
                {
                  "title": "should work",
                  "fullTitle": "Rule @fire should work",
                  "timedOut": false,
                  "duration": 1,
                  "state": "passed",
                  "speed": "fast",
                  "pass": true,
                  "fail": false,
                  "pending": false,
                  "context": null,
                  "code": "const ctx = new Context();\nconst c1 = new Believe(_Bob, _likes, _Fish);\nctx.add(c1);\nconst c2 = new Believe(_Joe, _likes, _Peas);\nctx.add(c2);\n$$.$(\"All Clauses\");\nfor (let c of ctx.clauses) {\n  $$._(c.toString());\n}\nconst m = new Assert(c1);\n$$.$('Begin Task Execution');\nconst rnr = new Runner();\nrnr.def(new Trigger(Assert, Believe, __, _likes, _Fish), function() {\n  const $x = this.msg.data.subj;\n  return $$._(`${$x} likes Fish`);\n});\nrnr.post(m);\nreturn rnr.run();",
                  "err": {},
                  "uuid": "e205e653-dccd-43f3-8ecd-9282e0b85911",
                  "parentUUID": "2f9d751e-ed8c-4dfe-93c8-f23ef0dd5185",
                  "isHook": false,
                  "skipped": false
                }
              ],
              "suites": [],
              "passes": [
                "e205e653-dccd-43f3-8ecd-9282e0b85911"
              ],
              "failures": [],
              "pending": [],
              "skipped": [],
              "duration": 1,
              "root": false,
              "rootEmpty": false,
              "_timeout": 2000
            }
          ],
          "passes": [],
          "failures": [],
          "pending": [],
          "skipped": [],
          "duration": 0,
          "root": false,
          "rootEmpty": false,
          "_timeout": 2000
        },
        {
          "uuid": "df4e2740-82df-499c-bda5-117a2ceeb9a2",
          "title": "Async",
          "fullFile": "/home/kurtis/Dev/botworx-javascript/packages/miajs/test/src/async.js",
          "file": "/test/src/async.js",
          "beforeHooks": [
            {
              "title": "\"before each\" hook",
              "fullTitle": "Async \"before each\" hook",
              "timedOut": false,
              "duration": 1,
              "state": null,
              "speed": null,
              "pass": false,
              "fail": false,
              "pending": false,
              "context": null,
              "code": "this.pushLogger();",
              "err": {},
              "uuid": "3804fbff-eab5-492f-aa9e-04366ee55c7c",
              "parentUUID": "df4e2740-82df-499c-bda5-117a2ceeb9a2",
              "isHook": true,
              "skipped": false
            }
          ],
          "afterHooks": [
            {
              "title": "\"after each\" hook",
              "fullTitle": "Async \"after each\" hook",
              "timedOut": false,
              "duration": 0,
              "state": null,
              "speed": null,
              "pass": false,
              "fail": false,
              "pending": false,
              "context": null,
              "code": "this.popLogger();",
              "err": {},
              "uuid": "786555ae-f689-421e-94ee-1d2856f57791",
              "parentUUID": "df4e2740-82df-499c-bda5-117a2ceeb9a2",
              "isHook": true,
              "skipped": false
            }
          ],
          "tests": [],
          "suites": [
            {
              "uuid": "82f1a3fb-08cc-465e-86f2-90e9379bedde",
              "title": "@call",
              "fullFile": "/home/kurtis/Dev/botworx-javascript/packages/miajs/test/src/async.js",
              "file": "/test/src/async.js",
              "beforeHooks": [],
              "afterHooks": [],
              "tests": [
                {
                  "title": "should work",
                  "fullTitle": "Async @call should work",
                  "timedOut": false,
                  "duration": 0,
                  "state": "passed",
                  "speed": "fast",
                  "pass": true,
                  "fail": false,
                  "pending": false,
                  "context": null,
                  "code": "runner_().run(t1)",
                  "err": {},
                  "uuid": "be52fafd-0ea1-4d98-b375-a74119220b4e",
                  "parentUUID": "82f1a3fb-08cc-465e-86f2-90e9379bedde",
                  "isHook": false,
                  "skipped": false
                }
              ],
              "suites": [],
              "passes": [
                "be52fafd-0ea1-4d98-b375-a74119220b4e"
              ],
              "failures": [],
              "pending": [],
              "skipped": [],
              "duration": 0,
              "root": false,
              "rootEmpty": false,
              "_timeout": 2000
            }
          ],
          "passes": [],
          "failures": [],
          "pending": [],
          "skipped": [],
          "duration": 0,
          "root": false,
          "rootEmpty": false,
          "_timeout": 2000
        },
        {
          "uuid": "01a0161b-864a-4bf6-b6d8-31b3ee1aeb7b",
          "title": "Attempt",
          "fullFile": "/home/kurtis/Dev/botworx-javascript/packages/miajs/test/src/attempt.js",
          "file": "/test/src/attempt.js",
          "beforeHooks": [],
          "afterHooks": [],
          "tests": [
            {
              "title": "should work",
              "fullTitle": "Attempt should work",
              "timedOut": false,
              "duration": 1,
              "state": "passed",
              "speed": "fast",
              "pass": true,
              "fail": false,
              "pending": false,
              "context": null,
              "code": "const ctx = new Context();\nconst c1 = new Believe(_Bob, _likes, _Fish);\nctx.add(c1);\nconst c2 = new Believe(_Joe, _likes, _Peas);\nctx.add(c2);\n$$.$(\"All Clauses\");\nfor (let c of ctx.clauses) {\n  $$._(c.toString());\n}\nconst m = new Attempt(new Achieve(_Bob, _get, _Fish));\n$$.$('Begin Task Execution');\nconst rnr = new Runner();\nrnr.def(new Trigger(Attempt, Achieve, __, _get, _Fish), function() {\n  const $x = this.msg.data.subj;\n  return $$._(`${$x} getting Fish`);\n});\nrnr.post(m);\nreturn rnr.run();",
              "err": {},
              "uuid": "d94794f3-df77-4938-9be9-e2893e4ed156",
              "parentUUID": "01a0161b-864a-4bf6-b6d8-31b3ee1aeb7b",
              "isHook": false,
              "skipped": false
            }
          ],
          "suites": [],
          "passes": [
            "d94794f3-df77-4938-9be9-e2893e4ed156"
          ],
          "failures": [],
          "pending": [],
          "skipped": [],
          "duration": 1,
          "root": false,
          "rootEmpty": false,
          "_timeout": 2000
        },
        {
          "uuid": "3f06daf4-898a-408c-9b1b-a7d75a1fe56d",
          "title": "Await",
          "fullFile": "/home/kurtis/Dev/botworx-javascript/packages/miajs/test/src/await.js",
          "file": "/test/src/await.js",
          "beforeHooks": [
            {
              "title": "\"before each\" hook",
              "fullTitle": "Await \"before each\" hook",
              "timedOut": false,
              "duration": 0,
              "state": null,
              "speed": null,
              "pass": false,
              "fail": false,
              "pending": false,
              "context": null,
              "code": "this.pushLogger();",
              "err": {},
              "uuid": "015f5178-f3d2-468c-861e-5095a6a1eae3",
              "parentUUID": "3f06daf4-898a-408c-9b1b-a7d75a1fe56d",
              "isHook": true,
              "skipped": false
            }
          ],
          "afterHooks": [
            {
              "title": "\"after each\" hook",
              "fullTitle": "Await \"after each\" hook",
              "timedOut": false,
              "duration": 0,
              "state": null,
              "speed": null,
              "pass": false,
              "fail": false,
              "pending": false,
              "context": null,
              "code": "this.popLogger();",
              "err": {},
              "uuid": "97ce0851-498a-4963-a45a-44b58eb905f6",
              "parentUUID": "3f06daf4-898a-408c-9b1b-a7d75a1fe56d",
              "isHook": true,
              "skipped": false
            }
          ],
          "tests": [
            {
              "title": "should work",
              "fullTitle": "Await should work",
              "timedOut": false,
              "duration": 0,
              "state": "passed",
              "speed": "fast",
              "pass": true,
              "fail": false,
              "pending": false,
              "context": null,
              "code": "const bar = async () => console.log(await foo());\nreturn bar;",
              "err": {},
              "uuid": "d3cbdae0-7ccf-4da6-971d-5a99fe0cbd00",
              "parentUUID": "3f06daf4-898a-408c-9b1b-a7d75a1fe56d",
              "isHook": false,
              "skipped": false
            },
            {
              "title": "should work also",
              "fullTitle": "Await should work also",
              "timedOut": false,
              "duration": 0,
              "state": "passed",
              "speed": "fast",
              "pass": true,
              "fail": false,
              "pending": false,
              "context": null,
              "code": "const bar = async () => console.log(await foo2());\nreturn bar;",
              "err": {},
              "uuid": "a1de2d2a-94ed-4250-99af-aac892288749",
              "parentUUID": "3f06daf4-898a-408c-9b1b-a7d75a1fe56d",
              "isHook": false,
              "skipped": false
            }
          ],
          "suites": [],
          "passes": [
            "d3cbdae0-7ccf-4da6-971d-5a99fe0cbd00",
            "a1de2d2a-94ed-4250-99af-aac892288749"
          ],
          "failures": [],
          "pending": [],
          "skipped": [],
          "duration": 0,
          "root": false,
          "rootEmpty": false,
          "_timeout": 2000
        },
        {
          "uuid": "7f047175-07ce-4d3e-b00e-43e01e33ce48",
          "title": "Task",
          "fullFile": "/home/kurtis/Dev/botworx-javascript/packages/miajs/test/src/call.js",
          "file": "/test/src/call.js",
          "beforeHooks": [
            {
              "title": "\"before each\" hook",
              "fullTitle": "Task \"before each\" hook",
              "timedOut": false,
              "duration": 1,
              "state": null,
              "speed": null,
              "pass": false,
              "fail": false,
              "pending": false,
              "context": null,
              "code": "this.pushLogger();",
              "err": {},
              "uuid": "26511173-2dcc-4f83-9569-0f495cef3532",
              "parentUUID": "7f047175-07ce-4d3e-b00e-43e01e33ce48",
              "isHook": true,
              "skipped": false
            }
          ],
          "afterHooks": [
            {
              "title": "\"after each\" hook",
              "fullTitle": "Task \"after each\" hook",
              "timedOut": false,
              "duration": 0,
              "state": null,
              "speed": null,
              "pass": false,
              "fail": false,
              "pending": false,
              "context": null,
              "code": "this.popLogger();",
              "err": {},
              "uuid": "5aa4cb90-650c-4bf3-9729-b40bfa31a66b",
              "parentUUID": "7f047175-07ce-4d3e-b00e-43e01e33ce48",
              "isHook": true,
              "skipped": false
            }
          ],
          "tests": [],
          "suites": [
            {
              "uuid": "0113999d-0347-4d0a-b3b7-7c4bb9e0feb8",
              "title": "@call",
              "fullFile": "/home/kurtis/Dev/botworx-javascript/packages/miajs/test/src/call.js",
              "file": "/test/src/call.js",
              "beforeHooks": [],
              "afterHooks": [],
              "tests": [
                {
                  "title": "should work",
                  "fullTitle": "Task @call should work",
                  "timedOut": false,
                  "duration": 2,
                  "state": "passed",
                  "speed": "fast",
                  "pass": true,
                  "fail": false,
                  "pending": false,
                  "context": null,
                  "code": "runner_().run(t1)",
                  "err": {},
                  "uuid": "9b5ce302-9579-4fa9-bd86-b11cbbbb2024",
                  "parentUUID": "0113999d-0347-4d0a-b3b7-7c4bb9e0feb8",
                  "isHook": false,
                  "skipped": false
                }
              ],
              "suites": [],
              "passes": [
                "9b5ce302-9579-4fa9-bd86-b11cbbbb2024"
              ],
              "failures": [],
              "pending": [],
              "skipped": [],
              "duration": 2,
              "root": false,
              "rootEmpty": false,
              "_timeout": 2000
            }
          ],
          "passes": [],
          "failures": [],
          "pending": [],
          "skipped": [],
          "duration": 0,
          "root": false,
          "rootEmpty": false,
          "_timeout": 2000
        },
        {
          "uuid": "bef9eb2b-a5a3-45f2-bd67-1d4e99cbb094",
          "title": "Task",
          "fullFile": "/home/kurtis/Dev/botworx-javascript/packages/miajs/test/src/chain.js",
          "file": "/test/src/chain.js",
          "beforeHooks": [],
          "afterHooks": [],
          "tests": [],
          "suites": [
            {
              "uuid": "43172d37-88fd-4d8a-b3e2-18dfd1a8f963",
              "title": "@chain",
              "fullFile": "/home/kurtis/Dev/botworx-javascript/packages/miajs/test/src/chain.js",
              "file": "/test/src/chain.js",
              "beforeHooks": [],
              "afterHooks": [],
              "tests": [
                {
                  "title": "should work",
                  "fullTitle": "Task @chain should work",
                  "timedOut": false,
                  "duration": 1,
                  "state": "passed",
                  "speed": "fast",
                  "pass": true,
                  "fail": false,
                  "pending": false,
                  "context": null,
                  "code": "runner_().run(t1)",
                  "err": {},
                  "uuid": "9deaeba4-6de7-4cd9-9bca-4452a9dc47fc",
                  "parentUUID": "43172d37-88fd-4d8a-b3e2-18dfd1a8f963",
                  "isHook": false,
                  "skipped": false
                }
              ],
              "suites": [],
              "passes": [
                "9deaeba4-6de7-4cd9-9bca-4452a9dc47fc"
              ],
              "failures": [],
              "pending": [],
              "skipped": [],
              "duration": 1,
              "root": false,
              "rootEmpty": false,
              "_timeout": 2000
            }
          ],
          "passes": [],
          "failures": [],
          "pending": [],
          "skipped": [],
          "duration": 0,
          "root": false,
          "rootEmpty": false,
          "_timeout": 2000
        },
        {
          "uuid": "d9e0d7e4-71bf-4deb-bc58-dd1e8c47fc2f",
          "title": "Config",
          "fullFile": "/home/kurtis/Dev/botworx-javascript/packages/miajs/test/src/config.js",
          "file": "/test/src/config.js",
          "beforeHooks": [],
          "afterHooks": [],
          "tests": [
            {
              "title": "should work",
              "fullTitle": "Config should work",
              "timedOut": false,
              "duration": 1,
              "state": "passed",
              "speed": "fast",
              "pass": true,
              "fail": false,
              "pending": false,
              "context": null,
              "code": "$$.$('Config Results');\n$$._(config());\n$$.$('Environment');\nreturn $$._(process.env);",
              "err": {},
              "uuid": "3aebae59-1b30-4cfb-9860-b26f19dee85a",
              "parentUUID": "d9e0d7e4-71bf-4deb-bc58-dd1e8c47fc2f",
              "isHook": false,
              "skipped": false
            }
          ],
          "suites": [],
          "passes": [
            "3aebae59-1b30-4cfb-9860-b26f19dee85a"
          ],
          "failures": [],
          "pending": [],
          "skipped": [],
          "duration": 1,
          "root": false,
          "rootEmpty": false,
          "_timeout": 2000
        },
        {
          "uuid": "b45629c2-1847-401f-8002-fd1f6d5968fa",
          "title": "Context",
          "fullFile": "/home/kurtis/Dev/botworx-javascript/packages/miajs/test/src/context.js",
          "file": "/test/src/context.js",
          "beforeHooks": [],
          "afterHooks": [],
          "tests": [],
          "suites": [
            {
              "uuid": "d114bd2c-28e7-4ddf-af35-0db4e8a89b56",
              "title": "@find",
              "fullFile": "/home/kurtis/Dev/botworx-javascript/packages/miajs/test/src/context.js",
              "file": "/test/src/context.js",
              "beforeHooks": [],
              "afterHooks": [],
              "tests": [
                {
                  "title": "should work",
                  "fullTitle": "Context @find should work",
                  "timedOut": false,
                  "duration": 0,
                  "state": "passed",
                  "speed": "fast",
                  "pass": true,
                  "fail": false,
                  "pending": false,
                  "context": null,
                  "code": "let r = ctx.find(Believe, _Bob, _likes, _Fish);\n$$.$(\"Bob, likes, Fish\");\n$$._(r.toString());\nr = ctx.find(Believe, __, _likes, _Fish);\n$$.$(\"_, likes, Fish\");\n$$._(r.toString());\nr = ctx.find(Believe, __, _likes, __);\n$$.$(\"_, likes, _\");\nreturn $$._(r.toString());",
                  "err": {},
                  "uuid": "05115264-c252-46a0-b1c7-753a88d6e372",
                  "parentUUID": "d114bd2c-28e7-4ddf-af35-0db4e8a89b56",
                  "isHook": false,
                  "skipped": false
                }
              ],
              "suites": [],
              "passes": [
                "05115264-c252-46a0-b1c7-753a88d6e372"
              ],
              "failures": [],
              "pending": [],
              "skipped": [],
              "duration": 0,
              "root": false,
              "rootEmpty": false,
              "_timeout": 2000
            },
            {
              "uuid": "0c8b5da7-2167-4b8a-814c-9c930bfa7d4b",
              "title": "@match",
              "fullFile": "/home/kurtis/Dev/botworx-javascript/packages/miajs/test/src/context.js",
              "file": "/test/src/context.js",
              "beforeHooks": [],
              "afterHooks": [],
              "tests": [
                {
                  "title": "should work",
                  "fullTitle": "Context @match should work",
                  "timedOut": false,
                  "duration": 0,
                  "state": "passed",
                  "speed": "fast",
                  "pass": true,
                  "fail": false,
                  "pending": false,
                  "context": null,
                  "code": "const matches = ctx.match(Believe, _Bob, _likes, _Fish);\n$$.$(\"Bob, likes, Fish\");\nfor (r of matches) {\n  $$._(r.toString())\n}",
                  "err": {},
                  "uuid": "b4b527b0-1613-4908-b12e-5911d1c14b7e",
                  "parentUUID": "0c8b5da7-2167-4b8a-814c-9c930bfa7d4b",
                  "isHook": false,
                  "skipped": false
                },
                {
                  "title": "should work",
                  "fullTitle": "Context @match should work",
                  "timedOut": false,
                  "duration": 0,
                  "state": "passed",
                  "speed": "fast",
                  "pass": true,
                  "fail": false,
                  "pending": false,
                  "context": null,
                  "code": "const matches = ctx.match(Believe, __, _likes, __);\n$$.$(\"ctx.match(__, _likes, __)\");\nfor (r of matches) {\n  $$._(r.toString())\n}",
                  "err": {},
                  "uuid": "ce993854-69a1-4a9b-a913-9c410d7ac634",
                  "parentUUID": "0c8b5da7-2167-4b8a-814c-9c930bfa7d4b",
                  "isHook": false,
                  "skipped": false
                }
              ],
              "suites": [],
              "passes": [
                "b4b527b0-1613-4908-b12e-5911d1c14b7e",
                "ce993854-69a1-4a9b-a913-9c410d7ac634"
              ],
              "failures": [],
              "pending": [],
              "skipped": [],
              "duration": 0,
              "root": false,
              "rootEmpty": false,
              "_timeout": 2000
            },
            {
              "uuid": "ec1b390c-3eb0-4a68-87d7-ba36bd312f74",
              "title": "@iterator",
              "fullFile": "/home/kurtis/Dev/botworx-javascript/packages/miajs/test/src/context.js",
              "file": "/test/src/context.js",
              "beforeHooks": [],
              "afterHooks": [],
              "tests": [
                {
                  "title": "should work",
                  "fullTitle": "Context @iterator should work",
                  "timedOut": false,
                  "duration": 0,
                  "state": "passed",
                  "speed": "fast",
                  "pass": true,
                  "fail": false,
                  "pending": false,
                  "context": null,
                  "code": "for (c of ctx) {\n  $$._(c);\n}",
                  "err": {},
                  "uuid": "1c08fcda-18f4-447e-a74e-1e278878ede1",
                  "parentUUID": "ec1b390c-3eb0-4a68-87d7-ba36bd312f74",
                  "isHook": false,
                  "skipped": false
                }
              ],
              "suites": [],
              "passes": [
                "1c08fcda-18f4-447e-a74e-1e278878ede1"
              ],
              "failures": [],
              "pending": [],
              "skipped": [],
              "duration": 0,
              "root": false,
              "rootEmpty": false,
              "_timeout": 2000
            }
          ],
          "passes": [],
          "failures": [],
          "pending": [],
          "skipped": [],
          "duration": 0,
          "root": false,
          "rootEmpty": false,
          "_timeout": 2000
        },
        {
          "uuid": "02235f28-506f-4be8-ac9f-05c163bb0a20",
          "title": "Method",
          "fullFile": "/home/kurtis/Dev/botworx-javascript/packages/miajs/test/src/count.js",
          "file": "/test/src/count.js",
          "beforeHooks": [],
          "afterHooks": [],
          "tests": [],
          "suites": [
            {
              "uuid": "7832e4b2-fcef-40ec-a5ec-70b410de4361",
              "title": "@counter",
              "fullFile": "/home/kurtis/Dev/botworx-javascript/packages/miajs/test/src/count.js",
              "file": "/test/src/count.js",
              "beforeHooks": [],
              "afterHooks": [],
              "tests": [
                {
                  "title": "should work",
                  "fullTitle": "Method @counter should work",
                  "timedOut": false,
                  "duration": 1,
                  "state": "passed",
                  "speed": "fast",
                  "pass": true,
                  "fail": false,
                  "pending": false,
                  "context": null,
                  "code": "runner_().run(t1)",
                  "err": {},
                  "uuid": "e0702be4-8871-42bd-a577-c2b06506efc8",
                  "parentUUID": "7832e4b2-fcef-40ec-a5ec-70b410de4361",
                  "isHook": false,
                  "skipped": false
                }
              ],
              "suites": [],
              "passes": [
                "e0702be4-8871-42bd-a577-c2b06506efc8"
              ],
              "failures": [],
              "pending": [],
              "skipped": [],
              "duration": 1,
              "root": false,
              "rootEmpty": false,
              "_timeout": 2000
            }
          ],
          "passes": [],
          "failures": [],
          "pending": [],
          "skipped": [],
          "duration": 0,
          "root": false,
          "rootEmpty": false,
          "_timeout": 2000
        },
        {
          "uuid": "5a77af95-18f9-446b-ac26-e62bb7ae6713",
          "title": "Sequence",
          "fullFile": "/home/kurtis/Dev/botworx-javascript/packages/miajs/test/src/dsl.js",
          "file": "/test/src/dsl.js",
          "beforeHooks": [],
          "afterHooks": [],
          "tests": [],
          "suites": [
            {
              "uuid": "dcc30e57-1871-49c5-a6bc-aedae8228531",
              "title": "@action",
              "fullFile": "/home/kurtis/Dev/botworx-javascript/packages/miajs/test/src/dsl.js",
              "file": "/test/src/dsl.js",
              "beforeHooks": [],
              "afterHooks": [],
              "tests": [
                {
                  "title": "should work",
                  "fullTitle": "Sequence @action should work",
                  "timedOut": false,
                  "duration": 1,
                  "state": "passed",
                  "speed": "fast",
                  "pass": true,
                  "fail": false,
                  "pending": false,
                  "context": null,
                  "code": "runner_().run(s1)",
                  "err": {},
                  "uuid": "94361a75-9af7-454c-b362-aee184ea3774",
                  "parentUUID": "dcc30e57-1871-49c5-a6bc-aedae8228531",
                  "isHook": false,
                  "skipped": false
                }
              ],
              "suites": [],
              "passes": [
                "94361a75-9af7-454c-b362-aee184ea3774"
              ],
              "failures": [],
              "pending": [],
              "skipped": [],
              "duration": 1,
              "root": false,
              "rootEmpty": false,
              "_timeout": 2000
            }
          ],
          "passes": [],
          "failures": [],
          "pending": [],
          "skipped": [],
          "duration": 0,
          "root": false,
          "rootEmpty": false,
          "_timeout": 2000
        },
        {
          "uuid": "23f4e2ec-a1d7-413c-8a0d-fcf6c0e36afb",
          "title": "Task",
          "fullFile": "/home/kurtis/Dev/botworx-javascript/packages/miajs/test/src/hello.js",
          "file": "/test/src/hello.js",
          "beforeHooks": [],
          "afterHooks": [],
          "tests": [],
          "suites": [
            {
              "uuid": "1d091102-cc5b-4a0f-8b22-2b424ff45f68",
              "title": "@perform",
              "fullFile": "/home/kurtis/Dev/botworx-javascript/packages/miajs/test/src/hello.js",
              "file": "/test/src/hello.js",
              "beforeHooks": [],
              "afterHooks": [],
              "tests": [
                {
                  "title": "should work",
                  "fullTitle": "Task @perform should work",
                  "timedOut": false,
                  "duration": 1,
                  "state": "passed",
                  "speed": "fast",
                  "pass": true,
                  "fail": false,
                  "pending": false,
                  "context": null,
                  "code": "const action = function() {\n  this.def(onAttempt(Achieve, null, _hello, null), function() {\n    this.def(onAttempt(Achieve, null, _say, __), function() {\n      const $t = this.msg.data.obj;\n      return $$.log($t);\n    });\n    this.perform(null, _say, \"Hello World\");\n    return this.perform(null, _say, \"Goodbye World\");\n  });\n  return this.perform(null, _hello, null);\n};\nreturn runner_().run(module_(action));",
                  "err": {},
                  "uuid": "b0faa1c9-b3ba-4f57-9b7a-803812412b5e",
                  "parentUUID": "1d091102-cc5b-4a0f-8b22-2b424ff45f68",
                  "isHook": false,
                  "skipped": false
                }
              ],
              "suites": [],
              "passes": [
                "b0faa1c9-b3ba-4f57-9b7a-803812412b5e"
              ],
              "failures": [],
              "pending": [],
              "skipped": [],
              "duration": 1,
              "root": false,
              "rootEmpty": false,
              "_timeout": 2000
            }
          ],
          "passes": [],
          "failures": [],
          "pending": [],
          "skipped": [],
          "duration": 0,
          "root": false,
          "rootEmpty": false,
          "_timeout": 2000
        },
        {
          "uuid": "4466484b-308c-4c6f-9fb7-d3b99d65500e",
          "title": "Task",
          "fullFile": "/home/kurtis/Dev/botworx-javascript/packages/miajs/test/src/import.js",
          "file": "/test/src/import.js",
          "beforeHooks": [],
          "afterHooks": [],
          "tests": [],
          "suites": [
            {
              "uuid": "1eed118d-3e4e-4075-98e0-1991d3519ca9",
              "title": "@import",
              "fullFile": "/home/kurtis/Dev/botworx-javascript/packages/miajs/test/src/import.js",
              "file": "/test/src/import.js",
              "beforeHooks": [],
              "afterHooks": [],
              "tests": [
                {
                  "title": "should work",
                  "fullTitle": "Task @import should work",
                  "timedOut": false,
                  "duration": 1,
                  "state": "passed",
                  "speed": "fast",
                  "pass": true,
                  "fail": false,
                  "pending": false,
                  "context": null,
                  "code": "runner_().run(module_(function() {\n  this.import(require, './cleavers');\n  $$.$(\"All Clauses\");\n  return $$._(_$(this.rnr.ctx.clauses));\n})",
                  "err": {},
                  "uuid": "0ff08d14-4804-459e-97d3-bea958c276ef",
                  "parentUUID": "1eed118d-3e4e-4075-98e0-1991d3519ca9",
                  "isHook": false,
                  "skipped": false
                }
              ],
              "suites": [],
              "passes": [
                "0ff08d14-4804-459e-97d3-bea958c276ef"
              ],
              "failures": [],
              "pending": [],
              "skipped": [],
              "duration": 1,
              "root": false,
              "rootEmpty": false,
              "_timeout": 2000
            }
          ],
          "passes": [],
          "failures": [],
          "pending": [],
          "skipped": [],
          "duration": 0,
          "root": false,
          "rootEmpty": false,
          "_timeout": 2000
        },
        {
          "uuid": "2a2d3011-f8e0-4f0f-aa05-e5e3b261565f",
          "title": "TIterable",
          "fullFile": "/home/kurtis/Dev/botworx-javascript/packages/miajs/test/src/iterable.js",
          "file": "/test/src/iterable.js",
          "beforeHooks": [],
          "afterHooks": [],
          "tests": [
            {
              "title": "should work",
              "fullTitle": "TIterable should work",
              "timedOut": false,
              "duration": 0,
              "state": "passed",
              "speed": "fast",
              "pass": true,
              "fail": false,
              "pending": false,
              "context": null,
              "code": "class A {\n  static initClass() {\n    this.iterator(function*() {\n      yield 'a';\n      return yield 'b';\n    });\n  }\n}\nA.initClass();\nclass B extends A {\n  static initClass() {\n    this.TIterable();\n  }\n  *iterator() {\n    yield* super.iterator();\n    return yield 'c';\n  }\n}\nB.initClass();\nconst b = new B();\nfor (l of b) {\n  $$._(l)\n}",
              "err": {},
              "uuid": "f0d1157d-1019-4390-b7dd-835b7816f1b8",
              "parentUUID": "2a2d3011-f8e0-4f0f-aa05-e5e3b261565f",
              "isHook": false,
              "skipped": false
            }
          ],
          "suites": [],
          "passes": [
            "f0d1157d-1019-4390-b7dd-835b7816f1b8"
          ],
          "failures": [],
          "pending": [],
          "skipped": [],
          "duration": 0,
          "root": false,
          "rootEmpty": false,
          "_timeout": 2000
        },
        {
          "uuid": "d519f523-1d61-453f-9cd0-7b57098497a5",
          "title": "Loop",
          "fullFile": "/home/kurtis/Dev/botworx-javascript/packages/miajs/test/src/loop.js",
          "file": "/test/src/loop.js",
          "beforeHooks": [],
          "afterHooks": [],
          "tests": [],
          "suites": [
            {
              "uuid": "dc35c9d3-ee3b-4f49-9347-c310614eb414",
              "title": "@action",
              "fullFile": "/home/kurtis/Dev/botworx-javascript/packages/miajs/test/src/loop.js",
              "file": "/test/src/loop.js",
              "beforeHooks": [],
              "afterHooks": [],
              "tests": [
                {
                  "title": "should work",
                  "fullTitle": "Loop @action should work",
                  "timedOut": false,
                  "duration": 2,
                  "state": "passed",
                  "speed": "fast",
                  "pass": true,
                  "fail": false,
                  "pending": false,
                  "context": null,
                  "code": "const t1 = method_(function() {\n  return this.loop(function() {\n    return this.task(function() {\n      $$._(\"Hello\");\n      this.count = 10;\n      return this.main = function() {\n        $$._(this.count--);\n        if(this.count <= 0) {\n          $$._('Inner');\n          return this.fail();\n        }\n      };}).task(() => $$._(\"Loop\"));\n  });\n});\nreturn runner_().run(t1);",
                  "err": {},
                  "uuid": "f2ba18e6-7063-4001-8963-dd20463ba4f8",
                  "parentUUID": "dc35c9d3-ee3b-4f49-9347-c310614eb414",
                  "isHook": false,
                  "skipped": false
                }
              ],
              "suites": [],
              "passes": [
                "f2ba18e6-7063-4001-8963-dd20463ba4f8"
              ],
              "failures": [],
              "pending": [],
              "skipped": [],
              "duration": 2,
              "root": false,
              "rootEmpty": false,
              "_timeout": 2000
            }
          ],
          "passes": [],
          "failures": [],
          "pending": [],
          "skipped": [],
          "duration": 0,
          "root": false,
          "rootEmpty": false,
          "_timeout": 2000
        },
        {
          "uuid": "b0bc4310-4528-486e-a617-c2b2c9b8b4dc",
          "title": "Matching",
          "fullFile": "/home/kurtis/Dev/botworx-javascript/packages/miajs/test/src/match.js",
          "file": "/test/src/match.js",
          "beforeHooks": [],
          "afterHooks": [],
          "tests": [],
          "suites": [
            {
              "uuid": "a8a8491e-510b-485e-a543-350d81ffaa2c",
              "title": "Values",
              "fullFile": "/home/kurtis/Dev/botworx-javascript/packages/miajs/test/src/match.js",
              "file": "/test/src/match.js",
              "beforeHooks": [],
              "afterHooks": [],
              "tests": [
                {
                  "title": "match __, null",
                  "fullTitle": "Matching Values match __, null",
                  "timedOut": false,
                  "duration": 1,
                  "state": "passed",
                  "speed": "fast",
                  "pass": true,
                  "fail": false,
                  "pending": false,
                  "context": null,
                  "code": "expect(match(__, null)).to.be.true",
                  "err": {},
                  "uuid": "37f0a36c-644f-48a8-a518-d5b65cc852f4",
                  "parentUUID": "a8a8491e-510b-485e-a543-350d81ffaa2c",
                  "isHook": false,
                  "skipped": false
                },
                {
                  "title": "match null, null",
                  "fullTitle": "Matching Values match null, null",
                  "timedOut": false,
                  "duration": 0,
                  "state": "passed",
                  "speed": "fast",
                  "pass": true,
                  "fail": false,
                  "pending": false,
                  "context": null,
                  "code": "expect(match(null, null)).to.be.true",
                  "err": {},
                  "uuid": "7236043b-28ae-4627-a66f-b0f79b8d93d5",
                  "parentUUID": "a8a8491e-510b-485e-a543-350d81ffaa2c",
                  "isHook": false,
                  "skipped": false
                },
                {
                  "title": "match null, 'hello'",
                  "fullTitle": "Matching Values match null, 'hello'",
                  "timedOut": false,
                  "duration": 0,
                  "state": "passed",
                  "speed": "fast",
                  "pass": true,
                  "fail": false,
                  "pending": false,
                  "context": null,
                  "code": "expect(match(null, 'hello')).to.be.false",
                  "err": {},
                  "uuid": "1097b003-2942-472e-a8a4-f841a3625f6a",
                  "parentUUID": "a8a8491e-510b-485e-a543-350d81ffaa2c",
                  "isHook": false,
                  "skipped": false
                },
                {
                  "title": "match 'hello', 'hello'",
                  "fullTitle": "Matching Values match 'hello', 'hello'",
                  "timedOut": false,
                  "duration": 0,
                  "state": "passed",
                  "speed": "fast",
                  "pass": true,
                  "fail": false,
                  "pending": false,
                  "context": null,
                  "code": "expect(match('hello', 'hello')).to.be.true",
                  "err": {},
                  "uuid": "3a16c9a9-d024-4f2f-a4f9-4514255284f3",
                  "parentUUID": "a8a8491e-510b-485e-a543-350d81ffaa2c",
                  "isHook": false,
                  "skipped": false
                },
                {
                  "title": "match 'hello', 'goodbye'",
                  "fullTitle": "Matching Values match 'hello', 'goodbye'",
                  "timedOut": false,
                  "duration": 0,
                  "state": "passed",
                  "speed": "fast",
                  "pass": true,
                  "fail": false,
                  "pending": false,
                  "context": null,
                  "code": "expect(match('hello', 'goodbye')).to.be.false",
                  "err": {},
                  "uuid": "184d1d41-4cf7-4892-90ec-d2a7806800e6",
                  "parentUUID": "a8a8491e-510b-485e-a543-350d81ffaa2c",
                  "isHook": false,
                  "skipped": false
                },
                {
                  "title": "match ((x) -> x == 10), 10",
                  "fullTitle": "Matching Values match ((x) -> x == 10), 10",
                  "timedOut": false,
                  "duration": 0,
                  "state": "passed",
                  "speed": "fast",
                  "pass": true,
                  "fail": false,
                  "pending": false,
                  "context": null,
                  "code": "expect(match((x => x === 10), 10)).to.be.true",
                  "err": {},
                  "uuid": "0c60d351-6b98-45a1-9052-494b28a38fac",
                  "parentUUID": "a8a8491e-510b-485e-a543-350d81ffaa2c",
                  "isHook": false,
                  "skipped": false
                },
                {
                  "title": "match ((x) -> x == 10), 20",
                  "fullTitle": "Matching Values match ((x) -> x == 10), 20",
                  "timedOut": false,
                  "duration": 0,
                  "state": "passed",
                  "speed": "fast",
                  "pass": true,
                  "fail": false,
                  "pending": false,
                  "context": null,
                  "code": "expect(match((x => x === 10), 20)).to.be.false",
                  "err": {},
                  "uuid": "249d8080-fc12-4c88-9e1b-9334eeb9ad32",
                  "parentUUID": "a8a8491e-510b-485e-a543-350d81ffaa2c",
                  "isHook": false,
                  "skipped": false
                },
                {
                  "title": "match ((x) -> x > 10), 20",
                  "fullTitle": "Matching Values match ((x) -> x > 10), 20",
                  "timedOut": false,
                  "duration": 0,
                  "state": "passed",
                  "speed": "fast",
                  "pass": true,
                  "fail": false,
                  "pending": false,
                  "context": null,
                  "code": "expect(match((x => x > 10), 20)).to.be.true",
                  "err": {},
                  "uuid": "c3102b07-809e-4923-9427-d410cf1c54a1",
                  "parentUUID": "a8a8491e-510b-485e-a543-350d81ffaa2c",
                  "isHook": false,
                  "skipped": false
                }
              ],
              "suites": [],
              "passes": [
                "37f0a36c-644f-48a8-a518-d5b65cc852f4",
                "7236043b-28ae-4627-a66f-b0f79b8d93d5",
                "1097b003-2942-472e-a8a4-f841a3625f6a",
                "3a16c9a9-d024-4f2f-a4f9-4514255284f3",
                "184d1d41-4cf7-4892-90ec-d2a7806800e6",
                "0c60d351-6b98-45a1-9052-494b28a38fac",
                "249d8080-fc12-4c88-9e1b-9334eeb9ad32",
                "c3102b07-809e-4923-9427-d410cf1c54a1"
              ],
              "failures": [],
              "pending": [],
              "skipped": [],
              "duration": 1,
              "root": false,
              "rootEmpty": false,
              "_timeout": 2000
            },
            {
              "uuid": "3d4591a2-159b-42f7-a9f1-d8d0cd7f9637",
              "title": "Regular Expressions",
              "fullFile": "/home/kurtis/Dev/botworx-javascript/packages/miajs/test/src/match.js",
              "file": "/test/src/match.js",
              "beforeHooks": [],
              "afterHooks": [],
              "tests": [
                {
                  "title": "match(re, 'test.js')",
                  "fullTitle": "Matching Regular Expressions match(re, 'test.js')",
                  "timedOut": false,
                  "duration": 0,
                  "state": "passed",
                  "speed": "fast",
                  "pass": true,
                  "fail": false,
                  "pending": false,
                  "context": null,
                  "code": "expect(match(re, 'test.js')).to.be.true",
                  "err": {},
                  "uuid": "49a607bb-ec78-48df-8885-f42330d439d8",
                  "parentUUID": "3d4591a2-159b-42f7-a9f1-d8d0cd7f9637",
                  "isHook": false,
                  "skipped": false
                },
                {
                  "title": "match(re, 'test.txt')",
                  "fullTitle": "Matching Regular Expressions match(re, 'test.txt')",
                  "timedOut": false,
                  "duration": 0,
                  "state": "passed",
                  "speed": "fast",
                  "pass": true,
                  "fail": false,
                  "pending": false,
                  "context": null,
                  "code": "expect(match(re, 'test.txt')).to.be.false",
                  "err": {},
                  "uuid": "679fb931-a7e8-4efe-8887-a8e9c43d1ee3",
                  "parentUUID": "3d4591a2-159b-42f7-a9f1-d8d0cd7f9637",
                  "isHook": false,
                  "skipped": false
                }
              ],
              "suites": [],
              "passes": [
                "49a607bb-ec78-48df-8885-f42330d439d8",
                "679fb931-a7e8-4efe-8887-a8e9c43d1ee3"
              ],
              "failures": [],
              "pending": [],
              "skipped": [],
              "duration": 0,
              "root": false,
              "rootEmpty": false,
              "_timeout": 2000
            },
            {
              "uuid": "06e79639-34ac-40d8-b59a-5e5bd393b2d7",
              "title": "Variable Binding",
              "fullFile": "/home/kurtis/Dev/botworx-javascript/packages/miajs/test/src/match.js",
              "file": "/test/src/match.js",
              "beforeHooks": [],
              "afterHooks": [],
              "tests": [
                {
                  "title": "match($('x'), 10)",
                  "fullTitle": "Matching Variable Binding match($('x'), 10)",
                  "timedOut": false,
                  "duration": 0,
                  "state": "passed",
                  "speed": "fast",
                  "pass": true,
                  "fail": false,
                  "pending": false,
                  "context": null,
                  "code": "//$$._ match($('x'), 10)\n  expect(match($('x'), 10)).to.have.property('$x', 10)",
                  "err": {},
                  "uuid": "784b741e-226c-4e77-b329-bb8038802707",
                  "parentUUID": "06e79639-34ac-40d8-b59a-5e5bd393b2d7",
                  "isHook": false,
                  "skipped": false
                }
              ],
              "suites": [],
              "passes": [
                "784b741e-226c-4e77-b329-bb8038802707"
              ],
              "failures": [],
              "pending": [],
              "skipped": [],
              "duration": 0,
              "root": false,
              "rootEmpty": false,
              "_timeout": 2000
            },
            {
              "uuid": "ac02b71d-da79-4d22-b36f-c49bb4436818",
              "title": "Clauses",
              "fullFile": "/home/kurtis/Dev/botworx-javascript/packages/miajs/test/src/match.js",
              "file": "/test/src/match.js",
              "beforeHooks": [],
              "afterHooks": [],
              "tests": [
                {
                  "title": "believe_(_Bob, _likes, _Fish).match Believe, __, _likes, __",
                  "fullTitle": "Matching Clauses believe_(_Bob, _likes, _Fish).match Believe, __, _likes, __",
                  "timedOut": false,
                  "duration": 0,
                  "state": "passed",
                  "speed": "fast",
                  "pass": true,
                  "fail": false,
                  "pending": false,
                  "context": null,
                  "code": "expect(believe_(_Bob, _likes, _Fish).match(Believe, __, _likes, __)).to.be.true",
                  "err": {},
                  "uuid": "b18d6039-1dbc-49c8-ad8b-0c8c7d801ab9",
                  "parentUUID": "ac02b71d-da79-4d22-b36f-c49bb4436818",
                  "isHook": false,
                  "skipped": false
                },
                {
                  "title": "believe_(_Bob, _likes, _Fish).match Believe, $('x'), _likes, $('y')",
                  "fullTitle": "Matching Clauses believe_(_Bob, _likes, _Fish).match Believe, $('x'), _likes, $('y')",
                  "timedOut": false,
                  "duration": 0,
                  "state": "passed",
                  "speed": "fast",
                  "pass": true,
                  "fail": false,
                  "pending": false,
                  "context": null,
                  "code": "const result = believe_(_Bob, _likes, _Fish).match(Believe, $('x'), _likes, $('y'));\nexpect(result).to.have.property('$x', _Bob);\nreturn expect(result).to.have.property('$y', _Fish);",
                  "err": {},
                  "uuid": "301e0bd8-3f7c-45aa-a495-12e30759cf16",
                  "parentUUID": "ac02b71d-da79-4d22-b36f-c49bb4436818",
                  "isHook": false,
                  "skipped": false
                }
              ],
              "suites": [],
              "passes": [
                "b18d6039-1dbc-49c8-ad8b-0c8c7d801ab9",
                "301e0bd8-3f7c-45aa-a495-12e30759cf16"
              ],
              "failures": [],
              "pending": [],
              "skipped": [],
              "duration": 0,
              "root": false,
              "rootEmpty": false,
              "_timeout": 2000
            },
            {
              "uuid": "ef19b7ee-3b25-4d03-9bfb-974ef6b2b44f",
              "title": "Messages",
              "fullFile": "/home/kurtis/Dev/botworx-javascript/packages/miajs/test/src/match.js",
              "file": "/test/src/match.js",
              "beforeHooks": [],
              "afterHooks": [],
              "tests": [
                {
                  "title": "assert_(Believe, _Bob, _likes, _Fish).match Assert, Believe, $('x'), _likes, $('y')",
                  "fullTitle": "Matching Messages assert_(Believe, _Bob, _likes, _Fish).match Assert, Believe, $('x'), _likes, $('y')",
                  "timedOut": false,
                  "duration": 1,
                  "state": "passed",
                  "speed": "fast",
                  "pass": true,
                  "fail": false,
                  "pending": false,
                  "context": null,
                  "code": "const result = assert_(Believe, _Bob, _likes, _Fish).match(Assert, Believe, $('x'), _likes, $('y'));\nexpect(result).to.have.property('$x', _Bob);\nreturn expect(result).to.have.property('$y', _Fish);",
                  "err": {},
                  "uuid": "37a971cc-755c-40fc-992f-4d7f34907257",
                  "parentUUID": "ef19b7ee-3b25-4d03-9bfb-974ef6b2b44f",
                  "isHook": false,
                  "skipped": false
                }
              ],
              "suites": [],
              "passes": [
                "37a971cc-755c-40fc-992f-4d7f34907257"
              ],
              "failures": [],
              "pending": [],
              "skipped": [],
              "duration": 1,
              "root": false,
              "rootEmpty": false,
              "_timeout": 2000
            },
            {
              "uuid": "91a346e3-3741-404c-b1f3-7b92b21291f0",
              "title": "Triggers",
              "fullFile": "/home/kurtis/Dev/botworx-javascript/packages/miajs/test/src/match.js",
              "file": "/test/src/match.js",
              "beforeHooks": [],
              "afterHooks": [],
              "tests": [
                {
                  "title": "onAssert(Believe, $('x'), _likes, $('y')).match assert_(Believe, _Bob, _likes, _Fish)",
                  "fullTitle": "Matching Triggers onAssert(Believe, $('x'), _likes, $('y')).match assert_(Believe, _Bob, _likes, _Fish)",
                  "timedOut": false,
                  "duration": 0,
                  "state": "passed",
                  "speed": "fast",
                  "pass": true,
                  "fail": false,
                  "pending": false,
                  "context": null,
                  "code": "const result = onAssert(Believe, $('x'), _likes, $('y')).match(assert_(Believe, _Bob, _likes, _Fish));\nexpect(result).to.have.property('$x', _Bob);\nreturn expect(result).to.have.property('$y', _Fish);",
                  "err": {},
                  "uuid": "5cc93e6b-830d-4407-a6ed-aff78818c6d0",
                  "parentUUID": "91a346e3-3741-404c-b1f3-7b92b21291f0",
                  "isHook": false,
                  "skipped": false
                },
                {
                  "title": "onAssert(Believe, $('x'), _likes, $('y')).match attempt_(Believe, _Bob, _likes, _Fish)",
                  "fullTitle": "Matching Triggers onAssert(Believe, $('x'), _likes, $('y')).match attempt_(Believe, _Bob, _likes, _Fish)",
                  "timedOut": false,
                  "duration": 0,
                  "state": "passed",
                  "speed": "fast",
                  "pass": true,
                  "fail": false,
                  "pending": false,
                  "context": null,
                  "code": "const result = onAssert(Believe, $('x'), _likes, $('y')).match(attempt_(Believe, _Bob, _likes, _Fish));\nreturn expect(result).to.be.false;",
                  "err": {},
                  "uuid": "cdaa7c9f-dd39-4e37-94b4-17466717a6a2",
                  "parentUUID": "91a346e3-3741-404c-b1f3-7b92b21291f0",
                  "isHook": false,
                  "skipped": false
                }
              ],
              "suites": [],
              "passes": [
                "5cc93e6b-830d-4407-a6ed-aff78818c6d0",
                "cdaa7c9f-dd39-4e37-94b4-17466717a6a2"
              ],
              "failures": [],
              "pending": [],
              "skipped": [],
              "duration": 0,
              "root": false,
              "rootEmpty": false,
              "_timeout": 2000
            },
            {
              "uuid": "08697d74-ccf8-454a-a521-747f11d3244b",
              "title": "Triggers with Xtras",
              "fullFile": "/home/kurtis/Dev/botworx-javascript/packages/miajs/test/src/match.js",
              "file": "/test/src/match.js",
              "beforeHooks": [],
              "afterHooks": [],
              "tests": [
                {
                  "title": "onAssert(Believe, $('x'), _likes, $('y')).match assert_(Believe, _Bob, _likes, _Fish)",
                  "fullTitle": "Matching Triggers with Xtras onAssert(Believe, $('x'), _likes, $('y')).match assert_(Believe, _Bob, _likes, _Fish)",
                  "timedOut": false,
                  "duration": 0,
                  "state": "passed",
                  "speed": "fast",
                  "pass": true,
                  "fail": false,
                  "pending": false,
                  "context": null,
                  "code": "const result = onAssert(Believe, $('x'), _likes, $('y')).match(assert_(Believe, _Bob, _likes, _Fish));\nexpect(result).to.have.property('$x', _Bob);\nreturn expect(result).to.have.property('$y', _Fish);",
                  "err": {},
                  "uuid": "077062b0-2811-43cd-ac18-ffbfc24d4239",
                  "parentUUID": "08697d74-ccf8-454a-a521-747f11d3244b",
                  "isHook": false,
                  "skipped": false
                }
              ],
              "suites": [],
              "passes": [
                "077062b0-2811-43cd-ac18-ffbfc24d4239"
              ],
              "failures": [],
              "pending": [],
              "skipped": [],
              "duration": 0,
              "root": false,
              "rootEmpty": false,
              "_timeout": 2000
            }
          ],
          "passes": [],
          "failures": [],
          "pending": [],
          "skipped": [],
          "duration": 0,
          "root": false,
          "rootEmpty": false,
          "_timeout": 2000
        },
        {
          "uuid": "e2b9152c-ad03-482c-8b01-f9e7f53bed4d",
          "title": "Message",
          "fullFile": "/home/kurtis/Dev/botworx-javascript/packages/miajs/test/src/message.js",
          "file": "/test/src/message.js",
          "beforeHooks": [],
          "afterHooks": [],
          "tests": [],
          "suites": [
            {
              "uuid": "490c2dab-76f1-4858-ae0c-7a5e1adc3d48",
              "title": "@match",
              "fullFile": "/home/kurtis/Dev/botworx-javascript/packages/miajs/test/src/message.js",
              "file": "/test/src/message.js",
              "beforeHooks": [],
              "afterHooks": [],
              "tests": [
                {
                  "title": "should work",
                  "fullTitle": "Message @match should work",
                  "timedOut": false,
                  "duration": 0,
                  "state": "passed",
                  "speed": "fast",
                  "pass": true,
                  "fail": false,
                  "pending": false,
                  "context": null,
                  "code": "const ctx = new Context();\nconst c1 = believe_(_Bob, _likes, _Fish);\nctx.add(c1);\nconst c2 = believe_(_Joe, _likes, _Peas);\nctx.add(c2);\n$$.h2(\"All Clauses\");\n$$._(String(ctx));\n$$._(ctx);\n$$.h2('Message Matching');\nconst m = new Assert(c1);\n$$._(m.match(Assert, Believe, _Bob, _likes, _Fish));\n$$._(m.match(Retract, Believe, _Bob, _likes, _Fish));\n$$._(m.match(Assert, Believe, _Joe, _likes, _Fish));\nreturn $$._(m.match(Assert, Achieve, _Joe, _likes, _Fish));",
                  "err": {},
                  "uuid": "2537ce4b-9970-49f9-ba06-4eb03ffc3fcc",
                  "parentUUID": "490c2dab-76f1-4858-ae0c-7a5e1adc3d48",
                  "isHook": false,
                  "skipped": false
                }
              ],
              "suites": [],
              "passes": [
                "2537ce4b-9970-49f9-ba06-4eb03ffc3fcc"
              ],
              "failures": [],
              "pending": [],
              "skipped": [],
              "duration": 0,
              "root": false,
              "rootEmpty": false,
              "_timeout": 2000
            }
          ],
          "passes": [],
          "failures": [],
          "pending": [],
          "skipped": [],
          "duration": 0,
          "root": false,
          "rootEmpty": false,
          "_timeout": 2000
        },
        {
          "uuid": "8c508aec-3769-4756-a89d-f23bdd780ba0",
          "title": "Module",
          "fullFile": "/home/kurtis/Dev/botworx-javascript/packages/miajs/test/src/module.js",
          "file": "/test/src/module.js",
          "beforeHooks": [],
          "afterHooks": [],
          "tests": [],
          "suites": [
            {
              "uuid": "6051369d-9f03-4ba3-a1e2-e838daba9c26",
              "title": "@action",
              "fullFile": "/home/kurtis/Dev/botworx-javascript/packages/miajs/test/src/module.js",
              "file": "/test/src/module.js",
              "beforeHooks": [],
              "afterHooks": [],
              "tests": [
                {
                  "title": "should work",
                  "fullTitle": "Module @action should work",
                  "timedOut": false,
                  "duration": 2,
                  "state": "passed",
                  "speed": "fast",
                  "pass": true,
                  "fail": false,
                  "pending": false,
                  "context": null,
                  "code": "const ctx = context_();\nconst c1 = believe_(_Bob, _likes, _Fish);\nctx.add(c1);\nconst c2 = believe_(_Joe, _likes, _Peas);\nctx.add(c2);\n$$.$(\"All Clauses\");\nfor (let c of ctx.clauses) {\n  $$._(c.toString());\n}\nconst m = new Assert(c1);\n$$.$('Begin Task Execution');\nconst exports = module_(function() {\n  this.def(new Trigger(Assert, Believe, __, _likes, _Fish), function() {\n    const self = this;\n    return this.task(function() {\n      $$._('Task Fire 1:');\n      return this.perform(self.msg.data.subj, _get, _Fish);}).task(() => $$._('Task Fire 2:'));\n  });\n  this.def(new Trigger(Attempt, Achieve, __, _get, _Fish), function() {\n    const self = this;\n    return this.task(() => $$._(_$(self.msg.data.subj) + ' is getting Fish.'));\n  });\n  this.defg(new Trigger(Attempt, Achieve, null, _impasse, null), () => //$$._ String(this.rnr.ctx)\n  $$._('Impassed'));\n  return this.post(m);\n});\n\nreturn runner_().run(exports);",
                  "err": {},
                  "uuid": "b84fdc9e-6cb0-4087-b503-5aaf3325b82c",
                  "parentUUID": "6051369d-9f03-4ba3-a1e2-e838daba9c26",
                  "isHook": false,
                  "skipped": false
                }
              ],
              "suites": [],
              "passes": [
                "b84fdc9e-6cb0-4087-b503-5aaf3325b82c"
              ],
              "failures": [],
              "pending": [],
              "skipped": [],
              "duration": 2,
              "root": false,
              "rootEmpty": false,
              "_timeout": 2000
            }
          ],
          "passes": [],
          "failures": [],
          "pending": [],
          "skipped": [],
          "duration": 0,
          "root": false,
          "rootEmpty": false,
          "_timeout": 2000
        },
        {
          "uuid": "d8070089-af5c-43d4-a1bf-d8a5d131d77d",
          "title": "TNode",
          "fullFile": "/home/kurtis/Dev/botworx-javascript/packages/miajs/test/src/node.js",
          "file": "/test/src/node.js",
          "beforeHooks": [],
          "afterHooks": [],
          "tests": [
            {
              "title": "should work",
              "fullTitle": "TNode should work",
              "timedOut": false,
              "duration": 1,
              "state": "passed",
              "speed": "fast",
              "pass": true,
              "fail": false,
              "pending": false,
              "context": null,
              "code": "let node;\n$$.$('class Plain');\n$$._(Plain);\n//\n$$.$('class Node');\n$$._(Node.toString());\n$$.$('class Node.prototype');\n$$._(Node.prototype);\n//\n$$.$('class DerivedNode');\n$$._(DerivedNode.toString());\n$$.$('class DerivedNode.prototype');\n$$._(DerivedNode.prototype);\n//\n$$.$('n1.Node');\nconst n1 = new Node();\nn1.node1 = 0;\nn1.node2 = 2;\nn1.node1 = 1;\n$$._(n1);\n$$.$('nodes');\nfor (node of n1) {\n  $$._(node);\n}\n$$.$('n2.DerivedNode');\nconst n2 = new DerivedNode(3);\n$$._(n2);\n$$.$('nodes');\nfor (node of n2) {\n  $$._(node);\n}",
              "err": {},
              "uuid": "0fecfae5-2725-4709-bd81-fd84fcac1f48",
              "parentUUID": "d8070089-af5c-43d4-a1bf-d8a5d131d77d",
              "isHook": false,
              "skipped": false
            }
          ],
          "suites": [],
          "passes": [
            "0fecfae5-2725-4709-bd81-fd84fcac1f48"
          ],
          "failures": [],
          "pending": [],
          "skipped": [],
          "duration": 1,
          "root": false,
          "rootEmpty": false,
          "_timeout": 2000
        },
        {
          "uuid": "d6bf9928-b6dd-42e8-9184-40fc6c92ae43",
          "title": "Parallel",
          "fullFile": "/home/kurtis/Dev/botworx-javascript/packages/miajs/test/src/parallel.js",
          "file": "/test/src/parallel.js",
          "beforeHooks": [],
          "afterHooks": [],
          "tests": [],
          "suites": [
            {
              "uuid": "892aade1-95b8-4cf5-b750-e21df4ec9fe1",
              "title": "@action",
              "fullFile": "/home/kurtis/Dev/botworx-javascript/packages/miajs/test/src/parallel.js",
              "file": "/test/src/parallel.js",
              "beforeHooks": [],
              "afterHooks": [],
              "tests": [
                {
                  "title": "should work",
                  "fullTitle": "Parallel @action should work",
                  "timedOut": false,
                  "duration": 3,
                  "state": "passed",
                  "speed": "fast",
                  "pass": true,
                  "fail": false,
                  "pending": false,
                  "context": null,
                  "code": "const t1 = parallel_(function() {\n  this.counter(1, 5, function() {\n    const counter1 = this;\n    return this.task(() => $$.log(`Counter 1:  ${counter1.value}`));\n  });\n  return this.counter(1, 10, function() {\n    const counter2 = this;\n    return this.task(() => $$.log(`Counter 2:  ${counter2.value}`));\n  });\n});\nreturn runner_().run(t1);",
                  "err": {},
                  "uuid": "efc7d1f0-080a-404f-b542-2123a73fcd68",
                  "parentUUID": "892aade1-95b8-4cf5-b750-e21df4ec9fe1",
                  "isHook": false,
                  "skipped": false
                }
              ],
              "suites": [],
              "passes": [
                "efc7d1f0-080a-404f-b542-2123a73fcd68"
              ],
              "failures": [],
              "pending": [],
              "skipped": [],
              "duration": 3,
              "root": false,
              "rootEmpty": false,
              "_timeout": 2000
            }
          ],
          "passes": [],
          "failures": [],
          "pending": [],
          "skipped": [],
          "duration": 0,
          "root": false,
          "rootEmpty": false,
          "_timeout": 2000
        },
        {
          "uuid": "2684701b-de42-468d-9ea9-753be5a62145",
          "title": "Propose",
          "fullFile": "/home/kurtis/Dev/botworx-javascript/packages/miajs/test/src/propose.js",
          "file": "/test/src/propose.js",
          "beforeHooks": [],
          "afterHooks": [],
          "tests": [
            {
              "title": "should work",
              "fullTitle": "Propose should work",
              "timedOut": false,
              "duration": 2,
              "state": "passed",
              "speed": "fast",
              "pass": true,
              "fail": false,
              "pending": false,
              "context": null,
              "code": "const ctx = new Context();\nconst c1 = new Believe(_Bob, _likes, _Fish);\nctx.add(c1);\nconst c2 = new Believe(_Joe, _likes, _Peas);\nctx.add(c2);\n$$.$(\"All Clauses\");\n$$._(String(ctx));\nconst m = new Propose(new Achieve(_Bob, _eat, _Fish));\n$$.$('Begin Task Execution');\nconst rnr = new Runner();\nrnr.def(new Trigger(Attempt, Achieve, __, _eat, _Fish), function() {\n  const $x = this.msg.data.subj;\n  return $$._(`${$x} buying Fish`);\n});\nrnr.def(new Trigger(Attempt, Achieve, __, _eat, _Fish), function() {\n  const $x = this.msg.data.subj;\n  return $$._(`${$x} catching Fish`);\n});\nrnr.def(new Trigger(Attempt, Achieve, null, _impasse, null), () => //$$._ String(this.rnr.ctx)\n$$._('Impassed'));\nrnr.post(m);\nreturn rnr.run();",
              "err": {},
              "uuid": "64af66b0-a50d-4972-a54c-282ffd4f298d",
              "parentUUID": "2684701b-de42-468d-9ea9-753be5a62145",
              "isHook": false,
              "skipped": false
            }
          ],
          "suites": [],
          "passes": [
            "64af66b0-a50d-4972-a54c-282ffd4f298d"
          ],
          "failures": [],
          "pending": [],
          "skipped": [],
          "duration": 2,
          "root": false,
          "rootEmpty": false,
          "_timeout": 2000
        },
        {
          "uuid": "9747065f-1963-433a-aff3-7205eceb3b7e",
          "title": "Query",
          "fullFile": "/home/kurtis/Dev/botworx-javascript/packages/miajs/test/src/qfilter.js",
          "file": "/test/src/qfilter.js",
          "beforeHooks": [],
          "afterHooks": [],
          "tests": [],
          "suites": [
            {
              "uuid": "846e9942-0db0-46c8-8925-85ee7094673d",
              "title": "Filter",
              "fullFile": "/home/kurtis/Dev/botworx-javascript/packages/miajs/test/src/qfilter.js",
              "file": "/test/src/qfilter.js",
              "beforeHooks": [],
              "afterHooks": [],
              "tests": [
                {
                  "title": "should work",
                  "fullTitle": "Query Filter should work",
                  "timedOut": false,
                  "duration": 1,
                  "state": "passed",
                  "speed": "fast",
                  "pass": true,
                  "fail": false,
                  "pending": false,
                  "context": null,
                  "code": "const ctx = yamlcontext_().load($$.dataPath('bob.yml'));\n$$.h2(\"All Clauses\");\n$$._(ctx.toString());\n$$.h2('Binders');\nconst _$x = new Variable('$x');\nconst _$y = new Variable('$y');\nconst _$z = new Variable('$z');\n$$.$(`\\\nctx.query Believe, _$x, _likes, _$y\n.and Believe, _$z, _likes, _$y\\\n`\n);\nctx.query(Believe, _$x, _likes, _$y)\n.and(Believe, _$z, _likes, _$y)\n.exec(binder => $$._(binder));\n$$.$(`\\\nctx.query Believe, _$x, _likes, _$y\n.and Believe, _$z, _likes, _$y\n.filter (binder) -> binder.$x != binder.$z\\\n`\n);\nreturn ctx.query(Believe, _$x, _likes, _$y)\n.and(Believe, _$z, _likes, _$y)\n.filter(function(binder) { const {$x, $z} = binder; return $x !== $z; })\n.exec(binder => $$._(binder));",
                  "err": {},
                  "uuid": "5e8586fc-c72a-4189-b585-ca5ac6c2af6d",
                  "parentUUID": "846e9942-0db0-46c8-8925-85ee7094673d",
                  "isHook": false,
                  "skipped": false
                }
              ],
              "suites": [],
              "passes": [
                "5e8586fc-c72a-4189-b585-ca5ac6c2af6d"
              ],
              "failures": [],
              "pending": [],
              "skipped": [],
              "duration": 1,
              "root": false,
              "rootEmpty": false,
              "_timeout": 2000
            }
          ],
          "passes": [],
          "failures": [],
          "pending": [],
          "skipped": [],
          "duration": 0,
          "root": false,
          "rootEmpty": false,
          "_timeout": 2000
        },
        {
          "uuid": "0b9dcfe5-10c9-4590-af86-6c22962faa61",
          "title": "Query",
          "fullFile": "/home/kurtis/Dev/botworx-javascript/packages/miajs/test/src/qnegclause.js",
          "file": "/test/src/qnegclause.js",
          "beforeHooks": [],
          "afterHooks": [],
          "tests": [],
          "suites": [
            {
              "uuid": "7546e6dc-80d1-4914-aa22-757c92dd0a44",
              "title": "NegClause",
              "fullFile": "/home/kurtis/Dev/botworx-javascript/packages/miajs/test/src/qnegclause.js",
              "file": "/test/src/qnegclause.js",
              "beforeHooks": [],
              "afterHooks": [],
              "tests": [
                {
                  "title": "should work",
                  "fullTitle": "Query NegClause should work",
                  "timedOut": false,
                  "duration": 1,
                  "state": "passed",
                  "speed": "fast",
                  "pass": true,
                  "fail": false,
                  "pending": false,
                  "context": null,
                  "code": "const ctx = yamlcontext_().load($$.dataPath('bob.yml'));\n$$.h2(\"All Clauses\");\n$$._(ctx.toString());\n$$.h2('Binders');\nconst _$x = new Variable('$x');\nconst _$y = new Variable('$y');\nconst _$z = new Variable('$z');\n$$.$(`\\\nctx.query Believe, _$x, _likes, _$y\n.not Believe, _$x, _likes, _Chips\\\n`\n);\nreturn ctx.query(Believe, _$x, _likes, _Fish)\n.not(Believe, _$x, _likes, _Chips)\n.exec(binder => $$._(binder));",
                  "err": {},
                  "uuid": "e651716c-6ac2-4258-989a-7c3548132c46",
                  "parentUUID": "7546e6dc-80d1-4914-aa22-757c92dd0a44",
                  "isHook": false,
                  "skipped": false
                }
              ],
              "suites": [],
              "passes": [
                "e651716c-6ac2-4258-989a-7c3548132c46"
              ],
              "failures": [],
              "pending": [],
              "skipped": [],
              "duration": 1,
              "root": false,
              "rootEmpty": false,
              "_timeout": 2000
            }
          ],
          "passes": [],
          "failures": [],
          "pending": [],
          "skipped": [],
          "duration": 0,
          "root": false,
          "rootEmpty": false,
          "_timeout": 2000
        },
        {
          "uuid": "09a8ad61-6467-4079-ba4a-693743c2db32",
          "title": "Query",
          "fullFile": "/home/kurtis/Dev/botworx-javascript/packages/miajs/test/src/qtyped.js",
          "file": "/test/src/qtyped.js",
[...]
          "_timeout": 2000
        },
        {
          "uuid": "4eec82d0-c237-4e94-b734-e5b01463c40b",
          "title": "Runner",
          "fullFile": "/home/kurtis/Dev/botworx-javascript/packages/miajs/test/src/runner.js",
          "file": "/test/src/runner.js",
          "beforeHooks": [
            {
              "title": "\"before each\" hook",
              "fullTitle": "Runner \"before each\" hook",
              "timedOut": false,
              "duration": 0,
              "state": null,
              "speed": null,
              "pass": false,
              "fail": false,
              "pending": false,
              "context": null,
              "code": "this.pushLogger();",
              "err": {},
              "uuid": "8677599b-0514-4b7d-a89f-6c698187b077",
              "parentUUID": "4eec82d0-c237-4e94-b734-e5b01463c40b",
              "isHook": true,
              "skipped": false
            }
          ],
          "afterHooks": [
            {
              "title": "\"after each\" hook",
              "fullTitle": "Runner \"after each\" hook",
              "timedOut": false,
              "duration": 0,
              "state": null,
              "speed": null,
              "pass": false,
              "fail": false,
              "pending": false,
              "context": null,
              "code": "this.popLogger();",
              "err": {},
              "uuid": "7e0557c8-0098-4210-9f50-431d0108b0bd",
              "parentUUID": "4eec82d0-c237-4e94-b734-e5b01463c40b",
              "isHook": true,
              "skipped": false
            }
          ],
          "tests": [],
          "suites": [
            {
              "uuid": "8c78db88-fcdc-402e-82c3-5942a89c1446",
              "title": "@run",
              "fullFile": "/home/kurtis/Dev/botworx-javascript/packages/miajs/test/src/runner.js",
              "file": "/test/src/runner.js",
              "beforeHooks": [],
              "afterHooks": [],
              "tests": [
                {
                  "title": "should work",
                  "fullTitle": "Runner @run should work",
                  "timedOut": false,
                  "duration": 2,
                  "state": "passed",
                  "speed": "fast",
                  "pass": true,
                  "fail": false,
                  "pending": false,
                  "context": null,
                  "code": "runner_(__main).run()",
                  "err": {},
                  "uuid": "5fe9375e-4dd3-4599-988a-77f3ac30216f",
                  "parentUUID": "8c78db88-fcdc-402e-82c3-5942a89c1446",
                  "isHook": false,
                  "skipped": false
                }
              ],
              "suites": [],
              "passes": [
                "5fe9375e-4dd3-4599-988a-77f3ac30216f"
              ],
              "failures": [],
              "pending": [],
              "skipped": [],
              "duration": 2,
              "root": false,
              "rootEmpty": false,
              "_timeout": 2000
            }
          ],
          "passes": [],
          "failures": [],
          "pending": [],
          "skipped": [],
          "duration": 0,
          "root": false,
          "rootEmpty": false,
          "_timeout": 2000
        },
        {
          "uuid": "87214ce1-5db2-4dd0-9345-201dc243aad5",
          "title": "Sequence",
          "fullFile": "/home/kurtis/Dev/botworx-javascript/packages/miajs/test/src/sequence.js",
          "file": "/test/src/sequence.js",
          "beforeHooks": [],
          "afterHooks": [],
          "tests": [],
          "suites": [
            {
              "uuid": "42c0ca66-ac33-4c7c-a95d-c1e85ae75e82",
              "title": "In Parallel",
              "fullFile": "/home/kurtis/Dev/botworx-javascript/packages/miajs/test/src/sequence.js",
              "file": "/test/src/sequence.js",
              "beforeHooks": [],
              "afterHooks": [],
              "tests": [
                {
                  "title": "should work",
                  "fullTitle": "Sequence In Parallel should work",
                  "timedOut": false,
                  "duration": 2,
                  "state": "passed",
                  "speed": "fast",
                  "pass": true,
                  "fail": false,
                  "pending": false,
                  "context": null,
                  "code": "const t1 = sequence_(function() {\n  this.task(() => $$._('A'));\n  this.task(() => $$._('B'));\n  return this.task(() => $$._('C'));\n});\nconst t2 = sequence_(function() {\n  this.task(() => $$._('D'));\n  this.task(function() {\n    $$._('E');\n    return this.fail();\n  });\n  return this.task(() => $$._('F'));\n});\nreturn runner_().run(t1, t2);",
                  "err": {},
                  "uuid": "f5cdc3b6-f405-4ffe-b7fe-7fba7e53064f",
                  "parentUUID": "42c0ca66-ac33-4c7c-a95d-c1e85ae75e82",
                  "isHook": false,
                  "skipped": false
                }
              ],
              "suites": [],
              "passes": [
                "f5cdc3b6-f405-4ffe-b7fe-7fba7e53064f"
              ],
              "failures": [],
              "pending": [],
              "skipped": [],
              "duration": 2,
              "root": false,
              "rootEmpty": false,
              "_timeout": 2000
            }
          ],
          "passes": [],
          "failures": [],
          "pending": [],
          "skipped": [],
          "duration": 0,
          "root": false,
          "rootEmpty": false,
          "_timeout": 2000
        },
        {
          "uuid": "bbb77650-cbf6-4689-8af0-ef47607c66a5",
          "title": "Streamer",
          "fullFile": "/home/kurtis/Dev/botworx-javascript/packages/miajs/test/src/streamer.js",
          "file": "/test/src/streamer.js",
          "beforeHooks": [],
          "afterHooks": [],
          "tests": [],
          "suites": [
            {
              "uuid": "997dbc3a-a519-40d2-89c0-ba6cd28e44ba",
              "title": "@chain",
              "fullFile": "/home/kurtis/Dev/botworx-javascript/packages/miajs/test/src/streamer.js",
              "file": "/test/src/streamer.js",
              "beforeHooks": [],
              "afterHooks": [],
              "tests": [
                {
                  "title": "should work",
                  "fullTitle": "Streamer @chain should work",
                  "timedOut": false,
                  "duration": 2,
                  "state": "passed",
                  "speed": "fast",
                  "pass": true,
                  "fail": false,
                  "pending": false,
                  "context": null,
                  "code": "const t1 = chain_(function() {\n  return this.chain(new ReadFile($$.dataPath('test.txt')))\n  .chain(new ConsoleWriter);\n});\nreturn runner_().run(t1);",
                  "err": {},
                  "uuid": "6e85e334-1cfe-4b28-b464-530051bcb320",
                  "parentUUID": "997dbc3a-a519-40d2-89c0-ba6cd28e44ba",
                  "isHook": false,
                  "skipped": false
                }
              ],
              "suites": [],
              "passes": [
                "6e85e334-1cfe-4b28-b464-530051bcb320"
              ],
              "failures": [],
              "pending": [],
              "skipped": [],
              "duration": 2,
              "root": false,
              "rootEmpty": false,
              "_timeout": 2000
            }
          ],
          "passes": [],
          "failures": [],
          "pending": [],
          "skipped": [],
          "duration": 0,
          "root": false,
          "rootEmpty": false,
          "_timeout": 2000
        },
        {
          "uuid": "ab2f4301-24bc-4e8c-afe8-568c4abb687b",
          "title": "Stringer",
          "fullFile": "/home/kurtis/Dev/botworx-javascript/packages/miajs/test/src/stringer.js",
          "file": "/test/src/stringer.js",
          "beforeHooks": [],
          "afterHooks": [],
          "tests": [
            {
              "title": "should work",
              "fullTitle": "Stringer should work",
              "timedOut": false,
              "duration": 1,
              "state": "passed",
              "speed": "fast",
              "pass": true,
              "fail": false,
              "pending": false,
              "context": null,
              "code": "const stringer = new Stringer();\nstringer.write('Hello');\nstringer.write('World');\n$$._(stringer);\n$$._(stringer.toString());\nreturn $$._(String(stringer));",
              "err": {},
              "uuid": "0c6a7cd8-90ec-4406-bada-774a0a83166d",
              "parentUUID": "ab2f4301-24bc-4e8c-afe8-568c4abb687b",
              "isHook": false,
              "skipped": false
            }
          ],
          "suites": [],
          "passes": [
            "0c6a7cd8-90ec-4406-bada-774a0a83166d"
          ],
          "failures": [],
          "pending": [],
          "skipped": [],
          "duration": 1,
          "root": false,
          "rootEmpty": false,
          "_timeout": 2000
        },
        {
          "uuid": "5c997a5f-8b55-4a07-b1d2-89e2a0692f89",
          "title": "Term",
          "fullFile": "/home/kurtis/Dev/botworx-javascript/packages/miajs/test/src/typed.js",
          "file": "/test/src/typed.js",
          "beforeHooks": [],
          "afterHooks": [],
          "tests": [],
          "suites": [
            {
              "uuid": "5791fd28-3065-49cd-9c3e-9372cfc672cb",
              "title": "typed",
              "fullFile": "/home/kurtis/Dev/botworx-javascript/packages/miajs/test/src/typed.js",
              "file": "/test/src/typed.js",
              "beforeHooks": [],
              "afterHooks": [],
              "tests": [
                {
                  "title": "should work",
                  "fullTitle": "Term typed should work",
                  "timedOut": false,
                  "duration": 0,
                  "state": "passed",
                  "speed": "fast",
                  "pass": true,
                  "fail": false,
                  "pending": false,
                  "context": null,
                  "code": "//t = $_ 'Block1', 'Block'\nclass Table extends Term {}\nconst t1 = $_('Table1', Table);\n$$._(t1);\nconst t2 = $_('Block1', 'Block');\nreturn $$._(t2);",
                  "err": {},
                  "uuid": "8c85e24c-9f08-4d5f-bfd0-f54f7b247ac2",
                  "parentUUID": "5791fd28-3065-49cd-9c3e-9372cfc672cb",
                  "isHook": false,
                  "skipped": false
                }
              ],
              "suites": [],
              "passes": [
                "8c85e24c-9f08-4d5f-bfd0-f54f7b247ac2"
              ],
              "failures": [],
              "pending": [],
              "skipped": [],
              "duration": 0,
              "root": false,
              "rootEmpty": false,
              "_timeout": 2000
            }
          ],
          "passes": [],
          "failures": [],
          "pending": [],
          "skipped": [],
          "duration": 0,
          "root": false,
          "rootEmpty": false,
          "_timeout": 2000
        },
        {
          "uuid": "695835c1-8006-4d80-90df-38c29ec90321",
          "title": "Unit",
          "fullFile": "/home/kurtis/Dev/botworx-javascript/packages/miajs/test/src/unit.js",
          "file": "/test/src/unit.js",
          "beforeHooks": [],
          "afterHooks": [],
          "tests": [],
          "suites": [
            {
              "uuid": "360e0657-9a3c-43b1-9b24-2b593db4b7a3",
              "title": "test",
              "fullFile": "/home/kurtis/Dev/botworx-javascript/packages/miajs/test/src/unit.js",
              "file": "/test/src/unit.js",
              "beforeHooks": [],
              "afterHooks": [],
              "tests": [
                {
                  "title": "should work",
                  "fullTitle": "Unit test should work",
                  "timedOut": false,
                  "duration": 1,
                  "state": "passed",
                  "speed": "fast",
                  "pass": true,
                  "fail": false,
                  "pending": false,
                  "context": null,
                  "code": "let {$$, unit_} = require('./common');\n$$ = unit_(module, $$);\nreturn $$._($$.stringify($$));",
                  "err": {},
                  "uuid": "957c5ba5-af2f-4555-bfab-778eeb839db1",
                  "parentUUID": "360e0657-9a3c-43b1-9b24-2b593db4b7a3",
                  "isHook": false,
                  "skipped": false
                }
              ],
              "suites": [],
              "passes": [
                "957c5ba5-af2f-4555-bfab-778eeb839db1"
              ],
              "failures": [],
              "pending": [],
              "skipped": [],
              "duration": 1,
              "root": false,
              "rootEmpty": false,
              "_timeout": 2000
            }
          ],
          "passes": [],
          "failures": [],
          "pending": [],
          "skipped": [],
          "duration": 0,
          "root": false,
          "rootEmpty": false,
          "_timeout": 2000
        },
        {
          "uuid": "333c11d0-67b8-4cea-be6d-595e3cb42590",
          "title": "Clause",
          "fullFile": "/home/kurtis/Dev/botworx-javascript/packages/miajs/test/src/xtra.js",
          "file": "/test/src/xtra.js",
          "beforeHooks": [],
          "afterHooks": [],
          "tests": [],
          "suites": [
            {
              "uuid": "ee45cf3f-f165-4333-bbb7-7f2ae4f8d1d2",
              "title": "@xtra",
              "fullFile": "/home/kurtis/Dev/botworx-javascript/packages/miajs/test/src/xtra.js",
              "file": "/test/src/xtra.js",
              "beforeHooks": [],
              "afterHooks": [],
              "tests": [
                {
                  "title": "should work",
                  "fullTitle": "Clause @xtra should work",
                  "timedOut": false,
                  "duration": 1,
                  "state": "passed",
                  "speed": "fast",
                  "pass": true,
                  "fail": false,
                  "pending": false,
                  "context": null,
                  "code": "const ctx = context_();\nconst c1 = believe_(_Bob, _likes, _Tuna, {with: _Cheese});\nctx.add(c1);\nconst c2 = believe_(_Joe, _likes, _Peas);\nctx.add(c2);\n$$.h2(\"All Clauses\");\nfor (let c of ctx.clauses) {\n  $$._(c.toString());\n}\n$$.h2(\"Find in Context\");\nlet r = ctx.find(Believe, _Bob, _likes, _Tuna);\n$$.$(\"< Bob likes Tuna >\");\n$$._(r.toString());\nr = ctx.find(Believe, __, _likes, _Tuna);\n$$.$(\"< __ likes Tuna >\");\n$$._(r.toString());\nr = ctx.find(Believe, __, _likes, __);\n$$.$(\"< __ likes __ >\");\n$$._(r.toString());\n$$.h2(\"Message Matches\");\nconst m = new Assert(c1);\n$$._(m.match(Assert, Believe, __, _likes, _Tuna));\n$$._(m.match(Assert, Believe, _Bob, _likes, _Tuna));\n$$._(m.match(Assert, Believe, _Bob, _likes, _Fish));\n$$._(m.match(Retract, Believe, _Bob, _likes, _Fish));\n$$._(m.match(Assert, Believe, _Joe, _likes, _Fish));\nconst rnr = runner_();\nrnr.def(new OnAssert(Believe, __, _likes, _Tuna), function() {\n  const $x = this.msg.data.subj;\n  return this.task(function() {\n    $$._('A');\n    return this.perform($x, _get, _Fish);}).task(() => $$._('B'));\n});\nrnr.def(new OnAttempt(Achieve, __, _get, _Fish),  function() {\n  const $x = this.msg.data.subj;\n  return $$._(`${$x} is getting Fish.`);\n});\nrnr.post(m);\nreturn rnr.run();",
                  "err": {},
                  "uuid": "03e69b8e-b7ff-43c4-9e06-70f5bc6bfea4",
                  "parentUUID": "ee45cf3f-f165-4333-bbb7-7f2ae4f8d1d2",
                  "isHook": false,
                  "skipped": false
                }
              ],
              "suites": [],
              "passes": [
                "03e69b8e-b7ff-43c4-9e06-70f5bc6bfea4"
              ],
              "failures": [],
              "pending": [],
              "skipped": [],
              "duration": 1,
              "root": false,
              "rootEmpty": false,
              "_timeout": 2000
            }
          ],
          "passes": [],
          "failures": [],
          "pending": [],
          "skipped": [],
          "duration": 0,
          "root": false,
          "rootEmpty": false,
          "_timeout": 2000
        },
        {
          "uuid": "f49c7716-40c2-4ea7-8a9b-03b14c1b94ad",
          "title": "Yaml",
          "fullFile": "/home/kurtis/Dev/botworx-javascript/packages/miajs/test/src/yaml.js",
          "file": "/test/src/yaml.js",
          "beforeHooks": [],
          "afterHooks": [],
          "tests": [
            {
              "title": "should work",
              "fullTitle": "Yaml should work",
              "timedOut": false,
              "duration": 1,
              "state": "passed",
              "speed": "fast",
              "pass": true,
              "fail": false,
              "pending": false,
              "context": null,
              "code": "// Get document, or throw exception on error\ntry {\n  const doc = yaml.safeLoad(fs.readFileSync($$.dataPath('cleavers.yml'), 'utf8'));\n  return console.log(doc);\n} catch (e) {\n  return console.log(e);\n}",
              "err": {},
              "uuid": "4be3e019-fecf-4b30-b229-ed5fba3141a1",
              "parentUUID": "f49c7716-40c2-4ea7-8a9b-03b14c1b94ad",
              "isHook": false,
              "skipped": false
            }
          ],
          "suites": [],
          "passes": [
            "4be3e019-fecf-4b30-b229-ed5fba3141a1"
          ],
          "failures": [],
          "pending": [],
          "skipped": [],
          "duration": 1,
          "root": false,
          "rootEmpty": false,
          "_timeout": 2000
        },
        {
          "uuid": "63cd66e6-bb84-4804-8c45-e9440648fae3",
          "title": "YamlContext",
          "fullFile": "/home/kurtis/Dev/botworx-javascript/packages/miajs/test/src/yamlcontext.js",
          "file": "/test/src/yamlcontext.js",
          "beforeHooks": [],
          "afterHooks": [],
          "tests": [
            {
              "title": "should work",
              "fullTitle": "YamlContext should work",
              "timedOut": false,
              "duration": 0,
              "state": "passed",
              "speed": "fast",
              "pass": true,
              "fail": false,
              "pending": false,
              "context": null,
              "code": "const ctx = new YamlContext().load($$.dataPath('cleavers.yml'));\n$$._(ctx);\nreturn ctx.clauses.map((c) =>\n  $$._(_$(c)));",
              "err": {},
              "uuid": "09952110-541f-433f-93d8-5dbb1c011ea7",
              "parentUUID": "63cd66e6-bb84-4804-8c45-e9440648fae3",
              "isHook": false,
              "skipped": false
            }
          ],
          "suites": [],
          "passes": [
            "09952110-541f-433f-93d8-5dbb1c011ea7"
          ],
          "failures": [],
          "pending": [],
          "skipped": [],
          "duration": 0,
          "root": false,
          "rootEmpty": false,
          "_timeout": 2000
        }
      ],
      "passes": [],
      "failures": [],
      "pending": [],
      "skipped": [],
      "duration": 0,
      "root": true,
      "rootEmpty": true,
      "_timeout": 2000
    }
  ],
  "meta": {
    "mocha": {
      "version": "7.0.1"
    },
    "mochawesome": {
      "options": {
        "quiet": false,
        "reportFilename": "mochawesome",
        "saveHtml": true,
        "saveJson": true,
        "consoleReporter": "spec",
        "useInlineDiffs": false
      },
      "version": "4.1.0"
    },
    "marge": {
      "options": {
        "reportDir": "./test/report"
      },
      "version": "4.1.0"
    }
  }
}