{
  "stats": {
    "suites": 68,
    "tests": 55,
    "passes": 55,
    "pending": 0,
    "failures": 0,
    "start": "2020-02-01T06:15:50.136Z",
    "end": "2020-02-01T06:15:50.206Z",
    "duration": 70,
    "testsRegistered": 55,
    "passPercent": 100,
    "pendingPercent": 0,
    "other": 0,
    "hasOther": false,
    "skipped": 0,
    "hasSkipped": false
  },
  "results": [
    {
      "uuid": "b70c0fa8-af98-4846-98a2-b4c93cec4c92",
      "title": "",
      "fullFile": "",
      "file": "",
      "beforeHooks": [],
      "afterHooks": [],
      "tests": [],
      "suites": [
        {
          "uuid": "fecdd08f-8b50-47c8-845d-11624ce7c906",
          "title": "Rule",
          "fullFile": "/home/kurtis/Dev/botworx-javascript/packages/miajs/test/src/assert.js",
          "file": "/test/src/assert.js",
          "beforeHooks": [],
          "afterHooks": [],
          "tests": [],
          "suites": [
            {
              "uuid": "0c032fcd-970f-4a74-91f7-8127a8736b76",
              "title": "@fire",
              "fullFile": "/home/kurtis/Dev/botworx-javascript/packages/miajs/test/src/assert.js",
              "file": "/test/src/assert.js",
              "beforeHooks": [],
              "afterHooks": [],
              "tests": [
                {
                  "title": "should work",
                  "fullTitle": "Rule @fire should work",
                  "timedOut": false,
                  "duration": 3,
                  "state": "passed",
                  "speed": "fast",
                  "pass": true,
                  "fail": false,
                  "pending": false,
                  "context": null,
                  "code": "const ctx = new Context();\nconst c1 = new Believe(_Bob, _likes, _Fish);\nctx.add(c1);\nconst c2 = new Believe(_Joe, _likes, _Peas);\nctx.add(c2);\n$$.$(\"All Clauses\");\nfor (let c of Array.from(ctx.clauses)) {\n  $$._(c.toString());\n}\nconst m = new Assert(c1);\n$$.$('Begin Task Execution');\nconst rnr = new Runner();\nrnr.def(new Trigger(Assert, Believe, __, _likes, _Fish), function() {\n  const $x = this.msg.data.subj;\n  return $$._(`${$x} likes Fish`);\n});\nrnr.post(m);\nreturn rnr.run();",
                  "err": {},
                  "uuid": "346e02e5-b915-41fc-8a1c-a50c4aaec98b",
                  "parentUUID": "0c032fcd-970f-4a74-91f7-8127a8736b76",
                  "isHook": false,
                  "skipped": false
                }
              ],
              "suites": [],
              "passes": [
                "346e02e5-b915-41fc-8a1c-a50c4aaec98b"
              ],
              "failures": [],
              "pending": [],
              "skipped": [],
              "duration": 3,
              "root": false,
              "rootEmpty": false,
              "_timeout": 2000
            }
          ],
          "passes": [],
          "failures": [],
          "pending": [],
          "skipped": [],
          "duration": 0,
          "root": false,
          "rootEmpty": false,
          "_timeout": 2000
        },
        {
          "uuid": "5273c6ce-d8f2-4c48-91eb-e1d0479feebe",
          "title": "Async",
          "fullFile": "/home/kurtis/Dev/botworx-javascript/packages/miajs/test/src/async.js",
          "file": "/test/src/async.js",
          "beforeHooks": [
            {
              "title": "\"before each\" hook",
              "fullTitle": "Async \"before each\" hook",
              "timedOut": false,
              "duration": 7,
              "state": null,
              "speed": null,
              "pass": false,
              "fail": false,
              "pending": false,
              "context": null,
              "code": "this.pushLogger();\nreturn this.$('Baba');",
              "err": {},
              "uuid": "980deb3f-fc6f-42b4-adae-cb3d1c5a0744",
              "parentUUID": "5273c6ce-d8f2-4c48-91eb-e1d0479feebe",
              "isHook": true,
              "skipped": false
            }
          ],
          "afterHooks": [
            {
              "title": "\"after each\" hook",
              "fullTitle": "Async \"after each\" hook",
              "timedOut": false,
              "duration": 0,
              "state": null,
              "speed": null,
              "pass": false,
              "fail": false,
              "pending": false,
              "context": null,
              "code": "this.$('Yaga');\nreturn this.popLogger();",
              "err": {},
              "uuid": "32c43327-a89b-4f19-b2cd-8f63138891f1",
              "parentUUID": "5273c6ce-d8f2-4c48-91eb-e1d0479feebe",
              "isHook": true,
              "skipped": false
            }
          ],
          "tests": [],
          "suites": [
            {
              "uuid": "133956ed-58d0-459f-813e-4b6620fd1908",
              "title": "@call",
              "fullFile": "/home/kurtis/Dev/botworx-javascript/packages/miajs/test/src/async.js",
              "file": "/test/src/async.js",
              "beforeHooks": [],
              "afterHooks": [],
              "tests": [
                {
                  "title": "should work",
                  "fullTitle": "Async @call should work",
                  "timedOut": false,
                  "duration": 1,
                  "state": "passed",
                  "speed": "fast",
                  "pass": true,
                  "fail": false,
                  "pending": false,
                  "context": null,
                  "code": "runner_().run(t1)",
                  "err": {},
                  "uuid": "e68fbcdc-a67f-451c-97d4-346e6ae0fcfd",
                  "parentUUID": "133956ed-58d0-459f-813e-4b6620fd1908",
                  "isHook": false,
                  "skipped": false
                }
              ],
              "suites": [],
              "passes": [
                "e68fbcdc-a67f-451c-97d4-346e6ae0fcfd"
              ],
              "failures": [],
              "pending": [],
              "skipped": [],
              "duration": 1,
              "root": false,
              "rootEmpty": false,
              "_timeout": 2000
            }
          ],
          "passes": [],
          "failures": [],
          "pending": [],
          "skipped": [],
          "duration": 0,
          "root": false,
          "rootEmpty": false,
          "_timeout": 2000
        },
        {
          "uuid": "a8ddc567-e56c-44c8-9678-c1bbdbd70211",
          "title": "Attempt",
          "fullFile": "/home/kurtis/Dev/botworx-javascript/packages/miajs/test/src/attempt.js",
          "file": "/test/src/attempt.js",
          "beforeHooks": [],
          "afterHooks": [],
          "tests": [
            {
              "title": "should work",
              "fullTitle": "Attempt should work",
              "timedOut": false,
              "duration": 1,
              "state": "passed",
              "speed": "fast",
              "pass": true,
              "fail": false,
              "pending": false,
              "context": null,
              "code": "const ctx = new Context();\nconst c1 = new Believe(_Bob, _likes, _Fish);\nctx.add(c1);\nconst c2 = new Believe(_Joe, _likes, _Peas);\nctx.add(c2);\n$$.$(\"All Clauses\");\nfor (let c of Array.from(ctx.clauses)) {\n  $$._(c.toString());\n}\nconst m = new Attempt(new Achieve(_Bob, _get, _Fish));\n$$.$('Begin Task Execution');\nconst rnr = new Runner();\nrnr.def(new Trigger(Attempt, Achieve, __, _get, _Fish), function() {\n  const $x = this.msg.data.subj;\n  return $$._(`${$x} getting Fish`);\n});\nrnr.post(m);\nreturn rnr.run();",
              "err": {},
              "uuid": "f53b3cda-5a2c-4b18-9bca-ba32eb17fe3c",
              "parentUUID": "a8ddc567-e56c-44c8-9678-c1bbdbd70211",
              "isHook": false,
              "skipped": false
            }
          ],
          "suites": [],
          "passes": [
            "f53b3cda-5a2c-4b18-9bca-ba32eb17fe3c"
          ],
          "failures": [],
          "pending": [],
          "skipped": [],
          "duration": 1,
          "root": false,
          "rootEmpty": false,
          "_timeout": 2000
        },
        {
          "uuid": "89db9d74-cf25-487f-bdb2-70e23dd08e69",
          "title": "Await",
          "fullFile": "/home/kurtis/Dev/botworx-javascript/packages/miajs/test/src/await.js",
          "file": "/test/src/await.js",
          "beforeHooks": [
            {
              "title": "\"before each\" hook",
              "fullTitle": "Await \"before each\" hook",
              "timedOut": false,
              "duration": 1,
              "state": null,
              "speed": null,
              "pass": false,
              "fail": false,
              "pending": false,
              "context": null,
              "code": "this.pushLogger();\nreturn this.$('Baba');",
              "err": {},
              "uuid": "71377039-1cbe-45db-8d60-61e3b053adc9",
              "parentUUID": "89db9d74-cf25-487f-bdb2-70e23dd08e69",
              "isHook": true,
              "skipped": false
            }
          ],
          "afterHooks": [
            {
              "title": "\"after each\" hook",
              "fullTitle": "Await \"after each\" hook",
              "timedOut": false,
              "duration": 0,
              "state": null,
              "speed": null,
              "pass": false,
              "fail": false,
              "pending": false,
              "context": null,
              "code": "this.$('Yaga');\nreturn this.popLogger();",
              "err": {},
              "uuid": "b1db9723-e29f-45f1-9c19-cc332610a3b4",
              "parentUUID": "89db9d74-cf25-487f-bdb2-70e23dd08e69",
              "isHook": true,
              "skipped": false
            }
          ],
          "tests": [
            {
              "title": "should work",
              "fullTitle": "Await should work",
              "timedOut": false,
              "duration": 0,
              "state": "passed",
              "speed": "fast",
              "pass": true,
              "fail": false,
              "pending": false,
              "context": null,
              "code": "const bar = async () => console.log(await foo());\nreturn bar;",
              "err": {},
              "uuid": "3665fff5-2a16-48f7-8326-76e3427eb04b",
              "parentUUID": "89db9d74-cf25-487f-bdb2-70e23dd08e69",
              "isHook": false,
              "skipped": false
            },
            {
              "title": "should work also",
              "fullTitle": "Await should work also",
              "timedOut": false,
              "duration": 0,
              "state": "passed",
              "speed": "fast",
              "pass": true,
              "fail": false,
              "pending": false,
              "context": null,
              "code": "const bar = async () => console.log(await foo2());\nreturn bar;",
              "err": {},
              "uuid": "cf6d9747-c719-47f7-965b-a937af9b9e38",
              "parentUUID": "89db9d74-cf25-487f-bdb2-70e23dd08e69",
              "isHook": false,
              "skipped": false
            }
          ],
          "suites": [],
          "passes": [
            "3665fff5-2a16-48f7-8326-76e3427eb04b",
            "cf6d9747-c719-47f7-965b-a937af9b9e38"
          ],
          "failures": [],
          "pending": [],
          "skipped": [],
          "duration": 0,
          "root": false,
          "rootEmpty": false,
          "_timeout": 2000
        },
        {
          "uuid": "3acb3e65-0248-4c62-b866-9432bb86a11b",
          "title": "Task",
          "fullFile": "/home/kurtis/Dev/botworx-javascript/packages/miajs/test/src/call.js",
          "file": "/test/src/call.js",
          "beforeHooks": [
            {
              "title": "\"before each\" hook",
              "fullTitle": "Task \"before each\" hook",
              "timedOut": false,
              "duration": 0,
              "state": null,
              "speed": null,
              "pass": false,
              "fail": false,
              "pending": false,
              "context": null,
              "code": "this.pushLogger();\nreturn this.$('Baba');",
              "err": {},
              "uuid": "f0603cc8-07d2-45e9-bf98-55856806336f",
              "parentUUID": "3acb3e65-0248-4c62-b866-9432bb86a11b",
              "isHook": true,
              "skipped": false
            }
          ],
          "afterHooks": [
            {
              "title": "\"after each\" hook",
              "fullTitle": "Task \"after each\" hook",
              "timedOut": false,
              "duration": 0,
              "state": null,
              "speed": null,
              "pass": false,
              "fail": false,
              "pending": false,
              "context": null,
              "code": "this.$('Yaga');\nreturn this.popLogger();",
              "err": {},
              "uuid": "349b8df4-d708-43ce-a02d-298725a80e73",
              "parentUUID": "3acb3e65-0248-4c62-b866-9432bb86a11b",
              "isHook": true,
              "skipped": false
            }
          ],
          "tests": [],
          "suites": [
            {
              "uuid": "661e5847-5903-4860-af63-a766c3a3a991",
              "title": "@call",
              "fullFile": "/home/kurtis/Dev/botworx-javascript/packages/miajs/test/src/call.js",
              "file": "/test/src/call.js",
              "beforeHooks": [],
              "afterHooks": [],
              "tests": [
                {
                  "title": "should work",
                  "fullTitle": "Task @call should work",
                  "timedOut": false,
                  "duration": 2,
                  "state": "passed",
                  "speed": "fast",
                  "pass": true,
                  "fail": false,
                  "pending": false,
                  "context": null,
                  "code": "runner_().run(t1)",
                  "err": {},
                  "uuid": "229aed18-be20-4bbe-905f-c98c4bd9cfc4",
                  "parentUUID": "661e5847-5903-4860-af63-a766c3a3a991",
                  "isHook": false,
                  "skipped": false
                }
              ],
              "suites": [],
              "passes": [
                "229aed18-be20-4bbe-905f-c98c4bd9cfc4"
              ],
              "failures": [],
              "pending": [],
              "skipped": [],
              "duration": 2,
              "root": false,
              "rootEmpty": false,
              "_timeout": 2000
            }
          ],
          "passes": [],
          "failures": [],
          "pending": [],
          "skipped": [],
          "duration": 0,
          "root": false,
          "rootEmpty": false,
          "_timeout": 2000
        },
        {
          "uuid": "0a3982ce-ab1f-46d9-9bea-61d4a0a782e7",
          "title": "Task",
          "fullFile": "/home/kurtis/Dev/botworx-javascript/packages/miajs/test/src/chain.js",
          "file": "/test/src/chain.js",
          "beforeHooks": [],
          "afterHooks": [],
          "tests": [],
          "suites": [
            {
              "uuid": "51227b43-6148-4fa7-a2e8-7a909788a52e",
              "title": "@chain",
              "fullFile": "/home/kurtis/Dev/botworx-javascript/packages/miajs/test/src/chain.js",
              "file": "/test/src/chain.js",
              "beforeHooks": [],
              "afterHooks": [],
              "tests": [
                {
                  "title": "should work",
                  "fullTitle": "Task @chain should work",
                  "timedOut": false,
                  "duration": 1,
                  "state": "passed",
                  "speed": "fast",
                  "pass": true,
                  "fail": false,
                  "pending": false,
                  "context": null,
                  "code": "runner_().run(t1)",
                  "err": {},
                  "uuid": "aefd9082-fbfd-44b4-9503-25f359376b19",
                  "parentUUID": "51227b43-6148-4fa7-a2e8-7a909788a52e",
                  "isHook": false,
                  "skipped": false
                }
              ],
              "suites": [],
              "passes": [
                "aefd9082-fbfd-44b4-9503-25f359376b19"
              ],
              "failures": [],
              "pending": [],
              "skipped": [],
              "duration": 1,
              "root": false,
              "rootEmpty": false,
              "_timeout": 2000
            }
          ],
          "passes": [],
          "failures": [],
          "pending": [],
          "skipped": [],
          "duration": 0,
          "root": false,
          "rootEmpty": false,
          "_timeout": 2000
        },
        {
          "uuid": "69f45e3b-6a80-4735-ae3d-427d9b6e998b",
          "title": "Config",
          "fullFile": "/home/kurtis/Dev/botworx-javascript/packages/miajs/test/src/config.js",
          "file": "/test/src/config.js",
          "beforeHooks": [],
          "afterHooks": [],
          "tests": [
            {
              "title": "should work",
              "fullTitle": "Config should work",
              "timedOut": false,
              "duration": 1,
              "state": "passed",
              "speed": "fast",
              "pass": true,
              "fail": false,
              "pending": false,
              "context": null,
              "code": "$$.$('Config Results');\n$$._(config());\n$$.$('Environment');\nreturn $$._(process.env);",
              "err": {},
              "uuid": "09cef1fc-cbcd-4057-9c53-9abc00084ca0",
              "parentUUID": "69f45e3b-6a80-4735-ae3d-427d9b6e998b",
              "isHook": false,
              "skipped": false
            }
          ],
          "suites": [],
          "passes": [
            "09cef1fc-cbcd-4057-9c53-9abc00084ca0"
          ],
          "failures": [],
          "pending": [],
          "skipped": [],
          "duration": 1,
          "root": false,
          "rootEmpty": false,
          "_timeout": 2000
        },
        {
          "uuid": "b547f394-ef08-4ec3-acdb-21bf8b2b48b0",
          "title": "Context",
          "fullFile": "/home/kurtis/Dev/botworx-javascript/packages/miajs/test/src/context.js",
          "file": "/test/src/context.js",
          "beforeHooks": [],
          "afterHooks": [],
          "tests": [],
          "suites": [
            {
              "uuid": "9c53dc36-c350-4785-b54a-abc413db580f",
              "title": "@find",
              "fullFile": "/home/kurtis/Dev/botworx-javascript/packages/miajs/test/src/context.js",
              "file": "/test/src/context.js",
              "beforeHooks": [],
              "afterHooks": [],
              "tests": [
                {
                  "title": "should work",
                  "fullTitle": "Context @find should work",
                  "timedOut": false,
                  "duration": 0,
                  "state": "passed",
                  "speed": "fast",
                  "pass": true,
                  "fail": false,
                  "pending": false,
                  "context": null,
                  "code": "let r = ctx.find(Believe, _Bob, _likes, _Fish);\n$$.$(\"Bob, likes, Fish\");\n$$._(r.toString());\nr = ctx.find(Believe, __, _likes, _Fish);\n$$.$(\"_, likes, Fish\");\n$$._(r.toString());\nr = ctx.find(Believe, __, _likes, __);\n$$.$(\"_, likes, _\");\nreturn $$._(r.toString());",
                  "err": {},
                  "uuid": "dad22945-7bbd-4acb-b2e4-8d08846b7cae",
                  "parentUUID": "9c53dc36-c350-4785-b54a-abc413db580f",
                  "isHook": false,
                  "skipped": false
                }
              ],
              "suites": [],
              "passes": [
                "dad22945-7bbd-4acb-b2e4-8d08846b7cae"
              ],
              "failures": [],
              "pending": [],
              "skipped": [],
              "duration": 0,
              "root": false,
              "rootEmpty": false,
              "_timeout": 2000
            },
            {
              "uuid": "a5a7158c-9b54-4c76-90de-b77c035fefc7",
              "title": "@match",
              "fullFile": "/home/kurtis/Dev/botworx-javascript/packages/miajs/test/src/context.js",
              "file": "/test/src/context.js",
              "beforeHooks": [],
              "afterHooks": [],
              "tests": [
                {
                  "title": "should work",
                  "fullTitle": "Context @match should work",
                  "timedOut": false,
                  "duration": 0,
                  "state": "passed",
                  "speed": "fast",
                  "pass": true,
                  "fail": false,
                  "pending": false,
                  "context": null,
                  "code": "const matches = ctx.match(Believe, _Bob, _likes, _Fish);\n$$.$(\"Bob, likes, Fish\");\nreturn Array.from(matches).map((r) =>\n  $$._(r.toString()));",
                  "err": {},
                  "uuid": "15633586-811d-4806-ab7e-7ca3cb3312fd",
                  "parentUUID": "a5a7158c-9b54-4c76-90de-b77c035fefc7",
                  "isHook": false,
                  "skipped": false
                },
                {
                  "title": "should work",
                  "fullTitle": "Context @match should work",
                  "timedOut": false,
                  "duration": 0,
                  "state": "passed",
                  "speed": "fast",
                  "pass": true,
                  "fail": false,
                  "pending": false,
                  "context": null,
                  "code": "const matches = ctx.match(Believe, __, _likes, __);\n$$.$(\"ctx.match(__, _likes, __)\");\nreturn Array.from(matches).map((r) =>\n  $$._(r.toString()));",
                  "err": {},
                  "uuid": "8d30c20a-5aa7-4f4b-94df-683cf2a0e7d6",
                  "parentUUID": "a5a7158c-9b54-4c76-90de-b77c035fefc7",
                  "isHook": false,
                  "skipped": false
                }
              ],
              "suites": [],
              "passes": [
                "15633586-811d-4806-ab7e-7ca3cb3312fd",
                "8d30c20a-5aa7-4f4b-94df-683cf2a0e7d6"
              ],
              "failures": [],
              "pending": [],
              "skipped": [],
              "duration": 0,
              "root": false,
              "rootEmpty": false,
              "_timeout": 2000
            },
            {
              "uuid": "a143a3e2-a6ca-4e10-95c6-d635e84e012b",
              "title": "@iterator",
              "fullFile": "/home/kurtis/Dev/botworx-javascript/packages/miajs/test/src/context.js",
              "file": "/test/src/context.js",
              "beforeHooks": [],
              "afterHooks": [],
              "tests": [
                {
                  "title": "should work",
                  "fullTitle": "Context @iterator should work",
                  "timedOut": false,
                  "duration": 0,
                  "state": "passed",
                  "speed": "fast",
                  "pass": true,
                  "fail": false,
                  "pending": false,
                  "context": null,
                  "code": "//ctx.forEach (c) -> $$._ c\n  (() => {\n    const result = [];\n    for (c of ctx) {\n      result.push($$._(c));\n    }\n    return result;\n  })()",
                  "err": {},
                  "uuid": "f1f5054e-ab69-4beb-a81e-2a5c42af0783",
                  "parentUUID": "a143a3e2-a6ca-4e10-95c6-d635e84e012b",
                  "isHook": false,
                  "skipped": false
                }
              ],
              "suites": [],
              "passes": [
                "f1f5054e-ab69-4beb-a81e-2a5c42af0783"
              ],
              "failures": [],
              "pending": [],
              "skipped": [],
              "duration": 0,
              "root": false,
              "rootEmpty": false,
              "_timeout": 2000
            }
          ],
          "passes": [],
          "failures": [],
          "pending": [],
          "skipped": [],
          "duration": 0,
          "root": false,
          "rootEmpty": false,
          "_timeout": 2000
        },
        {
          "uuid": "7b069aac-a3d2-4b76-8e47-618a1e842e09",
          "title": "Method",
          "fullFile": "/home/kurtis/Dev/botworx-javascript/packages/miajs/test/src/count.js",
          "file": "/test/src/count.js",
          "beforeHooks": [],
          "afterHooks": [],
          "tests": [],
          "suites": [
            {
              "uuid": "d4e45289-9ef8-4523-ac68-3d4542f6a5ce",
              "title": "@counter",
              "fullFile": "/home/kurtis/Dev/botworx-javascript/packages/miajs/test/src/count.js",
              "file": "/test/src/count.js",
              "beforeHooks": [],
              "afterHooks": [],
              "tests": [
                {
                  "title": "should work",
                  "fullTitle": "Method @counter should work",
                  "timedOut": false,
                  "duration": 2,
                  "state": "passed",
                  "speed": "fast",
                  "pass": true,
                  "fail": false,
                  "pending": false,
                  "context": null,
                  "code": "runner_().run(t1)",
                  "err": {},
                  "uuid": "ed828374-f1fc-4739-bc65-0f164f395566",
                  "parentUUID": "d4e45289-9ef8-4523-ac68-3d4542f6a5ce",
                  "isHook": false,
                  "skipped": false
                }
              ],
              "suites": [],
              "passes": [
                "ed828374-f1fc-4739-bc65-0f164f395566"
              ],
              "failures": [],
              "pending": [],
              "skipped": [],
              "duration": 2,
              "root": false,
              "rootEmpty": false,
              "_timeout": 2000
            }
          ],
          "passes": [],
          "failures": [],
          "pending": [],
          "skipped": [],
          "duration": 0,
          "root": false,
          "rootEmpty": false,
          "_timeout": 2000
        },
        {
          "uuid": "663931c0-7a24-49ec-9695-aa7917e72b84",
          "title": "Sequence",
          "fullFile": "/home/kurtis/Dev/botworx-javascript/packages/miajs/test/src/dsl.js",
          "file": "/test/src/dsl.js",
          "beforeHooks": [],
          "afterHooks": [],
          "tests": [],
          "suites": [
            {
              "uuid": "4c3d8e25-3eb7-4deb-a05e-23a2889d3c07",
              "title": "@action",
              "fullFile": "/home/kurtis/Dev/botworx-javascript/packages/miajs/test/src/dsl.js",
              "file": "/test/src/dsl.js",
              "beforeHooks": [],
              "afterHooks": [],
              "tests": [
                {
                  "title": "should work",
                  "fullTitle": "Sequence @action should work",
                  "timedOut": false,
                  "duration": 1,
                  "state": "passed",
                  "speed": "fast",
                  "pass": true,
                  "fail": false,
                  "pending": false,
                  "context": null,
                  "code": "runner_().run(s1)",
                  "err": {},
                  "uuid": "51264cb1-d9e8-41ef-906c-66649e8b1cca",
                  "parentUUID": "4c3d8e25-3eb7-4deb-a05e-23a2889d3c07",
                  "isHook": false,
                  "skipped": false
                }
              ],
              "suites": [],
              "passes": [
                "51264cb1-d9e8-41ef-906c-66649e8b1cca"
              ],
              "failures": [],
              "pending": [],
              "skipped": [],
              "duration": 1,
              "root": false,
              "rootEmpty": false,
              "_timeout": 2000
            }
          ],
          "passes": [],
          "failures": [],
          "pending": [],
          "skipped": [],
          "duration": 0,
          "root": false,
          "rootEmpty": false,
          "_timeout": 2000
        },
        {
          "uuid": "be2ac3d5-0188-4e2f-b205-41d79361f64d",
          "title": "Task",
          "fullFile": "/home/kurtis/Dev/botworx-javascript/packages/miajs/test/src/hello.js",
          "file": "/test/src/hello.js",
          "beforeHooks": [],
          "afterHooks": [],
          "tests": [],
          "suites": [
            {
              "uuid": "35bdbe24-5f02-4095-ba71-2b4b2436708e",
              "title": "@perform",
              "fullFile": "/home/kurtis/Dev/botworx-javascript/packages/miajs/test/src/hello.js",
              "file": "/test/src/hello.js",
              "beforeHooks": [],
              "afterHooks": [],
              "tests": [
                {
                  "title": "should work",
                  "fullTitle": "Task @perform should work",
                  "timedOut": false,
                  "duration": 1,
                  "state": "passed",
                  "speed": "fast",
                  "pass": true,
                  "fail": false,
                  "pending": false,
                  "context": null,
                  "code": "const action = function() {\n  this.def(onAttempt(Achieve, null, _hello, null), function() {\n    this.def(onAttempt(Achieve, null, _say, __), function() {\n      const $t = this.msg.data.obj;\n      return $$.log($t);\n    });\n    this.perform(null, _say, \"Hello World\");\n    return this.perform(null, _say, \"Goodbye World\");\n  });\n  return this.perform(null, _hello, null);\n};\nreturn runner_().run(module_(action));",
                  "err": {},
                  "uuid": "e95ff72f-ab14-4df6-87e3-e15228090761",
                  "parentUUID": "35bdbe24-5f02-4095-ba71-2b4b2436708e",
                  "isHook": false,
                  "skipped": false
                }
              ],
              "suites": [],
              "passes": [
                "e95ff72f-ab14-4df6-87e3-e15228090761"
              ],
              "failures": [],
              "pending": [],
              "skipped": [],
              "duration": 1,
              "root": false,
              "rootEmpty": false,
              "_timeout": 2000
            }
          ],
          "passes": [],
          "failures": [],
          "pending": [],
          "skipped": [],
          "duration": 0,
          "root": false,
          "rootEmpty": false,
          "_timeout": 2000
        },
        {
          "uuid": "c2db80f9-c7ed-41d9-8ae8-094efaec4c2c",
          "title": "Task",
          "fullFile": "/home/kurtis/Dev/botworx-javascript/packages/miajs/test/src/import.js",
          "file": "/test/src/import.js",
          "beforeHooks": [],
          "afterHooks": [],
          "tests": [],
          "suites": [
            {
              "uuid": "cbefa4e7-9945-4c82-8a60-01ca1153ce05",
              "title": "@import",
              "fullFile": "/home/kurtis/Dev/botworx-javascript/packages/miajs/test/src/import.js",
              "file": "/test/src/import.js",
              "beforeHooks": [],
              "afterHooks": [],
              "tests": [
                {
                  "title": "should work",
                  "fullTitle": "Task @import should work",
                  "timedOut": false,
                  "duration": 1,
                  "state": "passed",
                  "speed": "fast",
                  "pass": true,
                  "fail": false,
                  "pending": false,
                  "context": null,
                  "code": "runner_().run(module_(function() {\n  this.import(require, './cleavers');\n  $$.$(\"All Clauses\");\n  return $$._(_$(this.rnr.ctx.clauses));\n})",
                  "err": {},
                  "uuid": "e4462b83-1508-4eab-a24b-29b52c35bae7",
                  "parentUUID": "cbefa4e7-9945-4c82-8a60-01ca1153ce05",
                  "isHook": false,
                  "skipped": false
                }
              ],
              "suites": [],
              "passes": [
                "e4462b83-1508-4eab-a24b-29b52c35bae7"
              ],
              "failures": [],
              "pending": [],
              "skipped": [],
              "duration": 1,
              "root": false,
              "rootEmpty": false,
              "_timeout": 2000
            }
          ],
          "passes": [],
          "failures": [],
          "pending": [],
          "skipped": [],
          "duration": 0,
          "root": false,
          "rootEmpty": false,
          "_timeout": 2000
        },
        {
          "uuid": "d6049d0f-73df-40ba-8e9c-4825d8c70eda",
          "title": "TIterable",
          "fullFile": "/home/kurtis/Dev/botworx-javascript/packages/miajs/test/src/iterable.js",
          "file": "/test/src/iterable.js",
          "beforeHooks": [],
          "afterHooks": [],
          "tests": [
            {
              "title": "should work",
              "fullTitle": "TIterable should work",
              "timedOut": false,
              "duration": 1,
              "state": "passed",
              "speed": "fast",
              "pass": true,
              "fail": false,
              "pending": false,
              "context": null,
              "code": "class A {\n  static initClass() {\n    this.iterator(function*() {\n      yield 'a';\n      return yield 'b';\n    });\n  }\n}\nA.initClass();\nclass B extends A {\n  static initClass() {\n    this.TIterable();\n  }\n  *iterator() {\n    yield* super.iterator();\n    return yield 'c';\n  }\n}\nB.initClass();\nconst b = new B();\nreturn Array.from(b).map((l) =>\n  $$._(l));",
              "err": {},
              "uuid": "c3f3849f-ad14-485d-baec-da4e8876a322",
              "parentUUID": "d6049d0f-73df-40ba-8e9c-4825d8c70eda",
              "isHook": false,
              "skipped": false
            }
          ],
          "suites": [],
          "passes": [
            "c3f3849f-ad14-485d-baec-da4e8876a322"
          ],
          "failures": [],
          "pending": [],
          "skipped": [],
          "duration": 1,
          "root": false,
          "rootEmpty": false,
          "_timeout": 2000
        },
        {
          "uuid": "41e510e7-10d5-4e45-a360-3f9d14fb870a",
          "title": "Loop",
          "fullFile": "/home/kurtis/Dev/botworx-javascript/packages/miajs/test/src/loop.js",
          "file": "/test/src/loop.js",
          "beforeHooks": [],
          "afterHooks": [],
          "tests": [],
          "suites": [
            {
              "uuid": "8ed7e68a-046f-42d3-9807-e94d6b0b0609",
              "title": "@action",
              "fullFile": "/home/kurtis/Dev/botworx-javascript/packages/miajs/test/src/loop.js",
              "file": "/test/src/loop.js",
              "beforeHooks": [],
              "afterHooks": [],
              "tests": [
                {
                  "title": "should work",
                  "fullTitle": "Loop @action should work",
                  "timedOut": false,
                  "duration": 2,
                  "state": "passed",
                  "speed": "fast",
                  "pass": true,
                  "fail": false,
                  "pending": false,
                  "context": null,
                  "code": "const t1 = method_(function() {\n  return this.loop(function() {\n    return this.task(function() {\n      $$._(\"Hello\");\n      this.count = 10;\n      return this.main = function() {\n        $$._(this.count--);\n        if(this.count <= 0) {\n          $$._('Inner');\n          return this.fail();\n        }\n      };}).task(() => $$._(\"Loop\"));\n  });\n});\nreturn runner_().run(t1);",
                  "err": {},
                  "uuid": "429f91c4-1340-4a85-9bf5-48973caf5296",
                  "parentUUID": "8ed7e68a-046f-42d3-9807-e94d6b0b0609",
                  "isHook": false,
                  "skipped": false
                }
              ],
              "suites": [],
              "passes": [
                "429f91c4-1340-4a85-9bf5-48973caf5296"
              ],
              "failures": [],
              "pending": [],
              "skipped": [],
              "duration": 2,
              "root": false,
              "rootEmpty": false,
              "_timeout": 2000
            }
          ],
          "passes": [],
          "failures": [],
          "pending": [],
          "skipped": [],
          "duration": 0,
          "root": false,
          "rootEmpty": false,
          "_timeout": 2000
        },
        {
          "uuid": "131dd217-61f6-4f1d-bfa0-b2084271060d",
          "title": "Matching",
          "fullFile": "/home/kurtis/Dev/botworx-javascript/packages/miajs/test/src/match.js",
          "file": "/test/src/match.js",
          "beforeHooks": [],
          "afterHooks": [],
          "tests": [],
          "suites": [
            {
              "uuid": "139526bb-f806-42e9-8d66-b3e61c976da8",
              "title": "Values",
              "fullFile": "/home/kurtis/Dev/botworx-javascript/packages/miajs/test/src/match.js",
              "file": "/test/src/match.js",
              "beforeHooks": [],
              "afterHooks": [],
              "tests": [
                {
                  "title": "match __, null",
                  "fullTitle": "Matching Values match __, null",
                  "timedOut": false,
                  "duration": 1,
                  "state": "passed",
                  "speed": "fast",
                  "pass": true,
                  "fail": false,
                  "pending": false,
                  "context": null,
                  "code": "expect(match(__, null)).to.be.true",
                  "err": {},
                  "uuid": "a291e045-1633-4a0c-a2c9-a932b5428b78",
                  "parentUUID": "139526bb-f806-42e9-8d66-b3e61c976da8",
                  "isHook": false,
                  "skipped": false
                },
                {
                  "title": "match null, null",
                  "fullTitle": "Matching Values match null, null",
                  "timedOut": false,
                  "duration": 0,
                  "state": "passed",
                  "speed": "fast",
                  "pass": true,
                  "fail": false,
                  "pending": false,
                  "context": null,
                  "code": "expect(match(null, null)).to.be.true",
                  "err": {},
                  "uuid": "2fe48260-67a3-468b-a677-2a0d4d28b460",
                  "parentUUID": "139526bb-f806-42e9-8d66-b3e61c976da8",
                  "isHook": false,
                  "skipped": false
                },
                {
                  "title": "match null, 'hello'",
                  "fullTitle": "Matching Values match null, 'hello'",
                  "timedOut": false,
                  "duration": 0,
                  "state": "passed",
                  "speed": "fast",
                  "pass": true,
                  "fail": false,
                  "pending": false,
                  "context": null,
                  "code": "expect(match(null, 'hello')).to.be.false",
                  "err": {},
                  "uuid": "342174cf-4557-4fa1-bc70-756c8f9865f2",
                  "parentUUID": "139526bb-f806-42e9-8d66-b3e61c976da8",
                  "isHook": false,
                  "skipped": false
                },
                {
                  "title": "match 'hello', 'hello'",
                  "fullTitle": "Matching Values match 'hello', 'hello'",
                  "timedOut": false,
                  "duration": 0,
                  "state": "passed",
                  "speed": "fast",
                  "pass": true,
                  "fail": false,
                  "pending": false,
                  "context": null,
                  "code": "expect(match('hello', 'hello')).to.be.true",
                  "err": {},
                  "uuid": "c74cbc9f-3956-4d32-ba3f-913e4c028e1a",
                  "parentUUID": "139526bb-f806-42e9-8d66-b3e61c976da8",
                  "isHook": false,
                  "skipped": false
                },
                {
                  "title": "match 'hello', 'goodbye'",
                  "fullTitle": "Matching Values match 'hello', 'goodbye'",
                  "timedOut": false,
                  "duration": 0,
                  "state": "passed",
                  "speed": "fast",
                  "pass": true,
                  "fail": false,
                  "pending": false,
                  "context": null,
                  "code": "expect(match('hello', 'goodbye')).to.be.false",
                  "err": {},
                  "uuid": "945d91a3-58a5-486a-9739-4eac7aecb62d",
                  "parentUUID": "139526bb-f806-42e9-8d66-b3e61c976da8",
                  "isHook": false,
                  "skipped": false
                },
                {
                  "title": "match ((x) -> x == 10), 10",
                  "fullTitle": "Matching Values match ((x) -> x == 10), 10",
                  "timedOut": false,
                  "duration": 1,
                  "state": "passed",
                  "speed": "fast",
                  "pass": true,
                  "fail": false,
                  "pending": false,
                  "context": null,
                  "code": "expect(match((x => x === 10), 10)).to.be.true",
                  "err": {},
                  "uuid": "93ea137e-6de0-4a26-afb3-7343aaf3b430",
                  "parentUUID": "139526bb-f806-42e9-8d66-b3e61c976da8",
                  "isHook": false,
                  "skipped": false
                },
                {
                  "title": "match ((x) -> x == 10), 20",
                  "fullTitle": "Matching Values match ((x) -> x == 10), 20",
                  "timedOut": false,
                  "duration": 0,
                  "state": "passed",
                  "speed": "fast",
                  "pass": true,
                  "fail": false,
                  "pending": false,
                  "context": null,
                  "code": "expect(match((x => x === 10), 20)).to.be.false",
                  "err": {},
                  "uuid": "75ebe588-ad7c-46e6-9880-eb9b0ca81869",
                  "parentUUID": "139526bb-f806-42e9-8d66-b3e61c976da8",
                  "isHook": false,
                  "skipped": false
                },
                {
                  "title": "match ((x) -> x > 10), 20",
                  "fullTitle": "Matching Values match ((x) -> x > 10), 20",
                  "timedOut": false,
                  "duration": 0,
                  "state": "passed",
                  "speed": "fast",
                  "pass": true,
                  "fail": false,
                  "pending": false,
                  "context": null,
                  "code": "expect(match((x => x > 10), 20)).to.be.true",
                  "err": {},
                  "uuid": "f49c8a0e-4e8d-4f90-9fc8-8606c97c81d6",
                  "parentUUID": "139526bb-f806-42e9-8d66-b3e61c976da8",
                  "isHook": false,
                  "skipped": false
                }
              ],
              "suites": [],
              "passes": [
                "a291e045-1633-4a0c-a2c9-a932b5428b78",
                "2fe48260-67a3-468b-a677-2a0d4d28b460",
                "342174cf-4557-4fa1-bc70-756c8f9865f2",
                "c74cbc9f-3956-4d32-ba3f-913e4c028e1a",
                "945d91a3-58a5-486a-9739-4eac7aecb62d",
                "93ea137e-6de0-4a26-afb3-7343aaf3b430",
                "75ebe588-ad7c-46e6-9880-eb9b0ca81869",
                "f49c8a0e-4e8d-4f90-9fc8-8606c97c81d6"
              ],
              "failures": [],
              "pending": [],
              "skipped": [],
              "duration": 2,
              "root": false,
              "rootEmpty": false,
              "_timeout": 2000
            },
            {
              "uuid": "4b798dc1-dffe-42ae-98e5-28d9566368b3",
              "title": "Regular Expressions",
              "fullFile": "/home/kurtis/Dev/botworx-javascript/packages/miajs/test/src/match.js",
              "file": "/test/src/match.js",
              "beforeHooks": [],
              "afterHooks": [],
              "tests": [
                {
                  "title": "match(re, 'test.js')",
                  "fullTitle": "Matching Regular Expressions match(re, 'test.js')",
                  "timedOut": false,
                  "duration": 0,
                  "state": "passed",
                  "speed": "fast",
                  "pass": true,
                  "fail": false,
                  "pending": false,
                  "context": null,
                  "code": "expect(match(re, 'test.js')).to.be.true",
                  "err": {},
                  "uuid": "8470a50f-5bfd-45ac-99dc-a367c8a6136a",
                  "parentUUID": "4b798dc1-dffe-42ae-98e5-28d9566368b3",
                  "isHook": false,
                  "skipped": false
                },
                {
                  "title": "match(re, 'test.txt')",
                  "fullTitle": "Matching Regular Expressions match(re, 'test.txt')",
                  "timedOut": false,
                  "duration": 0,
                  "state": "passed",
                  "speed": "fast",
                  "pass": true,
                  "fail": false,
                  "pending": false,
                  "context": null,
                  "code": "expect(match(re, 'test.txt')).to.be.false",
                  "err": {},
                  "uuid": "380330df-9211-4323-bb5d-63746b4948fa",
                  "parentUUID": "4b798dc1-dffe-42ae-98e5-28d9566368b3",
                  "isHook": false,
                  "skipped": false
                }
              ],
              "suites": [],
              "passes": [
                "8470a50f-5bfd-45ac-99dc-a367c8a6136a",
                "380330df-9211-4323-bb5d-63746b4948fa"
              ],
              "failures": [],
              "pending": [],
              "skipped": [],
              "duration": 0,
              "root": false,
              "rootEmpty": false,
              "_timeout": 2000
            },
            {
              "uuid": "0de23b52-2b5c-4385-8e2d-9155fb4bd4f7",
              "title": "Variable Binding",
              "fullFile": "/home/kurtis/Dev/botworx-javascript/packages/miajs/test/src/match.js",
              "file": "/test/src/match.js",
              "beforeHooks": [],
              "afterHooks": [],
              "tests": [
                {
                  "title": "match($('x'), 10)",
                  "fullTitle": "Matching Variable Binding match($('x'), 10)",
                  "timedOut": false,
                  "duration": 1,
                  "state": "passed",
                  "speed": "fast",
                  "pass": true,
                  "fail": false,
                  "pending": false,
                  "context": null,
                  "code": "//$$._ match($('x'), 10)\n  expect(match($('x'), 10)).to.have.property('$x', 10)",
                  "err": {},
                  "uuid": "e460c260-e4bd-46e5-8957-f4405c4217af",
                  "parentUUID": "0de23b52-2b5c-4385-8e2d-9155fb4bd4f7",
                  "isHook": false,
                  "skipped": false
                }
              ],
              "suites": [],
              "passes": [
                "e460c260-e4bd-46e5-8957-f4405c4217af"
              ],
              "failures": [],
              "pending": [],
              "skipped": [],
              "duration": 1,
              "root": false,
              "rootEmpty": false,
              "_timeout": 2000
            },
            {
              "uuid": "1dbb9f77-c1ae-4dc5-b965-eed76c8e0543",
              "title": "Clauses",
              "fullFile": "/home/kurtis/Dev/botworx-javascript/packages/miajs/test/src/match.js",
              "file": "/test/src/match.js",
              "beforeHooks": [],
              "afterHooks": [],
              "tests": [
                {
                  "title": "believe_(_Bob, _likes, _Fish).match Believe, __, _likes, __",
                  "fullTitle": "Matching Clauses believe_(_Bob, _likes, _Fish).match Believe, __, _likes, __",
                  "timedOut": false,
                  "duration": 0,
                  "state": "passed",
                  "speed": "fast",
                  "pass": true,
                  "fail": false,
                  "pending": false,
                  "context": null,
                  "code": "expect(believe_(_Bob, _likes, _Fish).match(Believe, __, _likes, __)).to.be.true",
                  "err": {},
                  "uuid": "56627293-a736-4dda-aa90-dcbab4ce6c8e",
                  "parentUUID": "1dbb9f77-c1ae-4dc5-b965-eed76c8e0543",
                  "isHook": false,
                  "skipped": false
                },
                {
                  "title": "believe_(_Bob, _likes, _Fish).match Believe, $('x'), _likes, $('y')",
                  "fullTitle": "Matching Clauses believe_(_Bob, _likes, _Fish).match Believe, $('x'), _likes, $('y')",
                  "timedOut": false,
                  "duration": 0,
                  "state": "passed",
                  "speed": "fast",
                  "pass": true,
                  "fail": false,
                  "pending": false,
                  "context": null,
                  "code": "const result = believe_(_Bob, _likes, _Fish).match(Believe, $('x'), _likes, $('y'));\nexpect(result).to.have.property('$x', _Bob);\nreturn expect(result).to.have.property('$y', _Fish);",
                  "err": {},
                  "uuid": "3800953d-7398-493e-8f56-a9be5e6091bc",
                  "parentUUID": "1dbb9f77-c1ae-4dc5-b965-eed76c8e0543",
                  "isHook": false,
                  "skipped": false
                }
              ],
              "suites": [],
              "passes": [
                "56627293-a736-4dda-aa90-dcbab4ce6c8e",
                "3800953d-7398-493e-8f56-a9be5e6091bc"
              ],
              "failures": [],
              "pending": [],
              "skipped": [],
              "duration": 0,
              "root": false,
              "rootEmpty": false,
              "_timeout": 2000
            },
            {
              "uuid": "3d4c0f0e-e303-4abb-a4a4-c1566ceaa789",
              "title": "Messages",
              "fullFile": "/home/kurtis/Dev/botworx-javascript/packages/miajs/test/src/match.js",
              "file": "/test/src/match.js",
              "beforeHooks": [],
              "afterHooks": [],
              "tests": [
                {
                  "title": "assert_(Believe, _Bob, _likes, _Fish).match Assert, Believe, $('x'), _likes, $('y')",
                  "fullTitle": "Matching Messages assert_(Believe, _Bob, _likes, _Fish).match Assert, Believe, $('x'), _likes, $('y')",
                  "timedOut": false,
                  "duration": 1,
                  "state": "passed",
                  "speed": "fast",
                  "pass": true,
                  "fail": false,
                  "pending": false,
                  "context": null,
                  "code": "const result = assert_(Believe, _Bob, _likes, _Fish).match(Assert, Believe, $('x'), _likes, $('y'));\nexpect(result).to.have.property('$x', _Bob);\nreturn expect(result).to.have.property('$y', _Fish);",
                  "err": {},
                  "uuid": "d7bce9ee-50b7-42f3-a69f-eb4f81e48ddb",
                  "parentUUID": "3d4c0f0e-e303-4abb-a4a4-c1566ceaa789",
                  "isHook": false,
                  "skipped": false
                }
              ],
              "suites": [],
              "passes": [
                "d7bce9ee-50b7-42f3-a69f-eb4f81e48ddb"
              ],
              "failures": [],
              "pending": [],
              "skipped": [],
              "duration": 1,
              "root": false,
              "rootEmpty": false,
              "_timeout": 2000
            },
            {
              "uuid": "2b1d8198-99a0-4831-a441-1dd747108111",
              "title": "Triggers",
              "fullFile": "/home/kurtis/Dev/botworx-javascript/packages/miajs/test/src/match.js",
              "file": "/test/src/match.js",
              "beforeHooks": [],
              "afterHooks": [],
              "tests": [
                {
                  "title": "onAssert(Believe, $('x'), _likes, $('y')).match assert_(Believe, _Bob, _likes, _Fish)",
                  "fullTitle": "Matching Triggers onAssert(Believe, $('x'), _likes, $('y')).match assert_(Believe, _Bob, _likes, _Fish)",
                  "timedOut": false,
                  "duration": 0,
                  "state": "passed",
                  "speed": "fast",
                  "pass": true,
                  "fail": false,
                  "pending": false,
                  "context": null,
                  "code": "const result = onAssert(Believe, $('x'), _likes, $('y')).match(assert_(Believe, _Bob, _likes, _Fish));\nexpect(result).to.have.property('$x', _Bob);\nreturn expect(result).to.have.property('$y', _Fish);",
                  "err": {},
                  "uuid": "7dd77d9c-0ac4-4015-ac69-137be0cb09c3",
                  "parentUUID": "2b1d8198-99a0-4831-a441-1dd747108111",
                  "isHook": false,
                  "skipped": false
                },
                {
                  "title": "onAssert(Believe, $('x'), _likes, $('y')).match attempt_(Believe, _Bob, _likes, _Fish)",
                  "fullTitle": "Matching Triggers onAssert(Believe, $('x'), _likes, $('y')).match attempt_(Believe, _Bob, _likes, _Fish)",
                  "timedOut": false,
                  "duration": 0,
                  "state": "passed",
                  "speed": "fast",
                  "pass": true,
                  "fail": false,
                  "pending": false,
                  "context": null,
                  "code": "const result = onAssert(Believe, $('x'), _likes, $('y')).match(attempt_(Believe, _Bob, _likes, _Fish));\nreturn expect(result).to.be.false;",
                  "err": {},
                  "uuid": "293fad33-beb1-4573-864d-db26761f76c5",
                  "parentUUID": "2b1d8198-99a0-4831-a441-1dd747108111",
                  "isHook": false,
                  "skipped": false
                }
              ],
              "suites": [],
              "passes": [
                "7dd77d9c-0ac4-4015-ac69-137be0cb09c3",
                "293fad33-beb1-4573-864d-db26761f76c5"
              ],
              "failures": [],
              "pending": [],
              "skipped": [],
              "duration": 0,
              "root": false,
              "rootEmpty": false,
              "_timeout": 2000
            },
            {
              "uuid": "eef0de31-6a3d-4e16-af21-79cd95c90c1e",
              "title": "Triggers with Xtras",
              "fullFile": "/home/kurtis/Dev/botworx-javascript/packages/miajs/test/src/match.js",
              "file": "/test/src/match.js",
              "beforeHooks": [],
              "afterHooks": [],
              "tests": [
                {
                  "title": "onAssert(Believe, $('x'), _likes, $('y')).match assert_(Believe, _Bob, _likes, _Fish)",
                  "fullTitle": "Matching Triggers with Xtras onAssert(Believe, $('x'), _likes, $('y')).match assert_(Believe, _Bob, _likes, _Fish)",
                  "timedOut": false,
                  "duration": 0,
                  "state": "passed",
                  "speed": "fast",
                  "pass": true,
                  "fail": false,
                  "pending": false,
                  "context": null,
                  "code": "const result = onAssert(Believe, $('x'), _likes, $('y')).match(assert_(Believe, _Bob, _likes, _Fish));\nexpect(result).to.have.property('$x', _Bob);\nreturn expect(result).to.have.property('$y', _Fish);",
                  "err": {},
                  "uuid": "f13bb916-928e-49fa-8957-3b30228ebf81",
                  "parentUUID": "eef0de31-6a3d-4e16-af21-79cd95c90c1e",
                  "isHook": false,
                  "skipped": false
                }
              ],
              "suites": [],
              "passes": [
                "f13bb916-928e-49fa-8957-3b30228ebf81"
              ],
              "failures": [],
              "pending": [],
              "skipped": [],
              "duration": 0,
              "root": false,
              "rootEmpty": false,
              "_timeout": 2000
            }
          ],
          "passes": [],
          "failures": [],
          "pending": [],
          "skipped": [],
          "duration": 0,
          "root": false,
          "rootEmpty": false,
          "_timeout": 2000
        },
        {
          "uuid": "4a9956f3-d0b5-4843-a4ce-ffaa004c0ce5",
          "title": "Message",
          "fullFile": "/home/kurtis/Dev/botworx-javascript/packages/miajs/test/src/message.js",
          "file": "/test/src/message.js",
          "beforeHooks": [],
          "afterHooks": [],
          "tests": [],
          "suites": [
            {
              "uuid": "e3533fad-adf0-4a3b-9b97-01fbdecab9fa",
              "title": "@match",
              "fullFile": "/home/kurtis/Dev/botworx-javascript/packages/miajs/test/src/message.js",
              "file": "/test/src/message.js",
              "beforeHooks": [],
              "afterHooks": [],
              "tests": [
                {
                  "title": "should work",
                  "fullTitle": "Message @match should work",
                  "timedOut": false,
                  "duration": 0,
                  "state": "passed",
                  "speed": "fast",
                  "pass": true,
                  "fail": false,
                  "pending": false,
                  "context": null,
                  "code": "const ctx = new Context();\nconst c1 = believe_(_Bob, _likes, _Fish);\nctx.add(c1);\nconst c2 = believe_(_Joe, _likes, _Peas);\nctx.add(c2);\n$$.h2(\"All Clauses\");\n$$._(String(ctx));\n$$._(ctx);\n$$.h2('Message Matching');\nconst m = new Assert(c1);\n$$._(m.match(Assert, Believe, _Bob, _likes, _Fish));\n$$._(m.match(Retract, Believe, _Bob, _likes, _Fish));\n$$._(m.match(Assert, Believe, _Joe, _likes, _Fish));\nreturn $$._(m.match(Assert, Achieve, _Joe, _likes, _Fish));",
                  "err": {},
                  "uuid": "fa12a830-72e0-4d0f-97b5-1b6f8a34b7e9",
                  "parentUUID": "e3533fad-adf0-4a3b-9b97-01fbdecab9fa",
                  "isHook": false,
                  "skipped": false
                }
              ],
              "suites": [],
              "passes": [
                "fa12a830-72e0-4d0f-97b5-1b6f8a34b7e9"
              ],
              "failures": [],
              "pending": [],
              "skipped": [],
              "duration": 0,
              "root": false,
              "rootEmpty": false,
              "_timeout": 2000
            }
          ],
          "passes": [],
          "failures": [],
          "pending": [],
          "skipped": [],
          "duration": 0,
          "root": false,
          "rootEmpty": false,
          "_timeout": 2000
        },
        {
          "uuid": "b9da4ae2-7dff-4d67-82fd-2d5c80829b7f",
          "title": "Module",
          "fullFile": "/home/kurtis/Dev/botworx-javascript/packages/miajs/test/src/module.js",
          "file": "/test/src/module.js",
          "beforeHooks": [],
          "afterHooks": [],
          "tests": [],
          "suites": [
            {
              "uuid": "3ce61339-f74f-4637-8d36-1e41d59a2a47",
              "title": "@action",
              "fullFile": "/home/kurtis/Dev/botworx-javascript/packages/miajs/test/src/module.js",
              "file": "/test/src/module.js",
              "beforeHooks": [],
              "afterHooks": [],
              "tests": [
                {
                  "title": "should work",
                  "fullTitle": "Module @action should work",
                  "timedOut": false,
                  "duration": 2,
                  "state": "passed",
                  "speed": "fast",
                  "pass": true,
                  "fail": false,
                  "pending": false,
                  "context": null,
                  "code": "const ctx = context_();\nconst c1 = believe_(_Bob, _likes, _Fish);\nctx.add(c1);\nconst c2 = believe_(_Joe, _likes, _Peas);\nctx.add(c2);\n$$.$(\"All Clauses\");\nfor (let c of Array.from(ctx.clauses)) {\n  $$._(c.toString());\n}\nconst m = new Assert(c1);\n$$.$('Begin Task Execution');\nconst exports = module_(function() {\n  this.def(new Trigger(Assert, Believe, __, _likes, _Fish), function() {\n    const self = this;\n    return this.task(function() {\n      $$._('Task Fire 1:');\n      return this.perform(self.msg.data.subj, _get, _Fish);}).task(() => $$._('Task Fire 2:'));\n  });\n  this.def(new Trigger(Attempt, Achieve, __, _get, _Fish), function() {\n    const self = this;\n    return this.task(() => $$._(_$(self.msg.data.subj) + ' is getting Fish.'));\n  });\n  this.defg(new Trigger(Attempt, Achieve, null, _impasse, null), () => //$$._ String(@rnr.ctx)\n  $$._('Impassed'));\n  return this.post(m);\n});\n\nreturn runner_().run(exports);",
                  "err": {},
                  "uuid": "36afdd4a-ab2a-4e86-b611-3e9dd55eb5f4",
                  "parentUUID": "3ce61339-f74f-4637-8d36-1e41d59a2a47",
                  "isHook": false,
                  "skipped": false
                }
              ],
              "suites": [],
              "passes": [
                "36afdd4a-ab2a-4e86-b611-3e9dd55eb5f4"
              ],
              "failures": [],
              "pending": [],
              "skipped": [],
              "duration": 2,
              "root": false,
              "rootEmpty": false,
              "_timeout": 2000
            }
          ],
          "passes": [],
          "failures": [],
          "pending": [],
          "skipped": [],
          "duration": 0,
          "root": false,
          "rootEmpty": false,
          "_timeout": 2000
        },
        {
          "uuid": "d5ab82bd-6d72-4b1d-b782-708b8fb6f794",
          "title": "TNode",
          "fullFile": "/home/kurtis/Dev/botworx-javascript/packages/miajs/test/src/node.js",
          "file": "/test/src/node.js",
          "beforeHooks": [],
          "afterHooks": [],
          "tests": [
            {
              "title": "should work",
              "fullTitle": "TNode should work",
              "timedOut": false,
              "duration": 1,
              "state": "passed",
              "speed": "fast",
              "pass": true,
              "fail": false,
              "pending": false,
              "context": null,
              "code": "let node;\n$$.$('class Plain');\n$$._(Plain);\n//\n$$.$('class Node');\n$$._(Node.toString());\n$$.$('class Node.prototype');\n$$._(Node.prototype);\n//\n$$.$('class DerivedNode');\n$$._(DerivedNode.toString());\n$$.$('class DerivedNode.prototype');\n$$._(DerivedNode.prototype);\n//\n$$.$('n1.Node');\nconst n1 = new Node();\nn1.node1 = 0;\nn1.node2 = 2;\nn1.node1 = 1;\n$$._(n1);\n$$.$('nodes');\nfor (node of n1) {\n  $$._(node);\n}\n$$.$('n2.DerivedNode');\nconst n2 = new DerivedNode(3);\n$$._(n2);\n$$.$('nodes');\nreturn (() => {\n  const result = [];\n  for (node of n2) {\n    result.push($$._(node));\n  }\n  return result;\n})();",
              "err": {},
              "uuid": "bee261d4-888a-4559-9e6c-b9cd338a15f9",
              "parentUUID": "d5ab82bd-6d72-4b1d-b782-708b8fb6f794",
              "isHook": false,
              "skipped": false
            }
          ],
          "suites": [],
          "passes": [
            "bee261d4-888a-4559-9e6c-b9cd338a15f9"
          ],
          "failures": [],
          "pending": [],
          "skipped": [],
          "duration": 1,
          "root": false,
          "rootEmpty": false,
          "_timeout": 2000
        },
        {
          "uuid": "4a5c11e0-45b7-4467-a724-8c9cb02a2096",
          "title": "Parallel",
          "fullFile": "/home/kurtis/Dev/botworx-javascript/packages/miajs/test/src/parallel.js",
          "file": "/test/src/parallel.js",
          "beforeHooks": [],
          "afterHooks": [],
          "tests": [],
          "suites": [
            {
              "uuid": "c0197f38-b771-4f26-ace9-c1146a9f5961",
              "title": "@action",
              "fullFile": "/home/kurtis/Dev/botworx-javascript/packages/miajs/test/src/parallel.js",
              "file": "/test/src/parallel.js",
              "beforeHooks": [],
              "afterHooks": [],
              "tests": [
                {
                  "title": "should work",
                  "fullTitle": "Parallel @action should work",
                  "timedOut": false,
                  "duration": 2,
                  "state": "passed",
                  "speed": "fast",
                  "pass": true,
                  "fail": false,
                  "pending": false,
                  "context": null,
                  "code": "const t1 = parallel_(function() {\n  this.counter(1, 5, function() {\n    const counter1 = this;\n    return this.task(() => $$.log(`Counter 1:  ${counter1.value}`));\n  });\n  return this.counter(1, 10, function() {\n    const counter2 = this;\n    return this.task(() => $$.log(`Counter 2:  ${counter2.value}`));\n  });\n});\nreturn runner_().run(t1);",
                  "err": {},
                  "uuid": "e32ee58c-2b1c-405f-a235-a0bb4b3eb65c",
                  "parentUUID": "c0197f38-b771-4f26-ace9-c1146a9f5961",
                  "isHook": false,
                  "skipped": false
                }
              ],
              "suites": [],
              "passes": [
                "e32ee58c-2b1c-405f-a235-a0bb4b3eb65c"
              ],
              "failures": [],
              "pending": [],
              "skipped": [],
              "duration": 2,
              "root": false,
              "rootEmpty": false,
              "_timeout": 2000
            }
          ],
          "passes": [],
          "failures": [],
          "pending": [],
          "skipped": [],
          "duration": 0,
          "root": false,
          "rootEmpty": false,
          "_timeout": 2000
        },
        {
          "uuid": "c6cf9b9c-06b8-4c59-8cec-55958309526f",
          "title": "Propose",
          "fullFile": "/home/kurtis/Dev/botworx-javascript/packages/miajs/test/src/propose.js",
          "file": "/test/src/propose.js",
          "beforeHooks": [],
          "afterHooks": [],
          "tests": [
            {
              "title": "should work",
              "fullTitle": "Propose should work",
              "timedOut": false,
              "duration": 1,
              "state": "passed",
              "speed": "fast",
              "pass": true,
              "fail": false,
              "pending": false,
              "context": null,
              "code": "const ctx = new Context();\nconst c1 = new Believe(_Bob, _likes, _Fish);\nctx.add(c1);\nconst c2 = new Believe(_Joe, _likes, _Peas);\nctx.add(c2);\n$$.$(\"All Clauses\");\n$$._(String(ctx));\nconst m = new Propose(new Achieve(_Bob, _eat, _Fish));\n$$.$('Begin Task Execution');\nconst rnr = new Runner();\nrnr.def(new Trigger(Attempt, Achieve, __, _eat, _Fish), function() {\n  const $x = this.msg.data.subj;\n  return $$._(`${$x} buying Fish`);\n});\nrnr.def(new Trigger(Attempt, Achieve, __, _eat, _Fish), function() {\n  const $x = this.msg.data.subj;\n  return $$._(`${$x} catching Fish`);\n});\nrnr.def(new Trigger(Attempt, Achieve, null, _impasse, null), () => //$$._ String(@rnr.ctx)\n$$._('Impassed'));\nrnr.post(m);\nreturn rnr.run();",
              "err": {},
              "uuid": "8c503ada-7bbe-4d38-bdff-af3e4a913346",
              "parentUUID": "c6cf9b9c-06b8-4c59-8cec-55958309526f",
              "isHook": false,
              "skipped": false
            }
          ],
          "suites": [],
          "passes": [
            "8c503ada-7bbe-4d38-bdff-af3e4a913346"
          ],
          "failures": [],
          "pending": [],
          "skipped": [],
          "duration": 1,
          "root": false,
          "rootEmpty": false,
          "_timeout": 2000
        },
        {
          "uuid": "721a9f1f-a09b-4726-8403-882d59a9d917",
          "title": "Query",
          "fullFile": "/home/kurtis/Dev/botworx-javascript/packages/miajs/test/src/qfilter.js",
          "file": "/test/src/qfilter.js",
          "beforeHooks": [],
          "afterHooks": [],
          "tests": [],
          "suites": [
            {
              "uuid": "d406e593-a27f-4b14-9582-7c4a5150c0d7",
              "title": "Filter",
              "fullFile": "/home/kurtis/Dev/botworx-javascript/packages/miajs/test/src/qfilter.js",
              "file": "/test/src/qfilter.js",
              "beforeHooks": [],
              "afterHooks": [],
              "tests": [
                {
                  "title": "should work",
                  "fullTitle": "Query Filter should work",
                  "timedOut": false,
                  "duration": 2,
                  "state": "passed",
                  "speed": "fast",
                  "pass": true,
                  "fail": false,
                  "pending": false,
                  "context": null,
                  "code": "const ctx = yamlcontext_().load($$.dataPath('bob.yml'));\n$$.h2(\"All Clauses\");\n$$._(ctx.toString());\n$$.h2('Binders');\nconst _$x = new Variable('$x');\nconst _$y = new Variable('$y');\nconst _$z = new Variable('$z');\n$$.$(`\\\nctx.query Believe, _$x, _likes, _$y\n.and Believe, _$z, _likes, _$y\\\n`\n);\nctx.query(Believe, _$x, _likes, _$y)\n.and(Believe, _$z, _likes, _$y)\n.exec(binder => $$._(binder));\n$$.$(`\\\nctx.query Believe, _$x, _likes, _$y\n.and Believe, _$z, _likes, _$y\n.filter (binder) -> binder.$x != binder.$z\\\n`\n);\nreturn ctx.query(Believe, _$x, _likes, _$y)\n.and(Believe, _$z, _likes, _$y)\n.filter(function(binder) { const {$x, $z} = binder; return $x !== $z; })\n.exec(binder => $$._(binder));",
                  "err": {},
                  "uuid": "fd8bf060-e547-43ef-a43c-555cbc0c2a92",
                  "parentUUID": "d406e593-a27f-4b14-9582-7c4a5150c0d7",
                  "isHook": false,
                  "skipped": false
                }
              ],
              "suites": [],
              "passes": [
                "fd8bf060-e547-43ef-a43c-555cbc0c2a92"
              ],
              "failures": [],
              "pending": [],
              "skipped": [],
              "duration": 2,
              "root": false,
              "rootEmpty": false,
              "_timeout": 2000
            }
          ],
          "passes": [],
          "failures": [],
          "pending": [],
          "skipped": [],
          "duration": 0,
          "root": false,
          "rootEmpty": false,
          "_timeout": 2000
        },
        {
          "uuid": "97ab80ed-11dd-47d7-8733-3d46548f9a31",
          "title": "Query",
          "fullFile": "/home/kurtis/Dev/botworx-javascript/packages/miajs/test/src/qnegclause.js",
          "file": "/test/src/qnegclause.js",
          "beforeHooks": [],
          "afterHooks": [],
          "tests": [],
          "suites": [
            {
              "uuid": "0749bbe8-6066-4e98-865e-3fcbe641212f",
              "title": "NegClause",
              "fullFile": "/home/kurtis/Dev/botworx-javascript/packages/miajs/test/src/qnegclause.js",
              "file": "/test/src/qnegclause.js",
              "beforeHooks": [],
              "afterHooks": [],
              "tests": [
                {
                  "title": "should work",
                  "fullTitle": "Query NegClause should work",
                  "timedOut": false,
                  "duration": 1,
                  "state": "passed",
                  "speed": "fast",
                  "pass": true,
                  "fail": false,
                  "pending": false,
                  "context": null,
                  "code": "const ctx = yamlcontext_().load($$.dataPath('bob.yml'));\n$$.h2(\"All Clauses\");\n$$._(ctx.toString());\n$$.h2('Binders');\nconst _$x = new Variable('$x');\nconst _$y = new Variable('$y');\nconst _$z = new Variable('$z');\n$$.$(`\\\nctx.query Believe, _$x, _likes, _$y\n.not Believe, _$x, _likes, _Chips\\\n`\n);\nreturn ctx.query(Believe, _$x, _likes, _Fish)\n.not(Believe, _$x, _likes, _Chips)\n.exec(binder => $$._(binder));",
                  "err": {},
                  "uuid": "c7a81733-ecaf-469e-a13e-1dec259b5dd0",
                  "parentUUID": "0749bbe8-6066-4e98-865e-3fcbe641212f",
                  "isHook": false,
                  "skipped": false
                }
              ],
              "suites": [],
              "passes": [
                "c7a81733-ecaf-469e-a13e-1dec259b5dd0"
              ],
              "failures": [],
              "pending": [],
              "skipped": [],
              "duration": 1,
              "root": false,
              "rootEmpty": false,
              "_timeout": 2000
            }
          ],
          "passes": [],
          "failures": [],
          "pending": [],
          "skipped": [],
          "duration": 0,
          "root": false,
          "rootEmpty": false,
          "_timeout": 2000
        },
        {
          "uuid": "5f0aebd1-4cd6-4360-adeb-bb6087fb3d49",
          "title": "Query",
          "fullFile": "/home/kurtis/Dev/botworx-javascript/packages/miajs/test/src/qtyped.js",
          "file": "/test/src/qtyped.js",
          "beforeHooks": [],
          "afterHooks": [],
          "tests": [],
          "suites": [
            {
              "uuid": "9a6feafc-cac9-4b1d-ad75-4b90d8676b8d",
              "title": "Typed",
              "fullFile": "/home/kurtis/Dev/botworx-javascript/packages/miajs/test/src/qtyped.js",
              "file": "/test/src/qtyped.js",
              "beforeHooks": [],
              "afterHooks": [],
              "tests": [
                {
                  "title": "should work",
                  "fullTitle": "Query Typed should work",
                  "timedOut": false,
                  "duration": 1,
                  "state": "passed",
                  "speed": "fast",
                  "pass": true,
                  "fail": false,
                  "pending": false,
                  "context": null,
                  "code": "const ctx = yamlcontext_().load($$.dataPath('blocks.yml'));\n$$.h2(\"All Clauses\");\n$$._(ctx.toString());\n$$.h2('Binders');\nconst $x = new Variable('$x', v => v instanceof Block);\nconst $y = new Variable('$y');\n$$.$(\"ctx.query Believe, $x, _on, $y\");\nreturn ctx.query(Believe, $x, _on, $y)\n.exec(binder => $$._(binder));",
                  "err": {},
                  "uuid": "e3adb48d-e2d9-4b3f-a12a-a12ce3aa1358",
                  "parentUUID": "9a6feafc-cac9-4b1d-ad75-4b90d8676b8d",
                  "isHook": false,
                  "skipped": false
                }
              ],
              "suites": [],
              "passes": [
                "e3adb48d-e2d9-4b3f-a12a-a12ce3aa1358"
              ],
              "failures": [],
              "pending": [],
              "skipped": [],
              "duration": 1,
              "root": false,
              "rootEmpty": false,
              "_timeout": 2000
            }
          ],
          "passes": [],
          "failures": [],
          "pending": [],
          "skipped": [],
          "duration": 0,
          "root": false,
          "rootEmpty": false,
          "_timeout": 2000
        },
        {
          "uuid": "93f6db09-ce35-46dd-8094-fa8055321f0b",
          "title": "Query",
          "fullFile": "/home/kurtis/Dev/botworx-javascript/packages/miajs/test/src/query.js",
          "file": "/test/src/query.js",
          "beforeHooks": [],
          "afterHooks": [],
          "tests": [],
          "suites": [
            {
              "uuid": "2675c749-f490-4ff0-b316-30a0554a656b",
              "title": "Basic",
              "fullFile": "/home/kurtis/Dev/botworx-javascript/packages/miajs/test/src/query.js",
              "file": "/test/src/query.js",
              "beforeHooks": [],
              "afterHooks": [],
              "tests": [
                {
                  "title": "should work",
                  "fullTitle": "Query Basic should work",
                  "timedOut": false,
                  "duration": 1,
                  "state": "passed",
                  "speed": "fast",
                  "pass": true,
                  "fail": false,
                  "pending": false,
                  "context": null,
                  "code": "const ctx = yamlcontext_().load($$.dataPath('cleavers.yml'));\n$$.h2(\"All Clauses\");\n$$._(ctx.toString());\n$$.h2('Binders');\nconst _$x = new Variable('$x');\nconst _$d = new Variable('$d');\nconst _$w = new Variable('$w');\n$$.$(\"ctx.query Believe, _$x, _dad, _$d\");\nctx.query(Believe, _$x, _dad, _$d)\n.exec(binder => $$._(binder));\n$$.$(`\\\nctx.query Believe, _$x, _dad, _$d\n.and Believe, _$d, _wife, _$w\\\n`\n);\nreturn ctx.query(Believe, _$x, _dad, _$d)\n.and(Believe, _$d, _wife, _$w)\n.exec(binder => $$._(binder));",
                  "err": {},
                  "uuid": "92f7836e-50be-4d65-8366-082b9051c854",
                  "parentUUID": "2675c749-f490-4ff0-b316-30a0554a656b",
                  "isHook": false,
                  "skipped": false
                }
              ],
              "suites": [],
              "passes": [
                "92f7836e-50be-4d65-8366-082b9051c854"
              ],
              "failures": [],
              "pending": [],
              "skipped": [],
              "duration": 1,
              "root": false,
              "rootEmpty": false,
              "_timeout": 2000
            }
          ],
          "passes": [],
          "failures": [],
          "pending": [],
          "skipped": [],
          "duration": 0,
          "root": false,
          "rootEmpty": false,
          "_timeout": 2000
        },
        {
          "uuid": "ce20bd7d-0d92-4ceb-a053-dc5521020ed6",
          "title": "Retract",
          "fullFile": "/home/kurtis/Dev/botworx-javascript/packages/miajs/test/src/retract.js",
          "file": "/test/src/retract.js",
          "beforeHooks": [],
          "afterHooks": [],
          "tests": [
            {
              "title": "should work",
              "fullTitle": "Retract should work",
              "timedOut": false,
              "duration": 1,
              "state": "passed",
              "speed": "fast",
              "pass": true,
              "fail": false,
              "pending": false,
              "context": null,
              "code": "let c;\nconst rnr = new Runner();\nconst {\n  ctx\n} = rnr;\nconst c1 = new Believe(_Bob, _likes, _Fish);\nctx.add(c1);\nconst c2 = new Believe(_Joe, _likes, _Peas);\nctx.add(c2);\n$$.$(\"Context Before\");\nfor (c of Array.from(ctx.clauses)) {\n  $$._(c.toString());\n}\nconst m = new Retract(c1);\n$$.$('Begin Task Execution');\nrnr.def(new Trigger(Retract, Believe, __, _likes, _Fish), function() {\n  const $x = this.msg.data.subj;\n  return $$._(`${$x} doesn't like Fish`);\n});\nrnr.post(m);\nreturn rnr.run().then(function() {\n  $$.$(\"Context After\");\n  return (() => {\n    const result = [];\n    for (c of Array.from(ctx.clauses)) {\n      result.push($$._(c.toString()));\n    }\n    return result;\n  })();\n});",
              "err": {},
              "uuid": "a890e5f2-a6ec-4a8e-b395-c4aefa10fa90",
[...]
          "title": "Runner",
          "fullFile": "/home/kurtis/Dev/botworx-javascript/packages/miajs/test/src/runner.js",
          "file": "/test/src/runner.js",
          "beforeHooks": [
            {
              "title": "\"before each\" hook",
              "fullTitle": "Runner \"before each\" hook",
              "timedOut": false,
              "duration": 1,
              "state": null,
              "speed": null,
              "pass": false,
              "fail": false,
              "pending": false,
              "context": null,
              "code": "this.pushLogger();\nreturn this.$('Baba');",
              "err": {},
              "uuid": "8cf28eab-b899-4de7-8c9b-1f80e872c085",
              "parentUUID": "50f871d8-6d69-441f-bd6f-02c04510c4bf",
              "isHook": true,
              "skipped": false
            }
          ],
          "afterHooks": [
            {
              "title": "\"after each\" hook",
              "fullTitle": "Runner \"after each\" hook",
              "timedOut": false,
              "duration": 0,
              "state": null,
              "speed": null,
              "pass": false,
              "fail": false,
              "pending": false,
              "context": null,
              "code": "this.$('Yaga');\nreturn this.popLogger();",
              "err": {},
              "uuid": "4e440c9d-f7cb-45d6-8562-b39a36fe8bb9",
              "parentUUID": "50f871d8-6d69-441f-bd6f-02c04510c4bf",
              "isHook": true,
              "skipped": false
            }
          ],
          "tests": [],
          "suites": [
            {
              "uuid": "05833a90-8837-4239-b47c-96a3b5edfd8a",
              "title": "@run",
              "fullFile": "/home/kurtis/Dev/botworx-javascript/packages/miajs/test/src/runner.js",
              "file": "/test/src/runner.js",
              "beforeHooks": [],
              "afterHooks": [],
              "tests": [
                {
                  "title": "should work",
                  "fullTitle": "Runner @run should work",
                  "timedOut": false,
                  "duration": 1,
                  "state": "passed",
                  "speed": "fast",
                  "pass": true,
                  "fail": false,
                  "pending": false,
                  "context": null,
                  "code": "runner_(__main).run()",
                  "err": {},
                  "uuid": "18ddc7eb-6e1d-4e80-a162-dcfeddedf9c0",
                  "parentUUID": "05833a90-8837-4239-b47c-96a3b5edfd8a",
                  "isHook": false,
                  "skipped": false
                }
              ],
              "suites": [],
              "passes": [
                "18ddc7eb-6e1d-4e80-a162-dcfeddedf9c0"
              ],
              "failures": [],
              "pending": [],
              "skipped": [],
              "duration": 1,
              "root": false,
              "rootEmpty": false,
              "_timeout": 2000
            }
          ],
          "passes": [],
          "failures": [],
          "pending": [],
          "skipped": [],
          "duration": 0,
          "root": false,
          "rootEmpty": false,
          "_timeout": 2000
        },
        {
          "uuid": "119dfc51-e398-4114-8bcb-675b52d81b53",
          "title": "Sequence",
          "fullFile": "/home/kurtis/Dev/botworx-javascript/packages/miajs/test/src/sequence.js",
          "file": "/test/src/sequence.js",
          "beforeHooks": [],
          "afterHooks": [],
          "tests": [],
          "suites": [
            {
              "uuid": "c34c1f56-3800-4fce-a5cc-7aabe780d434",
              "title": "In Parallel",
              "fullFile": "/home/kurtis/Dev/botworx-javascript/packages/miajs/test/src/sequence.js",
              "file": "/test/src/sequence.js",
              "beforeHooks": [],
              "afterHooks": [],
              "tests": [
                {
                  "title": "should work",
                  "fullTitle": "Sequence In Parallel should work",
                  "timedOut": false,
                  "duration": 1,
                  "state": "passed",
                  "speed": "fast",
                  "pass": true,
                  "fail": false,
                  "pending": false,
                  "context": null,
                  "code": "const t1 = sequence_(function() {\n  this.task(() => $$._('A'));\n  this.task(() => $$._('B'));\n  return this.task(() => $$._('C'));\n});\nconst t2 = sequence_(function() {\n  this.task(() => $$._('D'));\n  this.task(function() {\n    $$._('E');\n    return this.fail();\n  });\n  return this.task(() => $$._('F'));\n});\nreturn runner_().run(t1, t2);",
                  "err": {},
                  "uuid": "47069976-7611-4d28-90e8-21b7a53cb217",
                  "parentUUID": "c34c1f56-3800-4fce-a5cc-7aabe780d434",
                  "isHook": false,
                  "skipped": false
                }
              ],
              "suites": [],
              "passes": [
                "47069976-7611-4d28-90e8-21b7a53cb217"
              ],
              "failures": [],
              "pending": [],
              "skipped": [],
              "duration": 1,
              "root": false,
              "rootEmpty": false,
              "_timeout": 2000
            }
          ],
          "passes": [],
          "failures": [],
          "pending": [],
          "skipped": [],
          "duration": 0,
          "root": false,
          "rootEmpty": false,
          "_timeout": 2000
        },
        {
          "uuid": "897ad082-986f-4c00-b956-481d52ea385d",
          "title": "Streamer",
          "fullFile": "/home/kurtis/Dev/botworx-javascript/packages/miajs/test/src/streamer.js",
          "file": "/test/src/streamer.js",
          "beforeHooks": [],
          "afterHooks": [],
          "tests": [],
          "suites": [
            {
              "uuid": "96920c95-04b4-4b2a-88e0-c97554bdc0be",
              "title": "@chain",
              "fullFile": "/home/kurtis/Dev/botworx-javascript/packages/miajs/test/src/streamer.js",
              "file": "/test/src/streamer.js",
              "beforeHooks": [],
              "afterHooks": [],
              "tests": [
                {
                  "title": "should work",
                  "fullTitle": "Streamer @chain should work",
                  "timedOut": false,
                  "duration": 1,
                  "state": "passed",
                  "speed": "fast",
                  "pass": true,
                  "fail": false,
                  "pending": false,
                  "context": null,
                  "code": "const t1 = chain_(function() {\n  return this.chain(new ReadFile($$.dataPath('test.txt')))\n  .chain(new ConsoleWriter);\n});\nreturn runner_().run(t1);",
                  "err": {},
                  "uuid": "5c9c186b-93b9-4d04-80f6-9adb1c25778e",
                  "parentUUID": "96920c95-04b4-4b2a-88e0-c97554bdc0be",
                  "isHook": false,
                  "skipped": false
                }
              ],
              "suites": [],
              "passes": [
                "5c9c186b-93b9-4d04-80f6-9adb1c25778e"
              ],
              "failures": [],
              "pending": [],
              "skipped": [],
              "duration": 1,
              "root": false,
              "rootEmpty": false,
              "_timeout": 2000
            }
          ],
          "passes": [],
          "failures": [],
          "pending": [],
          "skipped": [],
          "duration": 0,
          "root": false,
          "rootEmpty": false,
          "_timeout": 2000
        },
        {
          "uuid": "7cd3d5a3-2b4a-4427-bb02-9ec89ba65645",
          "title": "Stringer",
          "fullFile": "/home/kurtis/Dev/botworx-javascript/packages/miajs/test/src/stringer.js",
          "file": "/test/src/stringer.js",
          "beforeHooks": [],
          "afterHooks": [],
          "tests": [
            {
              "title": "should work",
              "fullTitle": "Stringer should work",
              "timedOut": false,
              "duration": 0,
              "state": "passed",
              "speed": "fast",
              "pass": true,
              "fail": false,
              "pending": false,
              "context": null,
              "code": "const stringer = new Stringer();\nstringer.write('Hello');\nstringer.write('World');\n$$._(stringer);\n$$._(stringer.toString());\nreturn $$._(String(stringer));",
              "err": {},
              "uuid": "d528917b-5c02-4e0a-81f9-d75231e94113",
              "parentUUID": "7cd3d5a3-2b4a-4427-bb02-9ec89ba65645",
              "isHook": false,
              "skipped": false
            }
          ],
          "suites": [],
          "passes": [
            "d528917b-5c02-4e0a-81f9-d75231e94113"
          ],
          "failures": [],
          "pending": [],
          "skipped": [],
          "duration": 0,
          "root": false,
          "rootEmpty": false,
          "_timeout": 2000
        },
        {
          "uuid": "e34444e0-7cbd-471a-9857-c8e7d0821812",
          "title": "Term",
          "fullFile": "/home/kurtis/Dev/botworx-javascript/packages/miajs/test/src/typed.js",
          "file": "/test/src/typed.js",
          "beforeHooks": [],
          "afterHooks": [],
          "tests": [],
          "suites": [
            {
              "uuid": "f919f35a-9f1e-41d9-aab9-6009da25b59d",
              "title": "typed",
              "fullFile": "/home/kurtis/Dev/botworx-javascript/packages/miajs/test/src/typed.js",
              "file": "/test/src/typed.js",
              "beforeHooks": [],
              "afterHooks": [],
              "tests": [
                {
                  "title": "should work",
                  "fullTitle": "Term typed should work",
                  "timedOut": false,
                  "duration": 1,
                  "state": "passed",
                  "speed": "fast",
                  "pass": true,
                  "fail": false,
                  "pending": false,
                  "context": null,
                  "code": "//t = $_ 'Block1', 'Block'\nclass Table extends Term {}\nconst t1 = $_('Table1', Table);\n$$._(t1);\nconst t2 = $_('Block1', 'Block');\nreturn $$._(t2);",
                  "err": {},
                  "uuid": "bd427d1a-26a6-4cd8-b9b3-a2badbe00b06",
                  "parentUUID": "f919f35a-9f1e-41d9-aab9-6009da25b59d",
                  "isHook": false,
                  "skipped": false
                }
              ],
              "suites": [],
              "passes": [
                "bd427d1a-26a6-4cd8-b9b3-a2badbe00b06"
              ],
              "failures": [],
              "pending": [],
              "skipped": [],
              "duration": 1,
              "root": false,
              "rootEmpty": false,
              "_timeout": 2000
            }
          ],
          "passes": [],
          "failures": [],
          "pending": [],
          "skipped": [],
          "duration": 0,
          "root": false,
          "rootEmpty": false,
          "_timeout": 2000
        },
        {
          "uuid": "2513f43e-bab2-4b97-ac81-96d32f3ddbf1",
          "title": "Unit",
          "fullFile": "/home/kurtis/Dev/botworx-javascript/packages/miajs/test/src/unit.js",
          "file": "/test/src/unit.js",
          "beforeHooks": [],
          "afterHooks": [],
          "tests": [],
          "suites": [
            {
              "uuid": "233ad5ec-f8c7-4625-9fa1-91008ed7346a",
              "title": "test",
              "fullFile": "/home/kurtis/Dev/botworx-javascript/packages/miajs/test/src/unit.js",
              "file": "/test/src/unit.js",
              "beforeHooks": [],
              "afterHooks": [],
              "tests": [
                {
                  "title": "should work",
                  "fullTitle": "Unit test should work",
                  "timedOut": false,
                  "duration": 0,
                  "state": "passed",
                  "speed": "fast",
                  "pass": true,
                  "fail": false,
                  "pending": false,
                  "context": null,
                  "code": "let {$$, unit_} = require('./common');\n$$ = unit_(module, $$);\nreturn $$._($$.stringify($$));",
                  "err": {},
                  "uuid": "3fe8d3b8-abcd-4028-aa59-76feaf32a5dc",
                  "parentUUID": "233ad5ec-f8c7-4625-9fa1-91008ed7346a",
                  "isHook": false,
                  "skipped": false
                }
              ],
              "suites": [],
              "passes": [
                "3fe8d3b8-abcd-4028-aa59-76feaf32a5dc"
              ],
              "failures": [],
              "pending": [],
              "skipped": [],
              "duration": 0,
              "root": false,
              "rootEmpty": false,
              "_timeout": 2000
            }
          ],
          "passes": [],
          "failures": [],
          "pending": [],
          "skipped": [],
          "duration": 0,
          "root": false,
          "rootEmpty": false,
          "_timeout": 2000
        },
        {
          "uuid": "c0f1140d-fd0b-49c8-a461-374b896f4c33",
          "title": "Clause",
          "fullFile": "/home/kurtis/Dev/botworx-javascript/packages/miajs/test/src/xtra.js",
          "file": "/test/src/xtra.js",
          "beforeHooks": [],
          "afterHooks": [],
          "tests": [],
          "suites": [
            {
              "uuid": "7ba27787-59dd-46c3-9bbc-470574a2dcb3",
              "title": "@xtra",
              "fullFile": "/home/kurtis/Dev/botworx-javascript/packages/miajs/test/src/xtra.js",
              "file": "/test/src/xtra.js",
              "beforeHooks": [],
              "afterHooks": [],
              "tests": [
                {
                  "title": "should work",
                  "fullTitle": "Clause @xtra should work",
                  "timedOut": false,
                  "duration": 2,
                  "state": "passed",
                  "speed": "fast",
                  "pass": true,
                  "fail": false,
                  "pending": false,
                  "context": null,
                  "code": "const ctx = context_();\nconst c1 = believe_(_Bob, _likes, _Tuna, {with: _Cheese});\nctx.add(c1);\nconst c2 = believe_(_Joe, _likes, _Peas);\nctx.add(c2);\n$$.h2(\"All Clauses\");\nfor (let c of Array.from(ctx.clauses)) {\n  $$._(c.toString());\n}\n$$.h2(\"Find in Context\");\nlet r = ctx.find(Believe, _Bob, _likes, _Tuna);\n$$.$(\"< Bob likes Tuna >\");\n$$._(r.toString());\nr = ctx.find(Believe, __, _likes, _Tuna);\n$$.$(\"< __ likes Tuna >\");\n$$._(r.toString());\nr = ctx.find(Believe, __, _likes, __);\n$$.$(\"< __ likes __ >\");\n$$._(r.toString());\n$$.h2(\"Message Matches\");\nconst m = new Assert(c1);\n$$._(m.match(Assert, Believe, __, _likes, _Tuna));\n$$._(m.match(Assert, Believe, _Bob, _likes, _Tuna));\n$$._(m.match(Assert, Believe, _Bob, _likes, _Fish));\n$$._(m.match(Retract, Believe, _Bob, _likes, _Fish));\n$$._(m.match(Assert, Believe, _Joe, _likes, _Fish));\nconst rnr = runner_();\nrnr.def(new OnAssert(Believe, __, _likes, _Tuna), function() {\n  const $x = this.msg.data.subj;\n  return this.task(function() {\n    $$._('A');\n    return this.perform($x, _get, _Fish);}).task(() => $$._('B'));\n});\nrnr.def(new OnAttempt(Achieve, __, _get, _Fish),  function() {\n  const $x = this.msg.data.subj;\n  return $$._(`${$x} is getting Fish.`);\n});\nrnr.post(m);\nreturn rnr.run();",
                  "err": {},
                  "uuid": "00236b31-5182-4f56-82b6-5b1f78538fc9",
                  "parentUUID": "7ba27787-59dd-46c3-9bbc-470574a2dcb3",
                  "isHook": false,
                  "skipped": false
                }
              ],
              "suites": [],
              "passes": [
                "00236b31-5182-4f56-82b6-5b1f78538fc9"
              ],
              "failures": [],
              "pending": [],
              "skipped": [],
              "duration": 2,
              "root": false,
              "rootEmpty": false,
              "_timeout": 2000
            }
          ],
          "passes": [],
          "failures": [],
          "pending": [],
          "skipped": [],
          "duration": 0,
          "root": false,
          "rootEmpty": false,
          "_timeout": 2000
        },
        {
          "uuid": "b49a40ef-2076-4a86-87b2-eafb4fd805cd",
          "title": "Yaml",
          "fullFile": "/home/kurtis/Dev/botworx-javascript/packages/miajs/test/src/yaml.js",
          "file": "/test/src/yaml.js",
          "beforeHooks": [],
          "afterHooks": [],
          "tests": [
            {
              "title": "should work",
              "fullTitle": "Yaml should work",
              "timedOut": false,
              "duration": 0,
              "state": "passed",
              "speed": "fast",
              "pass": true,
              "fail": false,
              "pending": false,
              "context": null,
              "code": "// Get document, or throw exception on error\ntry {\n  const doc = yaml.safeLoad(fs.readFileSync($$.dataPath('cleavers.yml'), 'utf8'));\n  return console.log(doc);\n} catch (e) {\n  return console.log(e);\n}",
              "err": {},
              "uuid": "530fa2f9-4985-4f3b-a1f0-7586c2652740",
              "parentUUID": "b49a40ef-2076-4a86-87b2-eafb4fd805cd",
              "isHook": false,
              "skipped": false
            }
          ],
          "suites": [],
          "passes": [
            "530fa2f9-4985-4f3b-a1f0-7586c2652740"
          ],
          "failures": [],
          "pending": [],
          "skipped": [],
          "duration": 0,
          "root": false,
          "rootEmpty": false,
          "_timeout": 2000
        },
        {
          "uuid": "fa97e9b2-f8d7-468f-9a5b-78b6e29cc849",
          "title": "YamlContext",
          "fullFile": "/home/kurtis/Dev/botworx-javascript/packages/miajs/test/src/yamlcontext.js",
          "file": "/test/src/yamlcontext.js",
          "beforeHooks": [],
          "afterHooks": [],
          "tests": [
            {
              "title": "should work",
              "fullTitle": "YamlContext should work",
              "timedOut": false,
              "duration": 1,
              "state": "passed",
              "speed": "fast",
              "pass": true,
              "fail": false,
              "pending": false,
              "context": null,
              "code": "const ctx = new YamlContext().load($$.dataPath('cleavers.yml'));\n$$._(ctx);\nreturn Array.from(ctx.clauses).map((c) =>\n  $$._(_$(c)));",
              "err": {},
              "uuid": "de99bcb0-c628-4243-bbae-726d77dec167",
              "parentUUID": "fa97e9b2-f8d7-468f-9a5b-78b6e29cc849",
              "isHook": false,
              "skipped": false
            }
          ],
          "suites": [],
          "passes": [
            "de99bcb0-c628-4243-bbae-726d77dec167"
          ],
          "failures": [],
          "pending": [],
          "skipped": [],
          "duration": 1,
          "root": false,
          "rootEmpty": false,
          "_timeout": 2000
        }
      ],
      "passes": [],
      "failures": [],
      "pending": [],
      "skipped": [],
      "duration": 0,
      "root": true,
      "rootEmpty": true,
      "_timeout": 2000
    }
  ],
  "meta": {
    "mocha": {
      "version": "7.0.1"
    },
    "mochawesome": {
      "options": {
        "quiet": false,
        "reportFilename": "mochawesome",
        "saveHtml": true,
        "saveJson": true,
        "consoleReporter": "spec",
        "useInlineDiffs": false
      },
      "version": "4.1.0"
    },
    "marge": {
      "options": {
        "reportDir": "./test/report"
      },
      "version": "4.1.0"
    }
  }
}