{
  "stats": {
    "suites": 68,
    "tests": 55,
    "passes": 55,
    "pending": 0,
    "failures": 0,
    "start": "2020-02-02T21:15:42.671Z",
    "end": "2020-02-02T21:15:42.751Z",
    "duration": 80,
    "testsRegistered": 55,
    "passPercent": 100,
    "pendingPercent": 0,
    "other": 0,
    "hasOther": false,
    "skipped": 0,
    "hasSkipped": false
  },
  "results": [
    {
      "uuid": "0374e9e2-18c2-42a6-b85e-2ae9bf4c9ff2",
      "title": "",
      "fullFile": "",
      "file": "",
      "beforeHooks": [],
      "afterHooks": [],
      "tests": [],
      "suites": [
        {
          "uuid": "b3631782-121e-4cc5-90bd-3d2dc7703a5a",
          "title": "Rule",
          "fullFile": "/home/kurtis/Dev/botworx-javascript/packages/miajs/test/src/assert.js",
          "file": "/test/src/assert.js",
          "beforeHooks": [],
          "afterHooks": [],
          "tests": [],
          "suites": [
            {
              "uuid": "84434dc4-8cf2-494f-b796-03a85b580587",
              "title": "@fire",
              "fullFile": "/home/kurtis/Dev/botworx-javascript/packages/miajs/test/src/assert.js",
              "file": "/test/src/assert.js",
              "beforeHooks": [],
              "afterHooks": [],
              "tests": [
                {
                  "title": "should work",
                  "fullTitle": "Rule @fire should work",
                  "timedOut": false,
                  "duration": 4,
                  "state": "passed",
                  "speed": "fast",
                  "pass": true,
                  "fail": false,
                  "pending": false,
                  "context": null,
                  "code": "const ctx = new Context();\nconst c1 = new Believe(_Bob, _likes, _Fish);\nctx.add(c1);\nconst c2 = new Believe(_Joe, _likes, _Peas);\nctx.add(c2);\n$$.$(\"All Clauses\");\nfor (let c of ctx.clauses) {\n  $$._(c.toString());\n}\nconst m = new Assert(c1);\n$$.$('Begin Task Execution');\nconst rnr = new Runner();\nrnr.def(new Trigger(Assert, Believe, __, _likes, _Fish), function() {\n  const $x = this.msg.data.subj;\n  return $$._(`${$x} likes Fish`);\n});\nrnr.post(m);\nreturn rnr.run();",
                  "err": {},
                  "uuid": "2f09392f-94c7-4e15-ae99-725c152bdc18",
                  "parentUUID": "84434dc4-8cf2-494f-b796-03a85b580587",
                  "isHook": false,
                  "skipped": false
                }
              ],
              "suites": [],
              "passes": [
                "2f09392f-94c7-4e15-ae99-725c152bdc18"
              ],
              "failures": [],
              "pending": [],
              "skipped": [],
              "duration": 4,
              "root": false,
              "rootEmpty": false,
              "_timeout": 2000
            }
          ],
          "passes": [],
          "failures": [],
          "pending": [],
          "skipped": [],
          "duration": 0,
          "root": false,
          "rootEmpty": false,
          "_timeout": 2000
        },
        {
          "uuid": "31569336-b1b6-458f-b0ab-af3bad6c7f5e",
          "title": "Async",
          "fullFile": "/home/kurtis/Dev/botworx-javascript/packages/miajs/test/src/async.js",
          "file": "/test/src/async.js",
          "beforeHooks": [
            {
              "title": "\"before each\" hook",
              "fullTitle": "Async \"before each\" hook",
              "timedOut": false,
              "duration": 9,
              "state": null,
              "speed": null,
              "pass": false,
              "fail": false,
              "pending": false,
              "context": null,
              "code": "this.pushLogger();\nreturn this.$('Baba');",
              "err": {},
              "uuid": "aeac690e-48fc-4ba2-a828-6c49d3d00265",
              "parentUUID": "31569336-b1b6-458f-b0ab-af3bad6c7f5e",
              "isHook": true,
              "skipped": false
            }
          ],
          "afterHooks": [
            {
              "title": "\"after each\" hook",
              "fullTitle": "Async \"after each\" hook",
              "timedOut": false,
              "duration": 0,
              "state": null,
              "speed": null,
              "pass": false,
              "fail": false,
              "pending": false,
              "context": null,
              "code": "this.$('Yaga');\nreturn this.popLogger();",
              "err": {},
              "uuid": "21ae6298-f735-4397-be46-3b071a748134",
              "parentUUID": "31569336-b1b6-458f-b0ab-af3bad6c7f5e",
              "isHook": true,
              "skipped": false
            }
          ],
          "tests": [],
          "suites": [
            {
              "uuid": "5599df10-6619-46b8-b239-8a2b4efca355",
              "title": "@call",
              "fullFile": "/home/kurtis/Dev/botworx-javascript/packages/miajs/test/src/async.js",
              "file": "/test/src/async.js",
              "beforeHooks": [],
              "afterHooks": [],
              "tests": [
                {
                  "title": "should work",
                  "fullTitle": "Async @call should work",
                  "timedOut": false,
                  "duration": 2,
                  "state": "passed",
                  "speed": "fast",
                  "pass": true,
                  "fail": false,
                  "pending": false,
                  "context": null,
                  "code": "runner_().run(t1)",
                  "err": {},
                  "uuid": "1f306c0e-607b-429e-b779-434533c47918",
                  "parentUUID": "5599df10-6619-46b8-b239-8a2b4efca355",
                  "isHook": false,
                  "skipped": false
                }
              ],
              "suites": [],
              "passes": [
                "1f306c0e-607b-429e-b779-434533c47918"
              ],
              "failures": [],
              "pending": [],
              "skipped": [],
              "duration": 2,
              "root": false,
              "rootEmpty": false,
              "_timeout": 2000
            }
          ],
          "passes": [],
          "failures": [],
          "pending": [],
          "skipped": [],
          "duration": 0,
          "root": false,
          "rootEmpty": false,
          "_timeout": 2000
        },
        {
          "uuid": "97fb1ee9-ecf8-49a9-bb4e-d3267d6aebd7",
          "title": "Attempt",
          "fullFile": "/home/kurtis/Dev/botworx-javascript/packages/miajs/test/src/attempt.js",
          "file": "/test/src/attempt.js",
          "beforeHooks": [],
          "afterHooks": [],
          "tests": [
            {
              "title": "should work",
              "fullTitle": "Attempt should work",
              "timedOut": false,
              "duration": 1,
              "state": "passed",
              "speed": "fast",
              "pass": true,
              "fail": false,
              "pending": false,
              "context": null,
              "code": "const ctx = new Context();\nconst c1 = new Believe(_Bob, _likes, _Fish);\nctx.add(c1);\nconst c2 = new Believe(_Joe, _likes, _Peas);\nctx.add(c2);\n$$.$(\"All Clauses\");\nfor (let c of ctx.clauses) {\n  $$._(c.toString());\n}\nconst m = new Attempt(new Achieve(_Bob, _get, _Fish));\n$$.$('Begin Task Execution');\nconst rnr = new Runner();\nrnr.def(new Trigger(Attempt, Achieve, __, _get, _Fish), function() {\n  const $x = this.msg.data.subj;\n  return $$._(`${$x} getting Fish`);\n});\nrnr.post(m);\nreturn rnr.run();",
              "err": {},
              "uuid": "6e84896c-b625-439c-bbfc-fef968b8d7c5",
              "parentUUID": "97fb1ee9-ecf8-49a9-bb4e-d3267d6aebd7",
              "isHook": false,
              "skipped": false
            }
          ],
          "suites": [],
          "passes": [
            "6e84896c-b625-439c-bbfc-fef968b8d7c5"
          ],
          "failures": [],
          "pending": [],
          "skipped": [],
          "duration": 1,
          "root": false,
          "rootEmpty": false,
          "_timeout": 2000
        },
        {
          "uuid": "f4754ef7-cb57-48a9-91f3-d8fce3b74eaf",
          "title": "Await",
          "fullFile": "/home/kurtis/Dev/botworx-javascript/packages/miajs/test/src/await.js",
          "file": "/test/src/await.js",
          "beforeHooks": [
            {
              "title": "\"before each\" hook",
              "fullTitle": "Await \"before each\" hook",
              "timedOut": false,
              "duration": 1,
              "state": null,
              "speed": null,
              "pass": false,
              "fail": false,
              "pending": false,
              "context": null,
              "code": "this.pushLogger();\nreturn this.$('Baba');",
              "err": {},
              "uuid": "45e75250-538f-4aa8-8538-3539abe75bbf",
              "parentUUID": "f4754ef7-cb57-48a9-91f3-d8fce3b74eaf",
              "isHook": true,
              "skipped": false
            }
          ],
          "afterHooks": [
            {
              "title": "\"after each\" hook",
              "fullTitle": "Await \"after each\" hook",
              "timedOut": false,
              "duration": 1,
              "state": null,
              "speed": null,
              "pass": false,
              "fail": false,
              "pending": false,
              "context": null,
              "code": "this.$('Yaga');\nreturn this.popLogger();",
              "err": {},
              "uuid": "543faa6f-a88c-4fc5-9c1f-a24ff6c6a8f0",
              "parentUUID": "f4754ef7-cb57-48a9-91f3-d8fce3b74eaf",
              "isHook": true,
              "skipped": false
            }
          ],
          "tests": [
            {
              "title": "should work",
              "fullTitle": "Await should work",
              "timedOut": false,
              "duration": 0,
              "state": "passed",
              "speed": "fast",
              "pass": true,
              "fail": false,
              "pending": false,
              "context": null,
              "code": "const bar = async () => console.log(await foo());\nreturn bar;",
              "err": {},
              "uuid": "0e896ed5-7309-4b14-90b8-a233c3d17cb5",
              "parentUUID": "f4754ef7-cb57-48a9-91f3-d8fce3b74eaf",
              "isHook": false,
              "skipped": false
            },
            {
              "title": "should work also",
              "fullTitle": "Await should work also",
              "timedOut": false,
              "duration": 0,
              "state": "passed",
              "speed": "fast",
              "pass": true,
              "fail": false,
              "pending": false,
              "context": null,
              "code": "const bar = async () => console.log(await foo2());\nreturn bar;",
              "err": {},
              "uuid": "d7ab0baa-8b54-46cb-a445-ee54d480edc4",
              "parentUUID": "f4754ef7-cb57-48a9-91f3-d8fce3b74eaf",
              "isHook": false,
              "skipped": false
            }
          ],
          "suites": [],
          "passes": [
            "0e896ed5-7309-4b14-90b8-a233c3d17cb5",
            "d7ab0baa-8b54-46cb-a445-ee54d480edc4"
          ],
          "failures": [],
          "pending": [],
          "skipped": [],
          "duration": 0,
          "root": false,
          "rootEmpty": false,
          "_timeout": 2000
        },
        {
          "uuid": "42272d2c-f67e-4399-b19e-12ea00136ba3",
          "title": "Task",
          "fullFile": "/home/kurtis/Dev/botworx-javascript/packages/miajs/test/src/call.js",
          "file": "/test/src/call.js",
          "beforeHooks": [
            {
              "title": "\"before each\" hook",
              "fullTitle": "Task \"before each\" hook",
              "timedOut": false,
              "duration": 0,
              "state": null,
              "speed": null,
              "pass": false,
              "fail": false,
              "pending": false,
              "context": null,
              "code": "this.pushLogger();\nreturn this.$('Baba');",
              "err": {},
              "uuid": "729ae26f-1c4f-42ff-bfb7-38959c8b1d1d",
              "parentUUID": "42272d2c-f67e-4399-b19e-12ea00136ba3",
              "isHook": true,
              "skipped": false
            }
          ],
          "afterHooks": [
            {
              "title": "\"after each\" hook",
              "fullTitle": "Task \"after each\" hook",
              "timedOut": false,
              "duration": 0,
              "state": null,
              "speed": null,
              "pass": false,
              "fail": false,
              "pending": false,
              "context": null,
              "code": "this.$('Yaga');\nreturn this.popLogger();",
              "err": {},
              "uuid": "4e9a5efa-c9f4-4fcf-b245-3114c945dc99",
              "parentUUID": "42272d2c-f67e-4399-b19e-12ea00136ba3",
              "isHook": true,
              "skipped": false
            }
          ],
          "tests": [],
          "suites": [
            {
              "uuid": "45881290-eb06-4258-a425-f68d92a39fec",
              "title": "@call",
              "fullFile": "/home/kurtis/Dev/botworx-javascript/packages/miajs/test/src/call.js",
              "file": "/test/src/call.js",
              "beforeHooks": [],
              "afterHooks": [],
              "tests": [
                {
                  "title": "should work",
                  "fullTitle": "Task @call should work",
                  "timedOut": false,
                  "duration": 1,
                  "state": "passed",
                  "speed": "fast",
                  "pass": true,
                  "fail": false,
                  "pending": false,
                  "context": null,
                  "code": "runner_().run(t1)",
                  "err": {},
                  "uuid": "f996ae62-09c3-4add-b940-e1ebda94d564",
                  "parentUUID": "45881290-eb06-4258-a425-f68d92a39fec",
                  "isHook": false,
                  "skipped": false
                }
              ],
              "suites": [],
              "passes": [
                "f996ae62-09c3-4add-b940-e1ebda94d564"
              ],
              "failures": [],
              "pending": [],
              "skipped": [],
              "duration": 1,
              "root": false,
              "rootEmpty": false,
              "_timeout": 2000
            }
          ],
          "passes": [],
          "failures": [],
          "pending": [],
          "skipped": [],
          "duration": 0,
          "root": false,
          "rootEmpty": false,
          "_timeout": 2000
        },
        {
          "uuid": "4ecbb1f1-0281-435c-9827-32299559cd0a",
          "title": "Task",
          "fullFile": "/home/kurtis/Dev/botworx-javascript/packages/miajs/test/src/chain.js",
          "file": "/test/src/chain.js",
          "beforeHooks": [],
          "afterHooks": [],
          "tests": [],
          "suites": [
            {
              "uuid": "afdba007-550c-4e1b-a3b6-117465b32f35",
              "title": "@chain",
              "fullFile": "/home/kurtis/Dev/botworx-javascript/packages/miajs/test/src/chain.js",
              "file": "/test/src/chain.js",
              "beforeHooks": [],
              "afterHooks": [],
              "tests": [
                {
                  "title": "should work",
                  "fullTitle": "Task @chain should work",
                  "timedOut": false,
                  "duration": 1,
                  "state": "passed",
                  "speed": "fast",
                  "pass": true,
                  "fail": false,
                  "pending": false,
                  "context": null,
                  "code": "runner_().run(t1)",
                  "err": {},
                  "uuid": "c9553806-9c44-4af4-8db4-179e7e75b03c",
                  "parentUUID": "afdba007-550c-4e1b-a3b6-117465b32f35",
                  "isHook": false,
                  "skipped": false
                }
              ],
              "suites": [],
              "passes": [
                "c9553806-9c44-4af4-8db4-179e7e75b03c"
              ],
              "failures": [],
              "pending": [],
              "skipped": [],
              "duration": 1,
              "root": false,
              "rootEmpty": false,
              "_timeout": 2000
            }
          ],
          "passes": [],
          "failures": [],
          "pending": [],
          "skipped": [],
          "duration": 0,
          "root": false,
          "rootEmpty": false,
          "_timeout": 2000
        },
        {
          "uuid": "474257ec-72ff-4083-a2b3-b91e29c9076c",
          "title": "Config",
          "fullFile": "/home/kurtis/Dev/botworx-javascript/packages/miajs/test/src/config.js",
          "file": "/test/src/config.js",
          "beforeHooks": [],
          "afterHooks": [],
          "tests": [
            {
              "title": "should work",
              "fullTitle": "Config should work",
              "timedOut": false,
              "duration": 1,
              "state": "passed",
              "speed": "fast",
              "pass": true,
              "fail": false,
              "pending": false,
              "context": null,
              "code": "$$.$('Config Results');\n$$._(config());\n$$.$('Environment');\nreturn $$._(process.env);",
              "err": {},
              "uuid": "f6ea7e38-f657-410c-9d23-9be9d0d632cf",
              "parentUUID": "474257ec-72ff-4083-a2b3-b91e29c9076c",
              "isHook": false,
              "skipped": false
            }
          ],
          "suites": [],
          "passes": [
            "f6ea7e38-f657-410c-9d23-9be9d0d632cf"
          ],
          "failures": [],
          "pending": [],
          "skipped": [],
          "duration": 1,
          "root": false,
          "rootEmpty": false,
          "_timeout": 2000
        },
        {
          "uuid": "52cc45fd-bb5d-4bb4-b5bb-c36d384597b5",
          "title": "Context",
          "fullFile": "/home/kurtis/Dev/botworx-javascript/packages/miajs/test/src/context.js",
          "file": "/test/src/context.js",
          "beforeHooks": [],
          "afterHooks": [],
          "tests": [],
          "suites": [
            {
              "uuid": "4626fb24-ed6a-40e7-bdbf-4e3324406d6b",
              "title": "@find",
              "fullFile": "/home/kurtis/Dev/botworx-javascript/packages/miajs/test/src/context.js",
              "file": "/test/src/context.js",
              "beforeHooks": [],
              "afterHooks": [],
              "tests": [
                {
                  "title": "should work",
                  "fullTitle": "Context @find should work",
                  "timedOut": false,
                  "duration": 1,
                  "state": "passed",
                  "speed": "fast",
                  "pass": true,
                  "fail": false,
                  "pending": false,
                  "context": null,
                  "code": "let r = ctx.find(Believe, _Bob, _likes, _Fish);\n$$.$(\"Bob, likes, Fish\");\n$$._(r.toString());\nr = ctx.find(Believe, __, _likes, _Fish);\n$$.$(\"_, likes, Fish\");\n$$._(r.toString());\nr = ctx.find(Believe, __, _likes, __);\n$$.$(\"_, likes, _\");\nreturn $$._(r.toString());",
                  "err": {},
                  "uuid": "9734dcbb-1340-4395-ac90-29bb17cdde0d",
                  "parentUUID": "4626fb24-ed6a-40e7-bdbf-4e3324406d6b",
                  "isHook": false,
                  "skipped": false
                }
              ],
              "suites": [],
              "passes": [
                "9734dcbb-1340-4395-ac90-29bb17cdde0d"
              ],
              "failures": [],
              "pending": [],
              "skipped": [],
              "duration": 1,
              "root": false,
              "rootEmpty": false,
              "_timeout": 2000
            },
            {
              "uuid": "13a21f1a-5022-4efc-b99a-2671ebe1811f",
              "title": "@match",
              "fullFile": "/home/kurtis/Dev/botworx-javascript/packages/miajs/test/src/context.js",
              "file": "/test/src/context.js",
              "beforeHooks": [],
              "afterHooks": [],
              "tests": [
                {
                  "title": "should work",
                  "fullTitle": "Context @match should work",
                  "timedOut": false,
                  "duration": 0,
                  "state": "passed",
                  "speed": "fast",
                  "pass": true,
                  "fail": false,
                  "pending": false,
                  "context": null,
                  "code": "const matches = ctx.match(Believe, _Bob, _likes, _Fish);\n$$.$(\"Bob, likes, Fish\");\nfor (r of matches) {\n  $$._(r.toString())\n}",
                  "err": {},
                  "uuid": "d62bdcee-9cc9-4c35-824f-1d10e819d5f7",
                  "parentUUID": "13a21f1a-5022-4efc-b99a-2671ebe1811f",
                  "isHook": false,
                  "skipped": false
                },
                {
                  "title": "should work",
                  "fullTitle": "Context @match should work",
                  "timedOut": false,
                  "duration": 1,
                  "state": "passed",
                  "speed": "fast",
                  "pass": true,
                  "fail": false,
                  "pending": false,
                  "context": null,
                  "code": "const matches = ctx.match(Believe, __, _likes, __);\n$$.$(\"ctx.match(__, _likes, __)\");\nfor (r of matches) {\n  $$._(r.toString())\n}",
                  "err": {},
                  "uuid": "9dd0f66c-7b0c-4c23-a68d-dc5656ce19b7",
                  "parentUUID": "13a21f1a-5022-4efc-b99a-2671ebe1811f",
                  "isHook": false,
                  "skipped": false
                }
              ],
              "suites": [],
              "passes": [
                "d62bdcee-9cc9-4c35-824f-1d10e819d5f7",
                "9dd0f66c-7b0c-4c23-a68d-dc5656ce19b7"
              ],
              "failures": [],
              "pending": [],
              "skipped": [],
              "duration": 1,
              "root": false,
              "rootEmpty": false,
              "_timeout": 2000
            },
            {
              "uuid": "1a072228-4152-4fa4-8e86-2b4e54e9440f",
              "title": "@iterator",
              "fullFile": "/home/kurtis/Dev/botworx-javascript/packages/miajs/test/src/context.js",
              "file": "/test/src/context.js",
              "beforeHooks": [],
              "afterHooks": [],
              "tests": [
                {
                  "title": "should work",
                  "fullTitle": "Context @iterator should work",
                  "timedOut": false,
                  "duration": 0,
                  "state": "passed",
                  "speed": "fast",
                  "pass": true,
                  "fail": false,
                  "pending": false,
                  "context": null,
                  "code": "for (c of ctx) {\n  $$._(c);\n}",
                  "err": {},
                  "uuid": "608f8c0b-274d-497d-b297-a89beea610d8",
                  "parentUUID": "1a072228-4152-4fa4-8e86-2b4e54e9440f",
                  "isHook": false,
                  "skipped": false
                }
              ],
              "suites": [],
              "passes": [
                "608f8c0b-274d-497d-b297-a89beea610d8"
              ],
              "failures": [],
              "pending": [],
              "skipped": [],
              "duration": 0,
              "root": false,
              "rootEmpty": false,
              "_timeout": 2000
            }
          ],
          "passes": [],
          "failures": [],
          "pending": [],
          "skipped": [],
          "duration": 0,
          "root": false,
          "rootEmpty": false,
          "_timeout": 2000
        },
        {
          "uuid": "2bea7b27-f6f2-4520-8bcd-ee7be6819a11",
          "title": "Method",
          "fullFile": "/home/kurtis/Dev/botworx-javascript/packages/miajs/test/src/count.js",
          "file": "/test/src/count.js",
          "beforeHooks": [],
          "afterHooks": [],
          "tests": [],
          "suites": [
            {
              "uuid": "180e3c05-3576-42cb-8de5-c4c5a450b3d2",
              "title": "@counter",
              "fullFile": "/home/kurtis/Dev/botworx-javascript/packages/miajs/test/src/count.js",
              "file": "/test/src/count.js",
              "beforeHooks": [],
              "afterHooks": [],
              "tests": [
                {
                  "title": "should work",
                  "fullTitle": "Method @counter should work",
                  "timedOut": false,
                  "duration": 3,
                  "state": "passed",
                  "speed": "fast",
                  "pass": true,
                  "fail": false,
                  "pending": false,
                  "context": null,
                  "code": "runner_().run(t1)",
                  "err": {},
                  "uuid": "09fb417d-7dc3-45d2-a36b-b41c7ba88c56",
                  "parentUUID": "180e3c05-3576-42cb-8de5-c4c5a450b3d2",
                  "isHook": false,
                  "skipped": false
                }
              ],
              "suites": [],
              "passes": [
                "09fb417d-7dc3-45d2-a36b-b41c7ba88c56"
              ],
              "failures": [],
              "pending": [],
              "skipped": [],
              "duration": 3,
              "root": false,
              "rootEmpty": false,
              "_timeout": 2000
            }
          ],
          "passes": [],
          "failures": [],
          "pending": [],
          "skipped": [],
          "duration": 0,
          "root": false,
          "rootEmpty": false,
          "_timeout": 2000
        },
        {
          "uuid": "955dad73-7b7e-4e34-9556-327dd96e16a9",
          "title": "Sequence",
          "fullFile": "/home/kurtis/Dev/botworx-javascript/packages/miajs/test/src/dsl.js",
          "file": "/test/src/dsl.js",
          "beforeHooks": [],
          "afterHooks": [],
          "tests": [],
          "suites": [
            {
              "uuid": "58b2f448-6eed-4260-8f33-6e3509f42d4a",
              "title": "@action",
              "fullFile": "/home/kurtis/Dev/botworx-javascript/packages/miajs/test/src/dsl.js",
              "file": "/test/src/dsl.js",
              "beforeHooks": [],
              "afterHooks": [],
              "tests": [
                {
                  "title": "should work",
                  "fullTitle": "Sequence @action should work",
                  "timedOut": false,
                  "duration": 1,
                  "state": "passed",
                  "speed": "fast",
                  "pass": true,
                  "fail": false,
                  "pending": false,
                  "context": null,
                  "code": "runner_().run(s1)",
                  "err": {},
                  "uuid": "71821d0d-262b-4b24-9aff-1e1fba09d0bf",
                  "parentUUID": "58b2f448-6eed-4260-8f33-6e3509f42d4a",
                  "isHook": false,
                  "skipped": false
                }
              ],
              "suites": [],
              "passes": [
                "71821d0d-262b-4b24-9aff-1e1fba09d0bf"
              ],
              "failures": [],
              "pending": [],
              "skipped": [],
              "duration": 1,
              "root": false,
              "rootEmpty": false,
              "_timeout": 2000
            }
          ],
          "passes": [],
          "failures": [],
          "pending": [],
          "skipped": [],
          "duration": 0,
          "root": false,
          "rootEmpty": false,
          "_timeout": 2000
        },
        {
          "uuid": "b9d929fc-0184-4696-a733-9579576bbeb6",
          "title": "Task",
          "fullFile": "/home/kurtis/Dev/botworx-javascript/packages/miajs/test/src/hello.js",
          "file": "/test/src/hello.js",
          "beforeHooks": [],
          "afterHooks": [],
          "tests": [],
          "suites": [
            {
              "uuid": "ba6d0a33-fa12-4e89-8ad6-f90b3bd2b654",
              "title": "@perform",
              "fullFile": "/home/kurtis/Dev/botworx-javascript/packages/miajs/test/src/hello.js",
              "file": "/test/src/hello.js",
              "beforeHooks": [],
              "afterHooks": [],
              "tests": [
                {
                  "title": "should work",
                  "fullTitle": "Task @perform should work",
                  "timedOut": false,
                  "duration": 1,
                  "state": "passed",
                  "speed": "fast",
                  "pass": true,
                  "fail": false,
                  "pending": false,
                  "context": null,
                  "code": "const action = function() {\n  this.def(onAttempt(Achieve, null, _hello, null), function() {\n    this.def(onAttempt(Achieve, null, _say, __), function() {\n      const $t = this.msg.data.obj;\n      return $$.log($t);\n    });\n    this.perform(null, _say, \"Hello World\");\n    return this.perform(null, _say, \"Goodbye World\");\n  });\n  return this.perform(null, _hello, null);\n};\nreturn runner_().run(module_(action));",
                  "err": {},
                  "uuid": "05aa7e9e-8799-430d-96b4-02130cb8fd3d",
                  "parentUUID": "ba6d0a33-fa12-4e89-8ad6-f90b3bd2b654",
                  "isHook": false,
                  "skipped": false
                }
              ],
              "suites": [],
              "passes": [
                "05aa7e9e-8799-430d-96b4-02130cb8fd3d"
              ],
              "failures": [],
              "pending": [],
              "skipped": [],
              "duration": 1,
              "root": false,
              "rootEmpty": false,
              "_timeout": 2000
            }
          ],
          "passes": [],
          "failures": [],
          "pending": [],
          "skipped": [],
          "duration": 0,
          "root": false,
          "rootEmpty": false,
          "_timeout": 2000
        },
        {
          "uuid": "9e211517-d651-4673-9ebc-ef1fe18b5a38",
          "title": "Task",
          "fullFile": "/home/kurtis/Dev/botworx-javascript/packages/miajs/test/src/import.js",
          "file": "/test/src/import.js",
          "beforeHooks": [],
          "afterHooks": [],
          "tests": [],
          "suites": [
            {
              "uuid": "b84cebe2-9621-4760-93ff-72a1641c2e1e",
              "title": "@import",
              "fullFile": "/home/kurtis/Dev/botworx-javascript/packages/miajs/test/src/import.js",
              "file": "/test/src/import.js",
              "beforeHooks": [],
              "afterHooks": [],
              "tests": [
                {
                  "title": "should work",
                  "fullTitle": "Task @import should work",
                  "timedOut": false,
                  "duration": 2,
                  "state": "passed",
                  "speed": "fast",
                  "pass": true,
                  "fail": false,
                  "pending": false,
                  "context": null,
                  "code": "runner_().run(module_(function() {\n  this.import(require, './cleavers');\n  $$.$(\"All Clauses\");\n  return $$._(_$(this.rnr.ctx.clauses));\n})",
                  "err": {},
                  "uuid": "520d9b82-bce4-4791-be6e-20cb568b7912",
                  "parentUUID": "b84cebe2-9621-4760-93ff-72a1641c2e1e",
                  "isHook": false,
                  "skipped": false
                }
              ],
              "suites": [],
              "passes": [
                "520d9b82-bce4-4791-be6e-20cb568b7912"
              ],
              "failures": [],
              "pending": [],
              "skipped": [],
              "duration": 2,
              "root": false,
              "rootEmpty": false,
              "_timeout": 2000
            }
          ],
          "passes": [],
          "failures": [],
          "pending": [],
          "skipped": [],
          "duration": 0,
          "root": false,
          "rootEmpty": false,
          "_timeout": 2000
        },
        {
          "uuid": "d457be23-51a4-4ce5-abb3-dbf8e01673ac",
          "title": "TIterable",
          "fullFile": "/home/kurtis/Dev/botworx-javascript/packages/miajs/test/src/iterable.js",
          "file": "/test/src/iterable.js",
          "beforeHooks": [],
          "afterHooks": [],
          "tests": [
            {
              "title": "should work",
              "fullTitle": "TIterable should work",
              "timedOut": false,
              "duration": 1,
              "state": "passed",
              "speed": "fast",
              "pass": true,
              "fail": false,
              "pending": false,
              "context": null,
              "code": "class A {\n  static initClass() {\n    this.iterator(function*() {\n      yield 'a';\n      return yield 'b';\n    });\n  }\n}\nA.initClass();\nclass B extends A {\n  static initClass() {\n    this.TIterable();\n  }\n  *iterator() {\n    yield* super.iterator();\n    return yield 'c';\n  }\n}\nB.initClass();\nconst b = new B();\nfor (l of b) {\n  $$._(l)\n}",
              "err": {},
              "uuid": "b033d0a7-4dd4-433e-8152-cf72903ff106",
              "parentUUID": "d457be23-51a4-4ce5-abb3-dbf8e01673ac",
              "isHook": false,
              "skipped": false
            }
          ],
          "suites": [],
          "passes": [
            "b033d0a7-4dd4-433e-8152-cf72903ff106"
          ],
          "failures": [],
          "pending": [],
          "skipped": [],
          "duration": 1,
          "root": false,
          "rootEmpty": false,
          "_timeout": 2000
        },
        {
          "uuid": "d2ad61b8-c1d6-4209-8f24-c990d7ee8e2e",
          "title": "Loop",
          "fullFile": "/home/kurtis/Dev/botworx-javascript/packages/miajs/test/src/loop.js",
          "file": "/test/src/loop.js",
          "beforeHooks": [],
          "afterHooks": [],
          "tests": [],
          "suites": [
            {
              "uuid": "764fb16a-9ed3-4739-8033-21043de8533d",
              "title": "@action",
              "fullFile": "/home/kurtis/Dev/botworx-javascript/packages/miajs/test/src/loop.js",
              "file": "/test/src/loop.js",
              "beforeHooks": [],
              "afterHooks": [],
              "tests": [
                {
                  "title": "should work",
                  "fullTitle": "Loop @action should work",
                  "timedOut": false,
                  "duration": 3,
                  "state": "passed",
                  "speed": "fast",
                  "pass": true,
                  "fail": false,
                  "pending": false,
                  "context": null,
                  "code": "const t1 = method_(function() {\n  return this.loop(function() {\n    return this.task(function() {\n      $$._(\"Hello\");\n      this.count = 10;\n      return this.main = function() {\n        $$._(this.count--);\n        if(this.count <= 0) {\n          $$._('Inner');\n          return this.fail();\n        }\n      };}).task(() => $$._(\"Loop\"));\n  });\n});\nreturn runner_().run(t1);",
                  "err": {},
                  "uuid": "e583fc41-e689-460f-9c1d-cf863572a62b",
                  "parentUUID": "764fb16a-9ed3-4739-8033-21043de8533d",
                  "isHook": false,
                  "skipped": false
                }
              ],
              "suites": [],
              "passes": [
                "e583fc41-e689-460f-9c1d-cf863572a62b"
              ],
              "failures": [],
              "pending": [],
              "skipped": [],
              "duration": 3,
              "root": false,
              "rootEmpty": false,
              "_timeout": 2000
            }
          ],
          "passes": [],
          "failures": [],
          "pending": [],
          "skipped": [],
          "duration": 0,
          "root": false,
          "rootEmpty": false,
          "_timeout": 2000
        },
        {
          "uuid": "86f0ac34-9c65-4c90-a7a4-132400ccc2c7",
          "title": "Matching",
          "fullFile": "/home/kurtis/Dev/botworx-javascript/packages/miajs/test/src/match.js",
          "file": "/test/src/match.js",
          "beforeHooks": [],
          "afterHooks": [],
          "tests": [],
          "suites": [
            {
              "uuid": "aea0a3ac-a4c5-4351-ad8a-0c29d9f6387b",
              "title": "Values",
              "fullFile": "/home/kurtis/Dev/botworx-javascript/packages/miajs/test/src/match.js",
              "file": "/test/src/match.js",
              "beforeHooks": [],
              "afterHooks": [],
              "tests": [
                {
                  "title": "match __, null",
                  "fullTitle": "Matching Values match __, null",
                  "timedOut": false,
                  "duration": 1,
                  "state": "passed",
                  "speed": "fast",
                  "pass": true,
                  "fail": false,
                  "pending": false,
                  "context": null,
                  "code": "expect(match(__, null)).to.be.true",
                  "err": {},
                  "uuid": "a458807f-85be-425b-bcee-d497c9eed9f6",
                  "parentUUID": "aea0a3ac-a4c5-4351-ad8a-0c29d9f6387b",
                  "isHook": false,
                  "skipped": false
                },
                {
                  "title": "match null, null",
                  "fullTitle": "Matching Values match null, null",
                  "timedOut": false,
                  "duration": 0,
                  "state": "passed",
                  "speed": "fast",
                  "pass": true,
                  "fail": false,
                  "pending": false,
                  "context": null,
                  "code": "expect(match(null, null)).to.be.true",
                  "err": {},
                  "uuid": "ac565a6e-4659-4cfa-8484-7b8136211023",
                  "parentUUID": "aea0a3ac-a4c5-4351-ad8a-0c29d9f6387b",
                  "isHook": false,
                  "skipped": false
                },
                {
                  "title": "match null, 'hello'",
                  "fullTitle": "Matching Values match null, 'hello'",
                  "timedOut": false,
                  "duration": 0,
                  "state": "passed",
                  "speed": "fast",
                  "pass": true,
                  "fail": false,
                  "pending": false,
                  "context": null,
                  "code": "expect(match(null, 'hello')).to.be.false",
                  "err": {},
                  "uuid": "5a9ceb13-258d-460c-8b47-03c58d214409",
                  "parentUUID": "aea0a3ac-a4c5-4351-ad8a-0c29d9f6387b",
                  "isHook": false,
                  "skipped": false
                },
                {
                  "title": "match 'hello', 'hello'",
                  "fullTitle": "Matching Values match 'hello', 'hello'",
                  "timedOut": false,
                  "duration": 0,
                  "state": "passed",
                  "speed": "fast",
                  "pass": true,
                  "fail": false,
                  "pending": false,
                  "context": null,
                  "code": "expect(match('hello', 'hello')).to.be.true",
                  "err": {},
                  "uuid": "49f0a045-7b7e-4797-b592-0ca327b5d8dc",
                  "parentUUID": "aea0a3ac-a4c5-4351-ad8a-0c29d9f6387b",
                  "isHook": false,
                  "skipped": false
                },
                {
                  "title": "match 'hello', 'goodbye'",
                  "fullTitle": "Matching Values match 'hello', 'goodbye'",
                  "timedOut": false,
                  "duration": 0,
                  "state": "passed",
                  "speed": "fast",
                  "pass": true,
                  "fail": false,
                  "pending": false,
                  "context": null,
                  "code": "expect(match('hello', 'goodbye')).to.be.false",
                  "err": {},
                  "uuid": "b5bb8640-4dc8-4996-94ce-7f46d1d7abbe",
                  "parentUUID": "aea0a3ac-a4c5-4351-ad8a-0c29d9f6387b",
                  "isHook": false,
                  "skipped": false
                },
                {
                  "title": "match ((x) -> x == 10), 10",
                  "fullTitle": "Matching Values match ((x) -> x == 10), 10",
                  "timedOut": false,
                  "duration": 0,
                  "state": "passed",
                  "speed": "fast",
                  "pass": true,
                  "fail": false,
                  "pending": false,
                  "context": null,
                  "code": "expect(match((x => x === 10), 10)).to.be.true",
                  "err": {},
                  "uuid": "ff28e52e-6649-45bb-92ed-04ea4b1735ba",
                  "parentUUID": "aea0a3ac-a4c5-4351-ad8a-0c29d9f6387b",
                  "isHook": false,
                  "skipped": false
                },
                {
                  "title": "match ((x) -> x == 10), 20",
                  "fullTitle": "Matching Values match ((x) -> x == 10), 20",
                  "timedOut": false,
                  "duration": 0,
                  "state": "passed",
                  "speed": "fast",
                  "pass": true,
                  "fail": false,
                  "pending": false,
                  "context": null,
                  "code": "expect(match((x => x === 10), 20)).to.be.false",
                  "err": {},
                  "uuid": "6d188486-b0b6-40c9-9b65-4b37a79128ca",
                  "parentUUID": "aea0a3ac-a4c5-4351-ad8a-0c29d9f6387b",
                  "isHook": false,
                  "skipped": false
                },
                {
                  "title": "match ((x) -> x > 10), 20",
                  "fullTitle": "Matching Values match ((x) -> x > 10), 20",
                  "timedOut": false,
                  "duration": 0,
                  "state": "passed",
                  "speed": "fast",
                  "pass": true,
                  "fail": false,
                  "pending": false,
                  "context": null,
                  "code": "expect(match((x => x > 10), 20)).to.be.true",
                  "err": {},
                  "uuid": "050b466d-9073-4773-884c-dbc26d5cd758",
                  "parentUUID": "aea0a3ac-a4c5-4351-ad8a-0c29d9f6387b",
                  "isHook": false,
                  "skipped": false
                }
              ],
              "suites": [],
              "passes": [
                "a458807f-85be-425b-bcee-d497c9eed9f6",
                "ac565a6e-4659-4cfa-8484-7b8136211023",
                "5a9ceb13-258d-460c-8b47-03c58d214409",
                "49f0a045-7b7e-4797-b592-0ca327b5d8dc",
                "b5bb8640-4dc8-4996-94ce-7f46d1d7abbe",
                "ff28e52e-6649-45bb-92ed-04ea4b1735ba",
                "6d188486-b0b6-40c9-9b65-4b37a79128ca",
                "050b466d-9073-4773-884c-dbc26d5cd758"
              ],
              "failures": [],
              "pending": [],
              "skipped": [],
              "duration": 1,
              "root": false,
              "rootEmpty": false,
              "_timeout": 2000
            },
            {
              "uuid": "6830f8e0-5e09-4232-adee-861ad521e2a9",
              "title": "Regular Expressions",
              "fullFile": "/home/kurtis/Dev/botworx-javascript/packages/miajs/test/src/match.js",
              "file": "/test/src/match.js",
              "beforeHooks": [],
              "afterHooks": [],
              "tests": [
                {
                  "title": "match(re, 'test.js')",
                  "fullTitle": "Matching Regular Expressions match(re, 'test.js')",
                  "timedOut": false,
                  "duration": 0,
                  "state": "passed",
                  "speed": "fast",
                  "pass": true,
                  "fail": false,
                  "pending": false,
                  "context": null,
                  "code": "expect(match(re, 'test.js')).to.be.true",
                  "err": {},
                  "uuid": "19a794aa-3c0a-48b2-9b7b-a247319743e4",
                  "parentUUID": "6830f8e0-5e09-4232-adee-861ad521e2a9",
                  "isHook": false,
                  "skipped": false
                },
                {
                  "title": "match(re, 'test.txt')",
                  "fullTitle": "Matching Regular Expressions match(re, 'test.txt')",
                  "timedOut": false,
                  "duration": 0,
                  "state": "passed",
                  "speed": "fast",
                  "pass": true,
                  "fail": false,
                  "pending": false,
                  "context": null,
                  "code": "expect(match(re, 'test.txt')).to.be.false",
                  "err": {},
                  "uuid": "722279da-4346-46c9-9496-7e41efd71cc7",
                  "parentUUID": "6830f8e0-5e09-4232-adee-861ad521e2a9",
                  "isHook": false,
                  "skipped": false
                }
              ],
              "suites": [],
              "passes": [
                "19a794aa-3c0a-48b2-9b7b-a247319743e4",
                "722279da-4346-46c9-9496-7e41efd71cc7"
              ],
              "failures": [],
              "pending": [],
              "skipped": [],
              "duration": 0,
              "root": false,
              "rootEmpty": false,
              "_timeout": 2000
            },
            {
              "uuid": "c755712f-afdd-43f0-8ae5-23fc6100b5e6",
              "title": "Variable Binding",
              "fullFile": "/home/kurtis/Dev/botworx-javascript/packages/miajs/test/src/match.js",
              "file": "/test/src/match.js",
              "beforeHooks": [],
              "afterHooks": [],
              "tests": [
                {
                  "title": "match($('x'), 10)",
                  "fullTitle": "Matching Variable Binding match($('x'), 10)",
                  "timedOut": false,
                  "duration": 1,
                  "state": "passed",
                  "speed": "fast",
                  "pass": true,
                  "fail": false,
                  "pending": false,
                  "context": null,
                  "code": "//$$._ match($('x'), 10)\n  expect(match($('x'), 10)).to.have.property('$x', 10)",
                  "err": {},
                  "uuid": "63180909-6af1-423f-8da3-c9ac44e7a025",
                  "parentUUID": "c755712f-afdd-43f0-8ae5-23fc6100b5e6",
                  "isHook": false,
                  "skipped": false
                }
              ],
              "suites": [],
              "passes": [
                "63180909-6af1-423f-8da3-c9ac44e7a025"
              ],
              "failures": [],
              "pending": [],
              "skipped": [],
              "duration": 1,
              "root": false,
              "rootEmpty": false,
              "_timeout": 2000
            },
            {
              "uuid": "50bf00bd-14c7-4371-ac97-f03bb99cea6f",
              "title": "Clauses",
              "fullFile": "/home/kurtis/Dev/botworx-javascript/packages/miajs/test/src/match.js",
              "file": "/test/src/match.js",
              "beforeHooks": [],
              "afterHooks": [],
              "tests": [
                {
                  "title": "believe_(_Bob, _likes, _Fish).match Believe, __, _likes, __",
                  "fullTitle": "Matching Clauses believe_(_Bob, _likes, _Fish).match Believe, __, _likes, __",
                  "timedOut": false,
                  "duration": 0,
                  "state": "passed",
                  "speed": "fast",
                  "pass": true,
                  "fail": false,
                  "pending": false,
                  "context": null,
                  "code": "expect(believe_(_Bob, _likes, _Fish).match(Believe, __, _likes, __)).to.be.true",
                  "err": {},
                  "uuid": "5e1ac92f-d693-46bf-bb6b-da0b356b9109",
                  "parentUUID": "50bf00bd-14c7-4371-ac97-f03bb99cea6f",
                  "isHook": false,
                  "skipped": false
                },
                {
                  "title": "believe_(_Bob, _likes, _Fish).match Believe, $('x'), _likes, $('y')",
                  "fullTitle": "Matching Clauses believe_(_Bob, _likes, _Fish).match Believe, $('x'), _likes, $('y')",
                  "timedOut": false,
                  "duration": 0,
                  "state": "passed",
                  "speed": "fast",
                  "pass": true,
                  "fail": false,
                  "pending": false,
                  "context": null,
                  "code": "const result = believe_(_Bob, _likes, _Fish).match(Believe, $('x'), _likes, $('y'));\nexpect(result).to.have.property('$x', _Bob);\nreturn expect(result).to.have.property('$y', _Fish);",
                  "err": {},
                  "uuid": "1cfd9a07-b6d6-4c2b-bc5e-4b64eba19b9f",
                  "parentUUID": "50bf00bd-14c7-4371-ac97-f03bb99cea6f",
                  "isHook": false,
                  "skipped": false
                }
              ],
              "suites": [],
              "passes": [
                "5e1ac92f-d693-46bf-bb6b-da0b356b9109",
                "1cfd9a07-b6d6-4c2b-bc5e-4b64eba19b9f"
              ],
              "failures": [],
              "pending": [],
              "skipped": [],
              "duration": 0,
              "root": false,
              "rootEmpty": false,
              "_timeout": 2000
            },
            {
              "uuid": "0140d8cc-1a0f-4d4d-94bb-c3b7840ba5e8",
              "title": "Messages",
              "fullFile": "/home/kurtis/Dev/botworx-javascript/packages/miajs/test/src/match.js",
              "file": "/test/src/match.js",
              "beforeHooks": [],
              "afterHooks": [],
              "tests": [
                {
                  "title": "assert_(Believe, _Bob, _likes, _Fish).match Assert, Believe, $('x'), _likes, $('y')",
                  "fullTitle": "Matching Messages assert_(Believe, _Bob, _likes, _Fish).match Assert, Believe, $('x'), _likes, $('y')",
                  "timedOut": false,
                  "duration": 0,
                  "state": "passed",
                  "speed": "fast",
                  "pass": true,
                  "fail": false,
                  "pending": false,
                  "context": null,
                  "code": "const result = assert_(Believe, _Bob, _likes, _Fish).match(Assert, Believe, $('x'), _likes, $('y'));\nexpect(result).to.have.property('$x', _Bob);\nreturn expect(result).to.have.property('$y', _Fish);",
                  "err": {},
                  "uuid": "2dd005be-47da-47cb-8926-223336599732",
                  "parentUUID": "0140d8cc-1a0f-4d4d-94bb-c3b7840ba5e8",
                  "isHook": false,
                  "skipped": false
                }
              ],
              "suites": [],
              "passes": [
                "2dd005be-47da-47cb-8926-223336599732"
              ],
              "failures": [],
              "pending": [],
              "skipped": [],
              "duration": 0,
              "root": false,
              "rootEmpty": false,
              "_timeout": 2000
            },
            {
              "uuid": "f3e7e173-5cfd-482b-aea2-59dc663d3f13",
              "title": "Triggers",
              "fullFile": "/home/kurtis/Dev/botworx-javascript/packages/miajs/test/src/match.js",
              "file": "/test/src/match.js",
              "beforeHooks": [],
              "afterHooks": [],
              "tests": [
                {
                  "title": "onAssert(Believe, $('x'), _likes, $('y')).match assert_(Believe, _Bob, _likes, _Fish)",
                  "fullTitle": "Matching Triggers onAssert(Believe, $('x'), _likes, $('y')).match assert_(Believe, _Bob, _likes, _Fish)",
                  "timedOut": false,
                  "duration": 1,
                  "state": "passed",
                  "speed": "fast",
                  "pass": true,
                  "fail": false,
                  "pending": false,
                  "context": null,
                  "code": "const result = onAssert(Believe, $('x'), _likes, $('y')).match(assert_(Believe, _Bob, _likes, _Fish));\nexpect(result).to.have.property('$x', _Bob);\nreturn expect(result).to.have.property('$y', _Fish);",
                  "err": {},
                  "uuid": "87650bbb-f012-40be-9318-992314a76bff",
                  "parentUUID": "f3e7e173-5cfd-482b-aea2-59dc663d3f13",
                  "isHook": false,
                  "skipped": false
                },
                {
                  "title": "onAssert(Believe, $('x'), _likes, $('y')).match attempt_(Believe, _Bob, _likes, _Fish)",
                  "fullTitle": "Matching Triggers onAssert(Believe, $('x'), _likes, $('y')).match attempt_(Believe, _Bob, _likes, _Fish)",
                  "timedOut": false,
                  "duration": 0,
                  "state": "passed",
                  "speed": "fast",
                  "pass": true,
                  "fail": false,
                  "pending": false,
                  "context": null,
                  "code": "const result = onAssert(Believe, $('x'), _likes, $('y')).match(attempt_(Believe, _Bob, _likes, _Fish));\nreturn expect(result).to.be.false;",
                  "err": {},
                  "uuid": "afaee54b-9d49-4e7e-9fc9-a490490db9ce",
                  "parentUUID": "f3e7e173-5cfd-482b-aea2-59dc663d3f13",
                  "isHook": false,
                  "skipped": false
                }
              ],
              "suites": [],
              "passes": [
                "87650bbb-f012-40be-9318-992314a76bff",
                "afaee54b-9d49-4e7e-9fc9-a490490db9ce"
              ],
              "failures": [],
              "pending": [],
              "skipped": [],
              "duration": 1,
              "root": false,
              "rootEmpty": false,
              "_timeout": 2000
            },
            {
              "uuid": "b438be04-fc91-4929-bd62-3af65ebf0546",
              "title": "Triggers with Xtras",
              "fullFile": "/home/kurtis/Dev/botworx-javascript/packages/miajs/test/src/match.js",
              "file": "/test/src/match.js",
              "beforeHooks": [],
              "afterHooks": [],
              "tests": [
                {
                  "title": "onAssert(Believe, $('x'), _likes, $('y')).match assert_(Believe, _Bob, _likes, _Fish)",
                  "fullTitle": "Matching Triggers with Xtras onAssert(Believe, $('x'), _likes, $('y')).match assert_(Believe, _Bob, _likes, _Fish)",
                  "timedOut": false,
                  "duration": 0,
                  "state": "passed",
                  "speed": "fast",
                  "pass": true,
                  "fail": false,
                  "pending": false,
                  "context": null,
                  "code": "const result = onAssert(Believe, $('x'), _likes, $('y')).match(assert_(Believe, _Bob, _likes, _Fish));\nexpect(result).to.have.property('$x', _Bob);\nreturn expect(result).to.have.property('$y', _Fish);",
                  "err": {},
                  "uuid": "ce6a0478-d83e-4308-8e10-791c196664da",
                  "parentUUID": "b438be04-fc91-4929-bd62-3af65ebf0546",
                  "isHook": false,
                  "skipped": false
                }
              ],
              "suites": [],
              "passes": [
                "ce6a0478-d83e-4308-8e10-791c196664da"
              ],
              "failures": [],
              "pending": [],
              "skipped": [],
              "duration": 0,
              "root": false,
              "rootEmpty": false,
              "_timeout": 2000
            }
          ],
          "passes": [],
          "failures": [],
          "pending": [],
          "skipped": [],
          "duration": 0,
          "root": false,
          "rootEmpty": false,
          "_timeout": 2000
        },
        {
          "uuid": "be0e6f4f-6982-4409-ab30-e2d8d60c2c9f",
          "title": "Message",
          "fullFile": "/home/kurtis/Dev/botworx-javascript/packages/miajs/test/src/message.js",
          "file": "/test/src/message.js",
          "beforeHooks": [],
          "afterHooks": [],
          "tests": [],
          "suites": [
            {
              "uuid": "616c6347-7bab-4356-a0c0-fd5a7f1d3fea",
              "title": "@match",
              "fullFile": "/home/kurtis/Dev/botworx-javascript/packages/miajs/test/src/message.js",
              "file": "/test/src/message.js",
              "beforeHooks": [],
              "afterHooks": [],
              "tests": [
                {
                  "title": "should work",
                  "fullTitle": "Message @match should work",
                  "timedOut": false,
                  "duration": 1,
                  "state": "passed",
                  "speed": "fast",
                  "pass": true,
                  "fail": false,
                  "pending": false,
                  "context": null,
                  "code": "const ctx = new Context();\nconst c1 = believe_(_Bob, _likes, _Fish);\nctx.add(c1);\nconst c2 = believe_(_Joe, _likes, _Peas);\nctx.add(c2);\n$$.h2(\"All Clauses\");\n$$._(String(ctx));\n$$._(ctx);\n$$.h2('Message Matching');\nconst m = new Assert(c1);\n$$._(m.match(Assert, Believe, _Bob, _likes, _Fish));\n$$._(m.match(Retract, Believe, _Bob, _likes, _Fish));\n$$._(m.match(Assert, Believe, _Joe, _likes, _Fish));\nreturn $$._(m.match(Assert, Achieve, _Joe, _likes, _Fish));",
                  "err": {},
                  "uuid": "5f515695-f9a3-448e-98b4-0f3c16c36c4d",
                  "parentUUID": "616c6347-7bab-4356-a0c0-fd5a7f1d3fea",
                  "isHook": false,
                  "skipped": false
                }
              ],
              "suites": [],
              "passes": [
                "5f515695-f9a3-448e-98b4-0f3c16c36c4d"
              ],
              "failures": [],
              "pending": [],
              "skipped": [],
              "duration": 1,
              "root": false,
              "rootEmpty": false,
              "_timeout": 2000
            }
          ],
          "passes": [],
          "failures": [],
          "pending": [],
          "skipped": [],
          "duration": 0,
          "root": false,
          "rootEmpty": false,
          "_timeout": 2000
        },
        {
          "uuid": "1375c13c-7856-474f-8f49-99afe7841686",
          "title": "Module",
          "fullFile": "/home/kurtis/Dev/botworx-javascript/packages/miajs/test/src/module.js",
          "file": "/test/src/module.js",
          "beforeHooks": [],
          "afterHooks": [],
          "tests": [],
          "suites": [
            {
              "uuid": "f7a46f96-3b49-4042-a1e0-972c66c4d456",
              "title": "@action",
              "fullFile": "/home/kurtis/Dev/botworx-javascript/packages/miajs/test/src/module.js",
              "file": "/test/src/module.js",
              "beforeHooks": [],
              "afterHooks": [],
              "tests": [
                {
                  "title": "should work",
                  "fullTitle": "Module @action should work",
                  "timedOut": false,
                  "duration": 1,
                  "state": "passed",
                  "speed": "fast",
                  "pass": true,
                  "fail": false,
                  "pending": false,
                  "context": null,
                  "code": "const ctx = context_();\nconst c1 = believe_(_Bob, _likes, _Fish);\nctx.add(c1);\nconst c2 = believe_(_Joe, _likes, _Peas);\nctx.add(c2);\n$$.$(\"All Clauses\");\nfor (let c of ctx.clauses) {\n  $$._(c.toString());\n}\nconst m = new Assert(c1);\n$$.$('Begin Task Execution');\nconst exports = module_(function() {\n  this.def(new Trigger(Assert, Believe, __, _likes, _Fish), function() {\n    const self = this;\n    return this.task(function() {\n      $$._('Task Fire 1:');\n      return this.perform(self.msg.data.subj, _get, _Fish);}).task(() => $$._('Task Fire 2:'));\n  });\n  this.def(new Trigger(Attempt, Achieve, __, _get, _Fish), function() {\n    const self = this;\n    return this.task(() => $$._(_$(self.msg.data.subj) + ' is getting Fish.'));\n  });\n  this.defg(new Trigger(Attempt, Achieve, null, _impasse, null), () => //$$._ String(this.rnr.ctx)\n  $$._('Impassed'));\n  return this.post(m);\n});\n\nreturn runner_().run(exports);",
                  "err": {},
                  "uuid": "af91fdf5-b6df-47e8-bd92-137e508702cd",
                  "parentUUID": "f7a46f96-3b49-4042-a1e0-972c66c4d456",
                  "isHook": false,
                  "skipped": false
                }
              ],
              "suites": [],
              "passes": [
                "af91fdf5-b6df-47e8-bd92-137e508702cd"
              ],
              "failures": [],
              "pending": [],
              "skipped": [],
              "duration": 1,
              "root": false,
              "rootEmpty": false,
              "_timeout": 2000
            }
          ],
          "passes": [],
          "failures": [],
          "pending": [],
          "skipped": [],
          "duration": 0,
          "root": false,
          "rootEmpty": false,
          "_timeout": 2000
        },
        {
          "uuid": "bea20d7b-1489-49ef-8a62-efd9851864f8",
          "title": "TNode",
          "fullFile": "/home/kurtis/Dev/botworx-javascript/packages/miajs/test/src/node.js",
          "file": "/test/src/node.js",
          "beforeHooks": [],
          "afterHooks": [],
          "tests": [
            {
              "title": "should work",
              "fullTitle": "TNode should work",
              "timedOut": false,
              "duration": 0,
              "state": "passed",
              "speed": "fast",
              "pass": true,
              "fail": false,
              "pending": false,
              "context": null,
              "code": "let node;\n$$.$('class Plain');\n$$._(Plain);\n//\n$$.$('class Node');\n$$._(Node.toString());\n$$.$('class Node.prototype');\n$$._(Node.prototype);\n//\n$$.$('class DerivedNode');\n$$._(DerivedNode.toString());\n$$.$('class DerivedNode.prototype');\n$$._(DerivedNode.prototype);\n//\n$$.$('n1.Node');\nconst n1 = new Node();\nn1.node1 = 0;\nn1.node2 = 2;\nn1.node1 = 1;\n$$._(n1);\n$$.$('nodes');\nfor (node of n1) {\n  $$._(node);\n}\n$$.$('n2.DerivedNode');\nconst n2 = new DerivedNode(3);\n$$._(n2);\n$$.$('nodes');\nfor (node of n2) {\n  $$._(node);\n}",
              "err": {},
              "uuid": "3ca48448-a75a-4211-880e-10091830b66a",
              "parentUUID": "bea20d7b-1489-49ef-8a62-efd9851864f8",
              "isHook": false,
              "skipped": false
            }
          ],
          "suites": [],
          "passes": [
            "3ca48448-a75a-4211-880e-10091830b66a"
          ],
          "failures": [],
          "pending": [],
          "skipped": [],
          "duration": 0,
          "root": false,
          "rootEmpty": false,
          "_timeout": 2000
        },
        {
          "uuid": "dab68444-a65f-4388-9d51-aaa6985ee5b8",
          "title": "Parallel",
          "fullFile": "/home/kurtis/Dev/botworx-javascript/packages/miajs/test/src/parallel.js",
          "file": "/test/src/parallel.js",
          "beforeHooks": [],
          "afterHooks": [],
          "tests": [],
          "suites": [
            {
              "uuid": "c7e70cdb-d696-467f-9a64-4160c14cfc97",
              "title": "@action",
              "fullFile": "/home/kurtis/Dev/botworx-javascript/packages/miajs/test/src/parallel.js",
              "file": "/test/src/parallel.js",
              "beforeHooks": [],
              "afterHooks": [],
              "tests": [
                {
                  "title": "should work",
                  "fullTitle": "Parallel @action should work",
                  "timedOut": false,
                  "duration": 2,
                  "state": "passed",
                  "speed": "fast",
                  "pass": true,
                  "fail": false,
                  "pending": false,
                  "context": null,
                  "code": "const t1 = parallel_(function() {\n  this.counter(1, 5, function() {\n    const counter1 = this;\n    return this.task(() => $$.log(`Counter 1:  ${counter1.value}`));\n  });\n  return this.counter(1, 10, function() {\n    const counter2 = this;\n    return this.task(() => $$.log(`Counter 2:  ${counter2.value}`));\n  });\n});\nreturn runner_().run(t1);",
                  "err": {},
                  "uuid": "1d597452-1cf4-4bad-bf7b-d4c513bf918f",
                  "parentUUID": "c7e70cdb-d696-467f-9a64-4160c14cfc97",
                  "isHook": false,
                  "skipped": false
                }
              ],
              "suites": [],
              "passes": [
                "1d597452-1cf4-4bad-bf7b-d4c513bf918f"
              ],
              "failures": [],
              "pending": [],
              "skipped": [],
              "duration": 2,
              "root": false,
              "rootEmpty": false,
              "_timeout": 2000
            }
          ],
          "passes": [],
          "failures": [],
          "pending": [],
          "skipped": [],
          "duration": 0,
          "root": false,
          "rootEmpty": false,
          "_timeout": 2000
        },
        {
          "uuid": "a970cf99-d1a7-472d-a37f-576c07ca6115",
          "title": "Propose",
          "fullFile": "/home/kurtis/Dev/botworx-javascript/packages/miajs/test/src/propose.js",
          "file": "/test/src/propose.js",
          "beforeHooks": [],
          "afterHooks": [],
          "tests": [
            {
              "title": "should work",
              "fullTitle": "Propose should work",
              "timedOut": false,
              "duration": 3,
              "state": "passed",
              "speed": "fast",
              "pass": true,
              "fail": false,
              "pending": false,
              "context": null,
              "code": "const ctx = new Context();\nconst c1 = new Believe(_Bob, _likes, _Fish);\nctx.add(c1);\nconst c2 = new Believe(_Joe, _likes, _Peas);\nctx.add(c2);\n$$.$(\"All Clauses\");\n$$._(String(ctx));\nconst m = new Propose(new Achieve(_Bob, _eat, _Fish));\n$$.$('Begin Task Execution');\nconst rnr = new Runner();\nrnr.def(new Trigger(Attempt, Achieve, __, _eat, _Fish), function() {\n  const $x = this.msg.data.subj;\n  return $$._(`${$x} buying Fish`);\n});\nrnr.def(new Trigger(Attempt, Achieve, __, _eat, _Fish), function() {\n  const $x = this.msg.data.subj;\n  return $$._(`${$x} catching Fish`);\n});\nrnr.def(new Trigger(Attempt, Achieve, null, _impasse, null), () => //$$._ String(this.rnr.ctx)\n$$._('Impassed'));\nrnr.post(m);\nreturn rnr.run();",
              "err": {},
              "uuid": "b6ed0dd8-8e20-4300-b000-74f5132f1794",
              "parentUUID": "a970cf99-d1a7-472d-a37f-576c07ca6115",
              "isHook": false,
              "skipped": false
            }
          ],
          "suites": [],
          "passes": [
            "b6ed0dd8-8e20-4300-b000-74f5132f1794"
          ],
          "failures": [],
          "pending": [],
          "skipped": [],
          "duration": 3,
          "root": false,
          "rootEmpty": false,
          "_timeout": 2000
        },
        {
          "uuid": "83f87533-3dbe-4c86-8cda-240414b99a23",
          "title": "Query",
          "fullFile": "/home/kurtis/Dev/botworx-javascript/packages/miajs/test/src/qfilter.js",
          "file": "/test/src/qfilter.js",
          "beforeHooks": [],
          "afterHooks": [],
          "tests": [],
          "suites": [
            {
              "uuid": "2968f2fb-d052-4342-a595-31956344d2f9",
              "title": "Filter",
              "fullFile": "/home/kurtis/Dev/botworx-javascript/packages/miajs/test/src/qfilter.js",
              "file": "/test/src/qfilter.js",
              "beforeHooks": [],
              "afterHooks": [],
              "tests": [
                {
                  "title": "should work",
                  "fullTitle": "Query Filter should work",
                  "timedOut": false,
                  "duration": 2,
                  "state": "passed",
                  "speed": "fast",
                  "pass": true,
                  "fail": false,
                  "pending": false,
                  "context": null,
                  "code": "const ctx = yamlcontext_().load($$.dataPath('bob.yml'));\n$$.h2(\"All Clauses\");\n$$._(ctx.toString());\n$$.h2('Binders');\nconst _$x = new Variable('$x');\nconst _$y = new Variable('$y');\nconst _$z = new Variable('$z');\n$$.$(`\\\nctx.query Believe, _$x, _likes, _$y\n.and Believe, _$z, _likes, _$y\\\n`\n);\nctx.query(Believe, _$x, _likes, _$y)\n.and(Believe, _$z, _likes, _$y)\n.exec(binder => $$._(binder));\n$$.$(`\\\nctx.query Believe, _$x, _likes, _$y\n.and Believe, _$z, _likes, _$y\n.filter (binder) -> binder.$x != binder.$z\\\n`\n);\nreturn ctx.query(Believe, _$x, _likes, _$y)\n.and(Believe, _$z, _likes, _$y)\n.filter(function(binder) { const {$x, $z} = binder; return $x !== $z; })\n.exec(binder => $$._(binder));",
                  "err": {},
                  "uuid": "11146917-df63-4267-9042-6edfa6c0dd4e",
                  "parentUUID": "2968f2fb-d052-4342-a595-31956344d2f9",
                  "isHook": false,
                  "skipped": false
                }
              ],
              "suites": [],
              "passes": [
                "11146917-df63-4267-9042-6edfa6c0dd4e"
              ],
              "failures": [],
              "pending": [],
              "skipped": [],
              "duration": 2,
              "root": false,
              "rootEmpty": false,
              "_timeout": 2000
            }
          ],
          "passes": [],
          "failures": [],
          "pending": [],
          "skipped": [],
          "duration": 0,
          "root": false,
          "rootEmpty": false,
          "_timeout": 2000
        },
        {
          "uuid": "155f35e2-d821-486c-b7c4-72e16ad78074",
          "title": "Query",
          "fullFile": "/home/kurtis/Dev/botworx-javascript/packages/miajs/test/src/qnegclause.js",
          "file": "/test/src/qnegclause.js",
          "beforeHooks": [],
          "afterHooks": [],
          "tests": [],
          "suites": [
            {
              "uuid": "d8001f60-4dad-459d-aa97-f4a4c0c9f155",
              "title": "NegClause",
              "fullFile": "/home/kurtis/Dev/botworx-javascript/packages/miajs/test/src/qnegclause.js",
              "file": "/test/src/qnegclause.js",
              "beforeHooks": [],
              "afterHooks": [],
              "tests": [
                {
                  "title": "should work",
                  "fullTitle": "Query NegClause should work",
                  "timedOut": false,
                  "duration": 0,
                  "state": "passed",
                  "speed": "fast",
                  "pass": true,
                  "fail": false,
                  "pending": false,
                  "context": null,
                  "code": "const ctx = yamlcontext_().load($$.dataPath('bob.yml'));\n$$.h2(\"All Clauses\");\n$$._(ctx.toString());\n$$.h2('Binders');\nconst _$x = new Variable('$x');\nconst _$y = new Variable('$y');\nconst _$z = new Variable('$z');\n$$.$(`\\\nctx.query Believe, _$x, _likes, _$y\n.not Believe, _$x, _likes, _Chips\\\n`\n);\nreturn ctx.query(Believe, _$x, _likes, _Fish)\n.not(Believe, _$x, _likes, _Chips)\n.exec(binder => $$._(binder));",
                  "err": {},
                  "uuid": "a9b3ea2e-61ef-42de-a315-5a3b48e62fde",
                  "parentUUID": "d8001f60-4dad-459d-aa97-f4a4c0c9f155",
                  "isHook": false,
                  "skipped": false
                }
              ],
              "suites": [],
              "passes": [
                "a9b3ea2e-61ef-42de-a315-5a3b48e62fde"
              ],
              "failures": [],
              "pending": [],
              "skipped": [],
              "duration": 0,
              "root": false,
              "rootEmpty": false,
              "_timeout": 2000
            }
          ],
          "passes": [],
          "failures": [],
          "pending": [],
          "skipped": [],
          "duration": 0,
          "root": false,
          "rootEmpty": false,
          "_timeout": 2000
        },
        {
          "uuid": "9e860d3b-da6f-4785-9564-95b2b145d407",
          "title": "Query",
          "fullFile": "/home/kurtis/Dev/botworx-javascript/packages/miajs/test/src/qtyped.js",
          "file": "/test/src/qtyped.js",
          "beforeHooks": [],
          "afterHooks": [],
          "tests": [],
          "suites": [
            {
              "uuid": "773689d5-476d-4400-a269-f7b0d741c478",
              "title": "Typed",
              "fullFile": "/home/kurtis/Dev/botworx-javascript/packages/miajs/test/src/qtyped.js",
              "file": "/test/src/qtyped.js",
              "beforeHooks": [],
              "afterHooks": [],
              "tests": [
                {
                  "title": "should work",
                  "fullTitle": "Query Typed should work",
                  "timedOut": false,
                  "duration": 1,
                  "state": "passed",
                  "speed": "fast",
                  "pass": true,
                  "fail": false,
                  "pending": false,
                  "context": null,
                  "code": "const ctx = yamlcontext_().load($$.dataPath('blocks.yml'));\n$$.h2(\"All Clauses\");\n$$._(ctx.toString());\n$$.h2('Binders');\nconst $x = new Variable('$x', v => v instanceof Block);\nconst $y = new Variable('$y');\n$$.$(\"ctx.query Believe, $x, _on, $y\");\nreturn ctx.query(Believe, $x, _on, $y)\n.exec(binder => $$._(binder));",
                  "err": {},
                  "uuid": "e3c77223-bd7f-4449-b02c-4b34d43b744e",
                  "parentUUID": "773689d5-476d-4400-a269-f7b0d741c478",
                  "isHook": false,
                  "skipped": false
                }
              ],
              "suites": [],
              "passes": [
                "e3c77223-bd7f-4449-b02c-4b34d43b744e"
              ],
              "failures": [],
              "pending": [],
              "skipped": [],
              "duration": 1,
              "root": false,
              "rootEmpty": false,
              "_timeout": 2000
            }
          ],
          "passes": [],
          "failures": [],
          "pending": [],
          "skipped": [],
          "duration": 0,
          "root": false,
          "rootEmpty": false,
          "_timeout": 2000
        },
        {
          "uuid": "2fd72b37-d2b3-483c-a7b7-34c253755d25",
          "title": "Query",
          "fullFile": "/home/kurtis/Dev/botworx-javascript/packages/miajs/test/src/query.js",
          "file": "/test/src/query.js",
          "beforeHooks": [],
          "afterHooks": [],
          "tests": [],
          "suites": [
            {
              "uuid": "5b320b7d-9dbc-4bb2-a08a-564e2ccbd96e",
              "title": "Basic",
              "fullFile": "/home/kurtis/Dev/botworx-javascript/packages/miajs/test/src/query.js",
              "file": "/test/src/query.js",
              "beforeHooks": [],
              "afterHooks": [],
              "tests": [
                {
                  "title": "should work",
                  "fullTitle": "Query Basic should work",
                  "timedOut": false,
                  "duration": 1,
                  "state": "passed",
                  "speed": "fast",
                  "pass": true,
                  "fail": false,
                  "pending": false,
                  "context": null,
                  "code": "const ctx = yamlcontext_().load($$.dataPath('cleavers.yml'));\n$$.h2(\"All Clauses\");\n$$._(ctx.toString());\n$$.h2('Binders');\nconst _$x = new Variable('$x');\nconst _$d = new Variable('$d');\nconst _$w = new Variable('$w');\n$$.$(\"ctx.query Believe, _$x, _dad, _$d\");\nctx.query(Believe, _$x, _dad, _$d)\n.exec(binder => $$._(binder));\n$$.$(`\\\nctx.query Believe, _$x, _dad, _$d\n.and Believe, _$d, _wife, _$w\\\n`\n);\nreturn ctx.query(Believe, _$x, _dad, _$d)\n.and(Believe, _$d, _wife, _$w)\n.exec(binder => $$._(binder));",
                  "err": {},
                  "uuid": "b6b92891-eaf4-40f9-80ad-be685c95d642",
                  "parentUUID": "5b320b7d-9dbc-4bb2-a08a-564e2ccbd96e",
                  "isHook": false,
                  "skipped": false
                }
              ],
              "suites": [],
              "passes": [
                "b6b92891-eaf4-40f9-80ad-be685c95d642"
              ],
              "failures": [],
              "pending": [],
              "skipped": [],
              "duration": 1,
              "root": false,
              "rootEmpty": false,
              "_timeout": 2000
            }
          ],
          "passes": [],
          "failures": [],
          "pending": [],
          "skipped": [],
          "duration": 0,
          "root": false,
          "rootEmpty": false,
          "_timeout": 2000
        },
        {
          "uuid": "e38aef1d-326f-4f86-a6bf-f4ffe5c5fa1d",
          "title": "Retract",
          "fullFile": "/home/kurtis/Dev/botworx-javascript/packages/miajs/test/src/retract.js",
          "file": "/test/src/retract.js",
          "beforeHooks": [],
          "afterHooks": [],
          "tests": [
            {
              "title": "should work",
              "fullTitle": "Retract should work",
              "timedOut": false,
              "duration": 1,
              "state": "passed",
              "speed": "fast",
              "pass": true,
              "fail": false,
              "pending": false,
              "context": null,
              "code": "let c;\nconst rnr = new Runner();\nconst {\n  ctx\n} = rnr;\nconst c1 = new Believe(_Bob, _likes, _Fish);\nctx.add(c1);\nconst c2 = new Believe(_Joe, _likes, _Peas);\nctx.add(c2);\n$$.$(\"Context Before\");\nfor (c of ctx.clauses) {\n  $$._(c.toString());\n}\nconst m = new Retract(c1);\n$$.$('Begin Task Execution');\nrnr.def(new Trigger(Retract, Believe, __, _likes, _Fish), function() {\n  const $x = this.msg.data.subj;\n  return $$._(`${$x} doesn't like Fish`);\n});\nrnr.post(m);\nreturn rnr.run().then(function() {\n  $$.$(\"Context After\");\n  for (c of ctx.clauses) {\n    $$._(c.toString());\n  }\n});",
              "err": {},
              "uuid": "1e94ae94-5821-40fd-82bc-88519e060a71",
              "parentUUID": "e38aef1d-326f-4f86-a6bf-f4ffe5c5fa1d",
              "isHook": false,
              "skipped": false
            }
          ],
          "suites": [],
          "passes": [
            "1e94ae94-5821-40fd-82bc-88519e060a71"
          ],
          "failures": [],
          "pending": [],
          "skipped": [],
          "duration": 1,
          "root": false,
          "rootEmpty": false,
[...]
        {
          "uuid": "d292a210-4f38-417c-8d24-4c43ebf31b3e",
          "title": "Runner",
          "fullFile": "/home/kurtis/Dev/botworx-javascript/packages/miajs/test/src/runner.js",
          "file": "/test/src/runner.js",
          "beforeHooks": [
            {
              "title": "\"before each\" hook",
              "fullTitle": "Runner \"before each\" hook",
              "timedOut": false,
              "duration": 0,
              "state": null,
              "speed": null,
              "pass": false,
              "fail": false,
              "pending": false,
              "context": null,
              "code": "this.pushLogger();\nreturn this.$('Baba');",
              "err": {},
              "uuid": "a0db95c0-4de5-4838-b209-7a7af1fccdff",
              "parentUUID": "d292a210-4f38-417c-8d24-4c43ebf31b3e",
              "isHook": true,
              "skipped": false
            }
          ],
          "afterHooks": [
            {
              "title": "\"after each\" hook",
              "fullTitle": "Runner \"after each\" hook",
              "timedOut": false,
              "duration": 0,
              "state": null,
              "speed": null,
              "pass": false,
              "fail": false,
              "pending": false,
              "context": null,
              "code": "this.$('Yaga');\nreturn this.popLogger();",
              "err": {},
              "uuid": "f8f99707-e648-449b-b026-c674e3b27aab",
              "parentUUID": "d292a210-4f38-417c-8d24-4c43ebf31b3e",
              "isHook": true,
              "skipped": false
            }
          ],
          "tests": [],
          "suites": [
            {
              "uuid": "ba4d1d74-5d13-4bfa-bcbe-0ae25136dfe7",
              "title": "@run",
              "fullFile": "/home/kurtis/Dev/botworx-javascript/packages/miajs/test/src/runner.js",
              "file": "/test/src/runner.js",
              "beforeHooks": [],
              "afterHooks": [],
              "tests": [
                {
                  "title": "should work",
                  "fullTitle": "Runner @run should work",
                  "timedOut": false,
                  "duration": 1,
                  "state": "passed",
                  "speed": "fast",
                  "pass": true,
                  "fail": false,
                  "pending": false,
                  "context": null,
                  "code": "runner_(__main).run()",
                  "err": {},
                  "uuid": "006e547d-03a8-43e7-bbcb-ddf9c61b02e1",
                  "parentUUID": "ba4d1d74-5d13-4bfa-bcbe-0ae25136dfe7",
                  "isHook": false,
                  "skipped": false
                }
              ],
              "suites": [],
              "passes": [
                "006e547d-03a8-43e7-bbcb-ddf9c61b02e1"
              ],
              "failures": [],
              "pending": [],
              "skipped": [],
              "duration": 1,
              "root": false,
              "rootEmpty": false,
              "_timeout": 2000
            }
          ],
          "passes": [],
          "failures": [],
          "pending": [],
          "skipped": [],
          "duration": 0,
          "root": false,
          "rootEmpty": false,
          "_timeout": 2000
        },
        {
          "uuid": "1cf098c3-6595-46e0-b6a7-914ebd57b914",
          "title": "Sequence",
          "fullFile": "/home/kurtis/Dev/botworx-javascript/packages/miajs/test/src/sequence.js",
          "file": "/test/src/sequence.js",
          "beforeHooks": [],
          "afterHooks": [],
          "tests": [],
          "suites": [
            {
              "uuid": "b9b4c874-63a2-4ad0-83b0-8d6b90614346",
              "title": "In Parallel",
              "fullFile": "/home/kurtis/Dev/botworx-javascript/packages/miajs/test/src/sequence.js",
              "file": "/test/src/sequence.js",
              "beforeHooks": [],
              "afterHooks": [],
              "tests": [
                {
                  "title": "should work",
                  "fullTitle": "Sequence In Parallel should work",
                  "timedOut": false,
                  "duration": 1,
                  "state": "passed",
                  "speed": "fast",
                  "pass": true,
                  "fail": false,
                  "pending": false,
                  "context": null,
                  "code": "const t1 = sequence_(function() {\n  this.task(() => $$._('A'));\n  this.task(() => $$._('B'));\n  return this.task(() => $$._('C'));\n});\nconst t2 = sequence_(function() {\n  this.task(() => $$._('D'));\n  this.task(function() {\n    $$._('E');\n    return this.fail();\n  });\n  return this.task(() => $$._('F'));\n});\nreturn runner_().run(t1, t2);",
                  "err": {},
                  "uuid": "447bb2be-e776-41b1-b20c-107a56626e1a",
                  "parentUUID": "b9b4c874-63a2-4ad0-83b0-8d6b90614346",
                  "isHook": false,
                  "skipped": false
                }
              ],
              "suites": [],
              "passes": [
                "447bb2be-e776-41b1-b20c-107a56626e1a"
              ],
              "failures": [],
              "pending": [],
              "skipped": [],
              "duration": 1,
              "root": false,
              "rootEmpty": false,
              "_timeout": 2000
            }
          ],
          "passes": [],
          "failures": [],
          "pending": [],
          "skipped": [],
          "duration": 0,
          "root": false,
          "rootEmpty": false,
          "_timeout": 2000
        },
        {
          "uuid": "db903708-7b6f-4844-8a53-64ccc046cb64",
          "title": "Streamer",
          "fullFile": "/home/kurtis/Dev/botworx-javascript/packages/miajs/test/src/streamer.js",
          "file": "/test/src/streamer.js",
          "beforeHooks": [],
          "afterHooks": [],
          "tests": [],
          "suites": [
            {
              "uuid": "1e65ba3d-ceb1-45b9-b2aa-a301088a4917",
              "title": "@chain",
              "fullFile": "/home/kurtis/Dev/botworx-javascript/packages/miajs/test/src/streamer.js",
              "file": "/test/src/streamer.js",
              "beforeHooks": [],
              "afterHooks": [],
              "tests": [
                {
                  "title": "should work",
                  "fullTitle": "Streamer @chain should work",
                  "timedOut": false,
                  "duration": 1,
                  "state": "passed",
                  "speed": "fast",
                  "pass": true,
                  "fail": false,
                  "pending": false,
                  "context": null,
                  "code": "const t1 = chain_(function() {\n  return this.chain(new ReadFile($$.dataPath('test.txt')))\n  .chain(new ConsoleWriter);\n});\nreturn runner_().run(t1);",
                  "err": {},
                  "uuid": "593bcc1d-88da-4bf7-80ea-7c2a0cc95548",
                  "parentUUID": "1e65ba3d-ceb1-45b9-b2aa-a301088a4917",
                  "isHook": false,
                  "skipped": false
                }
              ],
              "suites": [],
              "passes": [
                "593bcc1d-88da-4bf7-80ea-7c2a0cc95548"
              ],
              "failures": [],
              "pending": [],
              "skipped": [],
              "duration": 1,
              "root": false,
              "rootEmpty": false,
              "_timeout": 2000
            }
          ],
          "passes": [],
          "failures": [],
          "pending": [],
          "skipped": [],
          "duration": 0,
          "root": false,
          "rootEmpty": false,
          "_timeout": 2000
        },
        {
          "uuid": "4c4f297d-a342-4020-8db0-b855086e002c",
          "title": "Stringer",
          "fullFile": "/home/kurtis/Dev/botworx-javascript/packages/miajs/test/src/stringer.js",
          "file": "/test/src/stringer.js",
          "beforeHooks": [],
          "afterHooks": [],
          "tests": [
            {
              "title": "should work",
              "fullTitle": "Stringer should work",
              "timedOut": false,
              "duration": 1,
              "state": "passed",
              "speed": "fast",
              "pass": true,
              "fail": false,
              "pending": false,
              "context": null,
              "code": "const stringer = new Stringer();\nstringer.write('Hello');\nstringer.write('World');\n$$._(stringer);\n$$._(stringer.toString());\nreturn $$._(String(stringer));",
              "err": {},
              "uuid": "8a155361-f33e-4dc0-ac63-0e7d39e38e92",
              "parentUUID": "4c4f297d-a342-4020-8db0-b855086e002c",
              "isHook": false,
              "skipped": false
            }
          ],
          "suites": [],
          "passes": [
            "8a155361-f33e-4dc0-ac63-0e7d39e38e92"
          ],
          "failures": [],
          "pending": [],
          "skipped": [],
          "duration": 1,
          "root": false,
          "rootEmpty": false,
          "_timeout": 2000
        },
        {
          "uuid": "c6ee6a40-8142-4e5d-8775-cff5d21bd84d",
          "title": "Term",
          "fullFile": "/home/kurtis/Dev/botworx-javascript/packages/miajs/test/src/typed.js",
          "file": "/test/src/typed.js",
          "beforeHooks": [],
          "afterHooks": [],
          "tests": [],
          "suites": [
            {
              "uuid": "1b9fdcda-c000-4f98-8484-82b2110e4261",
              "title": "typed",
              "fullFile": "/home/kurtis/Dev/botworx-javascript/packages/miajs/test/src/typed.js",
              "file": "/test/src/typed.js",
              "beforeHooks": [],
              "afterHooks": [],
              "tests": [
                {
                  "title": "should work",
                  "fullTitle": "Term typed should work",
                  "timedOut": false,
                  "duration": 1,
                  "state": "passed",
                  "speed": "fast",
                  "pass": true,
                  "fail": false,
                  "pending": false,
                  "context": null,
                  "code": "//t = $_ 'Block1', 'Block'\nclass Table extends Term {}\nconst t1 = $_('Table1', Table);\n$$._(t1);\nconst t2 = $_('Block1', 'Block');\nreturn $$._(t2);",
                  "err": {},
                  "uuid": "227107a3-a65e-44fc-ad38-0466970185f6",
                  "parentUUID": "1b9fdcda-c000-4f98-8484-82b2110e4261",
                  "isHook": false,
                  "skipped": false
                }
              ],
              "suites": [],
              "passes": [
                "227107a3-a65e-44fc-ad38-0466970185f6"
              ],
              "failures": [],
              "pending": [],
              "skipped": [],
              "duration": 1,
              "root": false,
              "rootEmpty": false,
              "_timeout": 2000
            }
          ],
          "passes": [],
          "failures": [],
          "pending": [],
          "skipped": [],
          "duration": 0,
          "root": false,
          "rootEmpty": false,
          "_timeout": 2000
        },
        {
          "uuid": "75c81864-aee9-481c-8466-2b8ebf2a7d01",
          "title": "Unit",
          "fullFile": "/home/kurtis/Dev/botworx-javascript/packages/miajs/test/src/unit.js",
          "file": "/test/src/unit.js",
          "beforeHooks": [],
          "afterHooks": [],
          "tests": [],
          "suites": [
            {
              "uuid": "5eaefae5-0667-4831-9ad0-864cfd04a366",
              "title": "test",
              "fullFile": "/home/kurtis/Dev/botworx-javascript/packages/miajs/test/src/unit.js",
              "file": "/test/src/unit.js",
              "beforeHooks": [],
              "afterHooks": [],
              "tests": [
                {
                  "title": "should work",
                  "fullTitle": "Unit test should work",
                  "timedOut": false,
                  "duration": 0,
                  "state": "passed",
                  "speed": "fast",
                  "pass": true,
                  "fail": false,
                  "pending": false,
                  "context": null,
                  "code": "let {$$, unit_} = require('./common');\n$$ = unit_(module, $$);\nreturn $$._($$.stringify($$));",
                  "err": {},
                  "uuid": "448f364c-a9fe-4349-848d-e016c324129b",
                  "parentUUID": "5eaefae5-0667-4831-9ad0-864cfd04a366",
                  "isHook": false,
                  "skipped": false
                }
              ],
              "suites": [],
              "passes": [
                "448f364c-a9fe-4349-848d-e016c324129b"
              ],
              "failures": [],
              "pending": [],
              "skipped": [],
              "duration": 0,
              "root": false,
              "rootEmpty": false,
              "_timeout": 2000
            }
          ],
          "passes": [],
          "failures": [],
          "pending": [],
          "skipped": [],
          "duration": 0,
          "root": false,
          "rootEmpty": false,
          "_timeout": 2000
        },
        {
          "uuid": "b23c4f8d-d19d-4bb8-91a5-4ec17b1436f0",
          "title": "Clause",
          "fullFile": "/home/kurtis/Dev/botworx-javascript/packages/miajs/test/src/xtra.js",
          "file": "/test/src/xtra.js",
          "beforeHooks": [],
          "afterHooks": [],
          "tests": [],
          "suites": [
            {
              "uuid": "2fdba4b2-b938-4ea9-ba1d-e08a59930acf",
              "title": "@xtra",
              "fullFile": "/home/kurtis/Dev/botworx-javascript/packages/miajs/test/src/xtra.js",
              "file": "/test/src/xtra.js",
              "beforeHooks": [],
              "afterHooks": [],
              "tests": [
                {
                  "title": "should work",
                  "fullTitle": "Clause @xtra should work",
                  "timedOut": false,
                  "duration": 2,
                  "state": "passed",
                  "speed": "fast",
                  "pass": true,
                  "fail": false,
                  "pending": false,
                  "context": null,
                  "code": "const ctx = context_();\nconst c1 = believe_(_Bob, _likes, _Tuna, {with: _Cheese});\nctx.add(c1);\nconst c2 = believe_(_Joe, _likes, _Peas);\nctx.add(c2);\n$$.h2(\"All Clauses\");\nfor (let c of ctx.clauses) {\n  $$._(c.toString());\n}\n$$.h2(\"Find in Context\");\nlet r = ctx.find(Believe, _Bob, _likes, _Tuna);\n$$.$(\"< Bob likes Tuna >\");\n$$._(r.toString());\nr = ctx.find(Believe, __, _likes, _Tuna);\n$$.$(\"< __ likes Tuna >\");\n$$._(r.toString());\nr = ctx.find(Believe, __, _likes, __);\n$$.$(\"< __ likes __ >\");\n$$._(r.toString());\n$$.h2(\"Message Matches\");\nconst m = new Assert(c1);\n$$._(m.match(Assert, Believe, __, _likes, _Tuna));\n$$._(m.match(Assert, Believe, _Bob, _likes, _Tuna));\n$$._(m.match(Assert, Believe, _Bob, _likes, _Fish));\n$$._(m.match(Retract, Believe, _Bob, _likes, _Fish));\n$$._(m.match(Assert, Believe, _Joe, _likes, _Fish));\nconst rnr = runner_();\nrnr.def(new OnAssert(Believe, __, _likes, _Tuna), function() {\n  const $x = this.msg.data.subj;\n  return this.task(function() {\n    $$._('A');\n    return this.perform($x, _get, _Fish);}).task(() => $$._('B'));\n});\nrnr.def(new OnAttempt(Achieve, __, _get, _Fish),  function() {\n  const $x = this.msg.data.subj;\n  return $$._(`${$x} is getting Fish.`);\n});\nrnr.post(m);\nreturn rnr.run();",
                  "err": {},
                  "uuid": "48aaca05-02b2-4d94-9807-d4268ac87c7a",
                  "parentUUID": "2fdba4b2-b938-4ea9-ba1d-e08a59930acf",
                  "isHook": false,
                  "skipped": false
                }
              ],
              "suites": [],
              "passes": [
                "48aaca05-02b2-4d94-9807-d4268ac87c7a"
              ],
              "failures": [],
              "pending": [],
              "skipped": [],
              "duration": 2,
              "root": false,
              "rootEmpty": false,
              "_timeout": 2000
            }
          ],
          "passes": [],
          "failures": [],
          "pending": [],
          "skipped": [],
          "duration": 0,
          "root": false,
          "rootEmpty": false,
          "_timeout": 2000
        },
        {
          "uuid": "ea078394-1b40-4619-9ee1-0e5039765d15",
          "title": "Yaml",
          "fullFile": "/home/kurtis/Dev/botworx-javascript/packages/miajs/test/src/yaml.js",
          "file": "/test/src/yaml.js",
          "beforeHooks": [],
          "afterHooks": [],
          "tests": [
            {
              "title": "should work",
              "fullTitle": "Yaml should work",
              "timedOut": false,
              "duration": 0,
              "state": "passed",
              "speed": "fast",
              "pass": true,
              "fail": false,
              "pending": false,
              "context": null,
              "code": "// Get document, or throw exception on error\ntry {\n  const doc = yaml.safeLoad(fs.readFileSync($$.dataPath('cleavers.yml'), 'utf8'));\n  return console.log(doc);\n} catch (e) {\n  return console.log(e);\n}",
              "err": {},
              "uuid": "d3870526-486d-468e-bf81-fd11c65632ec",
              "parentUUID": "ea078394-1b40-4619-9ee1-0e5039765d15",
              "isHook": false,
              "skipped": false
            }
          ],
          "suites": [],
          "passes": [
            "d3870526-486d-468e-bf81-fd11c65632ec"
          ],
          "failures": [],
          "pending": [],
          "skipped": [],
          "duration": 0,
          "root": false,
          "rootEmpty": false,
          "_timeout": 2000
        },
        {
          "uuid": "67a9815d-bfcb-4819-9e0e-0c93c192d042",
          "title": "YamlContext",
          "fullFile": "/home/kurtis/Dev/botworx-javascript/packages/miajs/test/src/yamlcontext.js",
          "file": "/test/src/yamlcontext.js",
          "beforeHooks": [],
          "afterHooks": [],
          "tests": [
            {
              "title": "should work",
              "fullTitle": "YamlContext should work",
              "timedOut": false,
              "duration": 1,
              "state": "passed",
              "speed": "fast",
              "pass": true,
              "fail": false,
              "pending": false,
              "context": null,
              "code": "const ctx = new YamlContext().load($$.dataPath('cleavers.yml'));\n$$._(ctx);\nreturn ctx.clauses.map((c) =>\n  $$._(_$(c)));",
              "err": {},
              "uuid": "7e7a9501-4ec8-4ec6-8271-158a089bc816",
              "parentUUID": "67a9815d-bfcb-4819-9e0e-0c93c192d042",
              "isHook": false,
              "skipped": false
            }
          ],
          "suites": [],
          "passes": [
            "7e7a9501-4ec8-4ec6-8271-158a089bc816"
          ],
          "failures": [],
          "pending": [],
          "skipped": [],
          "duration": 1,
          "root": false,
          "rootEmpty": false,
          "_timeout": 2000
        }
      ],
      "passes": [],
      "failures": [],
      "pending": [],
      "skipped": [],
      "duration": 0,
      "root": true,
      "rootEmpty": true,
      "_timeout": 2000
    }
  ],
  "meta": {
    "mocha": {
      "version": "7.0.1"
    },
    "mochawesome": {
      "options": {
        "quiet": false,
        "reportFilename": "mochawesome",
        "saveHtml": true,
        "saveJson": true,
        "consoleReporter": "spec",
        "useInlineDiffs": false
      },
      "version": "4.1.0"
    },
    "marge": {
      "options": {
        "reportDir": "./test/report"
      },
      "version": "4.1.0"
    }
  }
}