{
  "stats": {
    "suites": 34,
    "tests": 21,
    "passes": 21,
    "pending": 0,
    "failures": 0,
    "start": "2020-02-02T21:15:49.383Z",
    "end": "2020-02-02T21:15:49.484Z",
    "duration": 101,
    "testsRegistered": 21,
    "passPercent": 100,
    "pendingPercent": 0,
    "other": 0,
    "hasOther": false,
    "skipped": 0,
    "hasSkipped": false
  },
  "results": [
    {
      "uuid": "4aff4593-a2e5-4654-aa1c-1bc7393f7c9f",
      "title": "",
      "fullFile": "",
      "file": "",
      "beforeHooks": [],
      "afterHooks": [],
      "tests": [],
      "suites": [
        {
          "uuid": "962f9b1c-d06f-4443-a139-96157098d89c",
          "title": "Analyzer",
          "fullFile": "/home/kurtis/Dev/botworx-javascript/packages/miascript/test/src/analyzer.js",
          "file": "/test/src/analyzer.js",
          "beforeHooks": [],
          "afterHooks": [],
          "tests": [],
          "suites": [
            {
              "uuid": "1b5899f0-64fe-4a24-8001-04c194362b4e",
              "title": "@analyze",
              "fullFile": "/home/kurtis/Dev/botworx-javascript/packages/miascript/test/src/analyzer.js",
              "file": "/test/src/analyzer.js",
              "beforeHooks": [],
              "afterHooks": [],
              "tests": [
                {
                  "title": "should work",
                  "fullTitle": "Analyzer @analyze should work",
                  "timedOut": false,
                  "duration": 6,
                  "state": "passed",
                  "speed": "fast",
                  "pass": true,
                  "fail": false,
                  "pending": false,
                  "context": null,
                  "code": "const ast = analyze(data);\nreturn $$._($$.stringify(ast, null, 2));",
                  "err": {},
                  "uuid": "158bc270-169b-4213-8bf5-0aa0034a4296",
                  "parentUUID": "1b5899f0-64fe-4a24-8001-04c194362b4e",
                  "isHook": false,
                  "skipped": false
                }
              ],
              "suites": [],
              "passes": [
                "158bc270-169b-4213-8bf5-0aa0034a4296"
              ],
              "failures": [],
              "pending": [],
              "skipped": [],
              "duration": 6,
              "root": false,
              "rootEmpty": false,
              "_timeout": 2000
            }
          ],
          "passes": [],
          "failures": [],
          "pending": [],
          "skipped": [],
          "duration": 0,
          "root": false,
          "rootEmpty": false,
          "_timeout": 2000
        },
        {
          "uuid": "3622614f-d756-484b-85b7-76a589469f87",
          "title": "Array",
          "fullFile": "/home/kurtis/Dev/botworx-javascript/packages/miascript/test/src/array.js",
          "file": "/test/src/array.js",
          "beforeHooks": [],
          "afterHooks": [],
          "tests": [],
          "suites": [
            {
              "uuid": "f3b72835-109c-46ff-a1ba-565051bacf07",
              "title": "@evaluate",
              "fullFile": "/home/kurtis/Dev/botworx-javascript/packages/miascript/test/src/array.js",
              "file": "/test/src/array.js",
              "beforeHooks": [],
              "afterHooks": [],
              "tests": [
                {
                  "title": "should work",
                  "fullTitle": "Array @evaluate should work",
                  "timedOut": false,
                  "duration": 6,
                  "state": "passed",
                  "speed": "fast",
                  "pass": true,
                  "fail": false,
                  "pending": false,
                  "context": null,
                  "code": "//$$._ lex data\n//$$._ JSON.stringify (parse data), null, 2\n$$._(JSON.stringify((analyze(data)), null, 2));\n//$$._ transpile data\n$$._(compile(data));\nreturn evaluate(data);",
                  "err": {},
                  "uuid": "3afda03c-dbae-4926-baad-dc1c844abd88",
                  "parentUUID": "f3b72835-109c-46ff-a1ba-565051bacf07",
                  "isHook": false,
                  "skipped": false
                }
              ],
              "suites": [],
              "passes": [
                "3afda03c-dbae-4926-baad-dc1c844abd88"
              ],
              "failures": [],
              "pending": [],
              "skipped": [],
              "duration": 6,
              "root": false,
              "rootEmpty": false,
              "_timeout": 2000
            }
          ],
          "passes": [],
          "failures": [],
          "pending": [],
          "skipped": [],
          "duration": 0,
          "root": false,
          "rootEmpty": false,
          "_timeout": 2000
        },
        {
          "uuid": "fd073050-df56-4a64-b9e3-2a9761e208cb",
          "title": "Assert",
          "fullFile": "/home/kurtis/Dev/botworx-javascript/packages/miascript/test/src/assert.js",
          "file": "/test/src/assert.js",
          "beforeHooks": [],
          "afterHooks": [],
          "tests": [],
          "suites": [
            {
              "uuid": "9d8aa31e-11aa-4b14-b0dd-ae577501dc2c",
              "title": "@evaluate",
              "fullFile": "/home/kurtis/Dev/botworx-javascript/packages/miascript/test/src/assert.js",
              "file": "/test/src/assert.js",
              "beforeHooks": [],
              "afterHooks": [],
              "tests": [
                {
                  "title": "should work",
                  "fullTitle": "Assert @evaluate should work",
                  "timedOut": false,
                  "duration": 6,
                  "state": "passed",
                  "speed": "fast",
                  "pass": true,
                  "fail": false,
                  "pending": false,
                  "context": null,
                  "code": "//$$._ lex data\n//$$._ JSON.stringify (parse data), null, 2\n$$._(JSON.stringify((analyze(data)), null, 2));\n//$$._ transpile data\n$$._(compile(data));\nreturn evaluate(data);",
                  "err": {},
                  "uuid": "4c41c2ef-e71a-4a8d-98b9-4571d62f9274",
                  "parentUUID": "9d8aa31e-11aa-4b14-b0dd-ae577501dc2c",
                  "isHook": false,
                  "skipped": false
                }
              ],
              "suites": [],
              "passes": [
                "4c41c2ef-e71a-4a8d-98b9-4571d62f9274"
              ],
              "failures": [],
              "pending": [],
              "skipped": [],
              "duration": 6,
              "root": false,
              "rootEmpty": false,
              "_timeout": 2000
            }
          ],
          "passes": [],
          "failures": [],
          "pending": [],
          "skipped": [],
          "duration": 0,
          "root": false,
          "rootEmpty": false,
          "_timeout": 2000
        },
        {
          "uuid": "01720b24-4e6b-48ed-8045-e8bea7457454",
          "title": "AST",
          "fullFile": "/home/kurtis/Dev/botworx-javascript/packages/miascript/test/src/ast.js",
          "file": "/test/src/ast.js",
          "beforeHooks": [],
          "afterHooks": [],
          "tests": [],
          "suites": [
            {
              "uuid": "fe8fc094-39b6-448e-8e55-474dd664186e",
              "title": "@evaluate",
              "fullFile": "/home/kurtis/Dev/botworx-javascript/packages/miascript/test/src/ast.js",
              "file": "/test/src/ast.js",
              "beforeHooks": [],
              "afterHooks": [],
              "tests": [
                {
                  "title": "should work",
                  "fullTitle": "AST @evaluate should work",
                  "timedOut": false,
                  "duration": 1,
                  "state": "passed",
                  "speed": "fast",
                  "pass": true,
                  "fail": false,
                  "pending": false,
                  "context": null,
                  "code": "const ast = parse(data);\nreturn $$._($$.stringify(ast, null, 2));",
                  "err": {},
                  "uuid": "2202d74e-d7e3-4b58-a047-1f7ed2d7f9d5",
                  "parentUUID": "fe8fc094-39b6-448e-8e55-474dd664186e",
                  "isHook": false,
                  "skipped": false
                }
              ],
              "suites": [],
              "passes": [
                "2202d74e-d7e3-4b58-a047-1f7ed2d7f9d5"
              ],
              "failures": [],
              "pending": [],
              "skipped": [],
              "duration": 1,
              "root": false,
              "rootEmpty": false,
              "_timeout": 2000
            }
          ],
          "passes": [],
          "failures": [],
          "pending": [],
          "skipped": [],
          "duration": 0,
          "root": false,
          "rootEmpty": false,
          "_timeout": 2000
        },
        {
          "uuid": "c0d03559-feb7-4284-9dba-fb7fdec1c78b",
          "title": "Blox",
          "fullFile": "/home/kurtis/Dev/botworx-javascript/packages/miascript/test/src/blox.js",
          "file": "/test/src/blox.js",
          "beforeHooks": [],
          "afterHooks": [],
          "tests": [
            {
              "title": "should work",
              "fullTitle": "Blox should work",
              "timedOut": false,
              "duration": 15,
              "state": "passed",
              "speed": "fast",
              "pass": true,
              "fail": false,
              "pending": false,
              "context": null,
              "code": "//$$._ lex data\n//$$._ JSON.stringify (parse data), null, 2\n//$$._ JSON.stringify (transform data), null, 2\n//$$._ JSON.stringify (analyze data), null, 2\n$$._(transpile(data));\n//$$._ compile data\nreturn evaluate(data);",
              "err": {},
              "uuid": "be14d2c1-9e13-4d3d-a555-fdb57de4e02e",
              "parentUUID": "c0d03559-feb7-4284-9dba-fb7fdec1c78b",
              "isHook": false,
              "skipped": false
            }
          ],
          "suites": [],
          "passes": [
            "be14d2c1-9e13-4d3d-a555-fdb57de4e02e"
          ],
          "failures": [],
          "pending": [],
          "skipped": [],
          "duration": 15,
          "root": false,
          "rootEmpty": false,
          "_timeout": 2000
        },
        {
          "uuid": "c334b0ca-9ca6-45bb-a3b0-2150f7213dda",
          "title": "BoundClause",
          "fullFile": "/home/kurtis/Dev/botworx-javascript/packages/miascript/test/src/boundclause.js",
          "file": "/test/src/boundclause.js",
          "beforeHooks": [],
          "afterHooks": [],
          "tests": [
            {
              "title": "should work",
              "fullTitle": "BoundClause should work",
              "timedOut": false,
              "duration": 4,
              "state": "passed",
              "speed": "fast",
              "pass": true,
              "fail": false,
              "pending": false,
              "context": null,
              "code": "//$$._ lex data\n$$._(JSON.stringify((parse(data)), null, 2));\n//$$._ JSON.stringify (transform data), null, 2\n//$$._ JSON.stringify (analyze data), null, 2\n//$$._ transpile data\n//$$._ compile data\nreturn evaluate(data);",
              "err": {},
              "uuid": "ac788b11-49b6-4ffe-855f-603b5c611bc9",
              "parentUUID": "c334b0ca-9ca6-45bb-a3b0-2150f7213dda",
              "isHook": false,
              "skipped": false
            }
          ],
          "suites": [],
          "passes": [
            "ac788b11-49b6-4ffe-855f-603b5c611bc9"
          ],
          "failures": [],
          "pending": [],
          "skipped": [],
          "duration": 4,
          "root": false,
          "rootEmpty": false,
          "_timeout": 2000
        },
        {
          "uuid": "bc6980c7-c5df-4296-a17e-7b7a5e5cb6a4",
          "title": "Clause",
          "fullFile": "/home/kurtis/Dev/botworx-javascript/packages/miascript/test/src/clause.js",
          "file": "/test/src/clause.js",
          "beforeHooks": [],
          "afterHooks": [],
          "tests": [],
          "suites": [
            {
              "uuid": "f6b20e75-95e7-4d61-813a-8c74ac1d98ae",
              "title": "@evaluate",
              "fullFile": "/home/kurtis/Dev/botworx-javascript/packages/miascript/test/src/clause.js",
              "file": "/test/src/clause.js",
              "beforeHooks": [],
              "afterHooks": [],
              "tests": [
                {
                  "title": "should work",
                  "fullTitle": "Clause @evaluate should work",
                  "timedOut": false,
                  "duration": 1,
                  "state": "passed",
                  "speed": "fast",
                  "pass": true,
                  "fail": false,
                  "pending": false,
                  "context": null,
                  "code": "//$$._ JSON.stringify (parse data), null, 2\n$$._(JSON.stringify((analyze(data)), null, 2));\n$$._(transpile(data));\nreturn $$._(compile(data));",
                  "err": {},
                  "uuid": "fb71150e-0e9d-4b06-8265-ad2d3a37014b",
                  "parentUUID": "f6b20e75-95e7-4d61-813a-8c74ac1d98ae",
                  "isHook": false,
                  "skipped": false
                }
              ],
              "suites": [],
              "passes": [
                "fb71150e-0e9d-4b06-8265-ad2d3a37014b"
              ],
              "failures": [],
              "pending": [],
              "skipped": [],
              "duration": 1,
              "root": false,
              "rootEmpty": false,
              "_timeout": 2000
            }
          ],
          "passes": [],
          "failures": [],
          "pending": [],
          "skipped": [],
          "duration": 0,
          "root": false,
          "rootEmpty": false,
          "_timeout": 2000
        },
        {
          "uuid": "59f3d5e1-c1f1-41a9-ac78-f66cadccba19",
          "title": "DefParser",
          "fullFile": "/home/kurtis/Dev/botworx-javascript/packages/miascript/test/src/defparser.js",
          "file": "/test/src/defparser.js",
          "beforeHooks": [],
          "afterHooks": [],
          "tests": [],
          "suites": [
            {
              "uuid": "8f81b0b3-2483-4ec7-9861-74fe9d10350c",
              "title": "@parse",
              "fullFile": "/home/kurtis/Dev/botworx-javascript/packages/miascript/test/src/defparser.js",
              "file": "/test/src/defparser.js",
              "beforeHooks": [],
              "afterHooks": [],
              "tests": [
                {
                  "title": "should work",
                  "fullTitle": "DefParser @parse should work",
                  "timedOut": false,
                  "duration": 1,
                  "state": "passed",
                  "speed": "fast",
                  "pass": true,
                  "fail": false,
                  "pending": false,
                  "context": null,
                  "code": "let tok;\nlet ast;\n$$.h2('Data');\nconst data = \"say $t\";\n$$._(data);\n$$.h2('Lex');\nconst terminals = grammar.parser.terminals_;\nconst lexer = new MiaLexer();\nlexer.setInput(data);\nwhile ((tok = lexer.lex()) !== lexer.EOF) {\n  $$._(terminals[tok]);\n}\n$$.h2('Parse');\nconst parser = new MiaParser(lexer, yy);\ntry {\n  ast = parser.parse(data);\n} catch (err) {\n  $$._(err.message);\n  $$._(err.hash);\n}\n$$.h2('AST');\nreturn $$._(JSON.stringify(ast, null, 2));",
                  "err": {},
                  "uuid": "bc88fcdc-87b7-451a-b794-f669351d5d0d",
                  "parentUUID": "8f81b0b3-2483-4ec7-9861-74fe9d10350c",
                  "isHook": false,
                  "skipped": false
                }
              ],
              "suites": [],
              "passes": [
                "bc88fcdc-87b7-451a-b794-f669351d5d0d"
              ],
              "failures": [],
              "pending": [],
              "skipped": [],
              "duration": 1,
              "root": false,
              "rootEmpty": false,
              "_timeout": 2000
            }
          ],
          "passes": [],
          "failures": [],
          "pending": [],
          "skipped": [],
          "duration": 0,
          "root": false,
          "rootEmpty": false,
          "_timeout": 2000
        },
        {
          "uuid": "775d5859-e79d-47b8-9857-cffef687732c",
          "title": "Assert",
          "fullFile": "/home/kurtis/Dev/botworx-javascript/packages/miascript/test/src/iassert.js",
          "file": "/test/src/iassert.js",
          "beforeHooks": [],
          "afterHooks": [],
          "tests": [],
          "suites": [
            {
              "uuid": "dfee56c3-6729-4293-a326-585cd1234522",
              "title": "@evaluate",
              "fullFile": "/home/kurtis/Dev/botworx-javascript/packages/miascript/test/src/iassert.js",
              "file": "/test/src/iassert.js",
              "beforeHooks": [],
              "afterHooks": [],
              "tests": [
                {
                  "title": "should work",
                  "fullTitle": "Assert @evaluate should work",
                  "timedOut": false,
                  "duration": 5,
                  "state": "passed",
                  "speed": "fast",
                  "pass": true,
                  "fail": false,
                  "pending": false,
                  "context": null,
                  "code": "$$._(lex(data));\n//$$._ JSON.stringify (parse data), null, 2\n$$._(JSON.stringify((analyze(data)), null, 2));\n$$._(transpile(data));\nreturn $$._(compile(data));",
                  "err": {},
                  "uuid": "b5b86408-7fda-4dc7-b52b-7e79e07b0517",
                  "parentUUID": "dfee56c3-6729-4293-a326-585cd1234522",
                  "isHook": false,
                  "skipped": false
                }
              ],
              "suites": [],
              "passes": [
                "b5b86408-7fda-4dc7-b52b-7e79e07b0517"
              ],
              "failures": [],
              "pending": [],
              "skipped": [],
              "duration": 5,
              "root": false,
              "rootEmpty": false,
              "_timeout": 2000
            }
          ],
          "passes": [],
          "failures": [],
          "pending": [],
          "skipped": [],
          "duration": 0,
          "root": false,
          "rootEmpty": false,
          "_timeout": 2000
        },
        {
          "uuid": "eb3d1455-bd00-4950-b24f-7a88a602f716",
          "title": "Impasse",
          "fullFile": "/home/kurtis/Dev/botworx-javascript/packages/miascript/test/src/impasse.js",
          "file": "/test/src/impasse.js",
          "beforeHooks": [],
          "afterHooks": [],
          "tests": [
            {
              "title": "should work",
              "fullTitle": "Impasse should work",
              "timedOut": false,
              "duration": 5,
              "state": "passed",
              "speed": "fast",
              "pass": true,
              "fail": false,
              "pending": false,
              "context": null,
              "code": "//$$._ lex data\n//$$._ JSON.stringify (parse data), null, 2\n$$._(JSON.stringify((transform(data)), null, 2));\n//$$._ JSON.stringify (analyze data), null, 2\n$$._(transpile(data));\n//$$._ compile data\nreturn evaluate(data);",
              "err": {},
              "uuid": "b1b95d7c-53ff-4c17-bb86-f89e79486e39",
              "parentUUID": "eb3d1455-bd00-4950-b24f-7a88a602f716",
              "isHook": false,
              "skipped": false
            }
          ],
          "suites": [],
          "passes": [
            "b1b95d7c-53ff-4c17-bb86-f89e79486e39"
          ],
          "failures": [],
          "pending": [],
          "skipped": [],
          "duration": 5,
          "root": false,
          "rootEmpty": false,
          "_timeout": 2000
        },
        {
          "uuid": "f5b45d24-70ec-4184-83db-3563f9e0fc7c",
          "title": "MiaCompiler",
          "fullFile": "/home/kurtis/Dev/botworx-javascript/packages/miascript/test/src/miacompiler.js",
          "file": "/test/src/miacompiler.js",
          "beforeHooks": [],
          "afterHooks": [],
          "tests": [],
          "suites": [
            {
              "uuid": "5f29b57c-3fd9-4da9-92c5-0e9cb654f3ba",
              "title": "@compile",
              "fullFile": "/home/kurtis/Dev/botworx-javascript/packages/miascript/test/src/miacompiler.js",
              "file": "/test/src/miacompiler.js",
              "beforeHooks": [],
              "afterHooks": [],
              "tests": [
                {
                  "title": "should work",
                  "fullTitle": "MiaCompiler @compile should work",
                  "timedOut": false,
                  "duration": 2,
                  "state": "passed",
                  "speed": "fast",
                  "pass": true,
                  "fail": false,
                  "pending": false,
                  "context": null,
                  "code": "let tok;\nlet ast;\nconst terminals = grammar.parser.terminals_;\nconst lexer = new MiaLexer();\nconst data =\n`\\\ndef (hello)\n\ndef (say $t)\n| $t\n\nsay \"Hello World\"\nsay \"Goodbye World\"\n\nhello\\\n`;\n$$.h2('Data Begin');\n$$._(data);\n$$.h2('Data End');\n$$.h2('Lex Begin');\nlexer.setInput(data);\nwhile ((tok = lexer.lex()) !== lexer.EOF) {\n  $$._(terminals[tok]);\n}\n$$.h2('Lex End');\n/*\nParser\n*/\nconst parser = new MiaParser(lexer, yy);\n$$.h2('Parse Begin');\ntry {\n  ast = parser.parse(data);\n} catch (err) {\n  $$._(err.message);\n  $$._(err.hash);\n}\n$$.h2('Parse End');\n$$.h2('AST Begin');\n$$._(JSON.stringify(ast, null, 2));\n$$.h2('AST End');\n$$.h2('Compiler Begin');\n//\nconst out = process.stdout;\n//\ncompiler = new MiaCompiler(out);\nreturn compiler.compile(ast);",
                  "err": {},
                  "uuid": "64ce6abe-dd25-40eb-b59d-60a9e77e2d4e",
                  "parentUUID": "5f29b57c-3fd9-4da9-92c5-0e9cb654f3ba",
                  "isHook": false,
                  "skipped": false
                }
              ],
              "suites": [],
              "passes": [
                "64ce6abe-dd25-40eb-b59d-60a9e77e2d4e"
              ],
              "failures": [],
              "pending": [],
              "skipped": [],
              "duration": 2,
              "root": false,
              "rootEmpty": false,
              "_timeout": 2000
            }
          ],
          "passes": [],
          "failures": [],
          "pending": [],
          "skipped": [],
          "duration": 0,
          "root": false,
          "rootEmpty": false,
          "_timeout": 2000
        },
        {
          "uuid": "96bc82bf-9422-44ef-b3ba-dbb5333e345d",
          "title": "MiaLexer",
          "fullFile": "/home/kurtis/Dev/botworx-javascript/packages/miascript/test/src/mialexer.js",
          "file": "/test/src/mialexer.js",
          "beforeHooks": [],
          "afterHooks": [],
          "tests": [],
          "suites": [
            {
              "uuid": "65940944-0909-4416-a0e8-8fbfa7f58989",
              "title": "@lex",
              "fullFile": "/home/kurtis/Dev/botworx-javascript/packages/miascript/test/src/mialexer.js",
              "file": "/test/src/mialexer.js",
              "beforeHooks": [],
              "afterHooks": [],
              "tests": [
                {
                  "title": "should work",
                  "fullTitle": "MiaLexer @lex should work",
                  "timedOut": false,
                  "duration": 0,
                  "state": "passed",
                  "speed": "fast",
                  "pass": true,
                  "fail": false,
                  "pending": false,
                  "context": null,
                  "code": "const terminals = grammar.parser.terminals_;\nconst lexer = new MiaLexer();\nconst data =\n`\\\ndef (hello)\n\ndef (say $t)\n| $$._($t);\n\nsay \"Hello World\"\nsay \"Goodbye World\"\n\nhello\\\n`;\n$$.h2('Data');\n$$._(data);\n$$.h2('Tokens');\nlexer.setInput(data);\nlet tok;\nconst result = [];\nwhile ((tok = lexer.lex()) !== lexer.EOF) {\n  $$._(terminals[tok]);\n}",
                  "err": {},
                  "uuid": "bf3d0a9e-1325-4830-8a6e-4ee2a005fa85",
                  "parentUUID": "65940944-0909-4416-a0e8-8fbfa7f58989",
                  "isHook": false,
                  "skipped": false
                }
              ],
              "suites": [],
              "passes": [
                "bf3d0a9e-1325-4830-8a6e-4ee2a005fa85"
              ],
              "failures": [],
              "pending": [],
              "skipped": [],
              "duration": 0,
              "root": false,
              "rootEmpty": false,
              "_timeout": 2000
            }
          ],
          "passes": [],
          "failures": [],
          "pending": [],
          "skipped": [],
          "duration": 0,
          "root": false,
          "rootEmpty": false,
          "_timeout": 2000
        },
        {
          "uuid": "bef72828-a725-433f-9125-4557a3496513",
          "title": "MiaParser",
          "fullFile": "/home/kurtis/Dev/botworx-javascript/packages/miascript/test/src/miaparser.js",
          "file": "/test/src/miaparser.js",
          "beforeHooks": [],
          "afterHooks": [],
          "tests": [],
          "suites": [
            {
              "uuid": "74fb39ed-07d5-408a-9101-7be3cea75202",
              "title": "@parse",
              "fullFile": "/home/kurtis/Dev/botworx-javascript/packages/miascript/test/src/miaparser.js",
              "file": "/test/src/miaparser.js",
              "beforeHooks": [],
              "afterHooks": [],
              "tests": [
                {
                  "title": "should work",
                  "fullTitle": "MiaParser @parse should work",
                  "timedOut": false,
                  "duration": 1,
                  "state": "passed",
                  "speed": "fast",
                  "pass": true,
                  "fail": false,
                  "pending": false,
                  "context": null,
                  "code": "let tok;\nlet ast;\nconst terminals = grammar.parser.terminals_;\nconst lexer = new MiaLexer();\n$$.h2('Data');\nconst data =\n`\\\ndef (hello)\n\ndef (say $t)\n| $t\n\nsay \"Hello World\"\nsay \"Goodbye World\"\n\nhello\\\n`;\n$$._(data);\n$$.h2('Lex');\nlexer.setInput(data);\nwhile ((tok = lexer.lex()) !== lexer.EOF) {\n  $$._(terminals[tok]);\n}\n/*\nParser\n*/\nconst parser = new MiaParser(lexer, yy);\n$$.h2('Parse');\ntry {\n  ast = parser.parse(data);\n} catch (err) {\n  $$._(err.message);\n  $$._(err.hash);\n}\n$$.h2('AST');\nreturn $$._(JSON.stringify(ast, null, 2));",
                  "err": {},
                  "uuid": "f5db1450-e1fd-424a-9e7a-f7e559a92dfe",
                  "parentUUID": "74fb39ed-07d5-408a-9101-7be3cea75202",
                  "isHook": false,
                  "skipped": false
                }
              ],
              "suites": [],
              "passes": [
                "f5db1450-e1fd-424a-9e7a-f7e559a92dfe"
              ],
              "failures": [],
              "pending": [],
              "skipped": [],
              "duration": 1,
              "root": false,
              "rootEmpty": false,
              "_timeout": 2000
            }
          ],
          "passes": [],
          "failures": [],
          "pending": [],
          "skipped": [],
          "duration": 0,
          "root": false,
          "rootEmpty": false,
          "_timeout": 2000
        },
        {
          "uuid": "821bad73-7710-42c9-be23-6b89538b07df",
          "title": "MiaScript",
          "fullFile": "/home/kurtis/Dev/botworx-javascript/packages/miascript/test/src/miascript.js",
          "file": "/test/src/miascript.js",
          "beforeHooks": [],
          "afterHooks": [],
          "tests": [],
          "suites": [
            {
              "uuid": "abfc876d-6d90-4b1a-acde-b9ed1b35220e",
              "title": "@parse",
              "fullFile": "/home/kurtis/Dev/botworx-javascript/packages/miascript/test/src/miascript.js",
              "file": "/test/src/miascript.js",
              "beforeHooks": [],
              "afterHooks": [],
              "tests": [
                {
                  "title": "should work",
                  "fullTitle": "MiaScript @parse should work",
                  "timedOut": false,
                  "duration": 1,
                  "state": "passed",
                  "speed": "fast",
                  "pass": true,
                  "fail": false,
                  "pending": false,
                  "context": null,
                  "code": "$$.h2('Parse');\nreturn $$._(JSON.stringify((parse(data)), null, 2));",
                  "err": {},
                  "uuid": "858e8437-9882-4de2-9a1e-c45d26207fb4",
                  "parentUUID": "abfc876d-6d90-4b1a-acde-b9ed1b35220e",
                  "isHook": false,
                  "skipped": false
                }
              ],
              "suites": [],
              "passes": [
                "858e8437-9882-4de2-9a1e-c45d26207fb4"
              ],
              "failures": [],
              "pending": [],
              "skipped": [],
              "duration": 1,
              "root": false,
              "rootEmpty": false,
              "_timeout": 2000
            },
            {
              "uuid": "542483f1-6a70-45b8-999e-abb75f25b7ba",
              "title": "@transform",
              "fullFile": "/home/kurtis/Dev/botworx-javascript/packages/miascript/test/src/miascript.js",
              "file": "/test/src/miascript.js",
              "beforeHooks": [],
              "afterHooks": [],
              "tests": [
                {
                  "title": "should work",
                  "fullTitle": "MiaScript @transform should work",
                  "timedOut": false,
                  "duration": 1,
                  "state": "passed",
                  "speed": "fast",
                  "pass": true,
                  "fail": false,
                  "pending": false,
                  "context": null,
                  "code": "$$.h2('Transform');\nreturn $$._(JSON.stringify((transform(data)), null, 2));",
                  "err": {},
                  "uuid": "bf641b97-38bd-442c-9303-2c38cf89c785",
                  "parentUUID": "542483f1-6a70-45b8-999e-abb75f25b7ba",
                  "isHook": false,
                  "skipped": false
                }
              ],
              "suites": [],
              "passes": [
                "bf641b97-38bd-442c-9303-2c38cf89c785"
              ],
              "failures": [],
              "pending": [],
              "skipped": [],
              "duration": 1,
              "root": false,
              "rootEmpty": false,
              "_timeout": 2000
            },
            {
              "uuid": "0c68a578-c1e1-4c58-a51e-7656c54def54",
              "title": "@compile",
              "fullFile": "/home/kurtis/Dev/botworx-javascript/packages/miascript/test/src/miascript.js",
              "file": "/test/src/miascript.js",
              "beforeHooks": [],
              "afterHooks": [],
              "tests": [
                {
                  "title": "should work",
                  "fullTitle": "MiaScript @compile should work",
                  "timedOut": false,
                  "duration": 1,
                  "state": "passed",
                  "speed": "fast",
                  "pass": true,
                  "fail": false,
                  "pending": false,
                  "context": null,
                  "code": "$$.h2('Code');\nconst code = compile(data);\nreturn $$._(code);",
                  "err": {},
                  "uuid": "a5fe5232-238c-4255-a938-8706e9dae521",
                  "parentUUID": "0c68a578-c1e1-4c58-a51e-7656c54def54",
                  "isHook": false,
                  "skipped": false
                }
              ],
              "suites": [],
              "passes": [
                "a5fe5232-238c-4255-a938-8706e9dae521"
              ],
              "failures": [],
              "pending": [],
              "skipped": [],
              "duration": 1,
              "root": false,
              "rootEmpty": false,
              "_timeout": 2000
            },
            {
              "uuid": "2ff994f4-38fe-40d4-9cf5-8f7d0d596517",
              "title": "@evaluate",
              "fullFile": "/home/kurtis/Dev/botworx-javascript/packages/miascript/test/src/miascript.js",
              "file": "/test/src/miascript.js",
              "beforeHooks": [],
              "afterHooks": [],
              "tests": [
                {
                  "title": "should work",
                  "fullTitle": "MiaScript @evaluate should work",
                  "timedOut": false,
                  "duration": 3,
                  "state": "passed",
                  "speed": "fast",
                  "pass": true,
                  "fail": false,
                  "pending": false,
                  "context": null,
                  "code": "$$.h2('Evaluation');\nreturn evaluate(data);",
                  "err": {},
                  "uuid": "f7d75158-fd16-4691-ba73-60d150f05831",
                  "parentUUID": "2ff994f4-38fe-40d4-9cf5-8f7d0d596517",
                  "isHook": false,
                  "skipped": false
                }
              ],
              "suites": [],
              "passes": [
                "f7d75158-fd16-4691-ba73-60d150f05831"
              ],
              "failures": [],
              "pending": [],
              "skipped": [],
              "duration": 3,
              "root": false,
              "rootEmpty": false,
              "_timeout": 2000
            }
          ],
          "passes": [],
          "failures": [],
          "pending": [],
          "skipped": [],
          "duration": 0,
          "root": false,
          "rootEmpty": false,
          "_timeout": 2000
        },
        {
          "uuid": "bbfaf473-571e-498c-9da1-849142858414",
          "title": "Query",
          "fullFile": "/home/kurtis/Dev/botworx-javascript/packages/miascript/test/src/qnegclause.js",
          "file": "/test/src/qnegclause.js",
          "beforeHooks": [],
          "afterHooks": [],
          "tests": [
            {
              "title": "should work",
              "fullTitle": "Query should work",
              "timedOut": false,
              "duration": 10,
              "state": "passed",
              "speed": "fast",
              "pass": true,
              "fail": false,
              "pending": false,
              "context": null,
              "code": "//evaluate data\n//compile data\n$$._(JSON.stringify((parse(data)), null, 2));\n//$$._ JSON.stringify (lex data), null, 2\n//$$._ transpile data\nconst code = compile(data);\n$$._(code);\nreturn evaluate(data);",
              "err": {},
              "uuid": "6d81b1ca-0a7f-4322-9ac8-d0269807dab8",
              "parentUUID": "bbfaf473-571e-498c-9da1-849142858414",
              "isHook": false,
              "skipped": false
            }
          ],
          "suites": [],
          "passes": [
            "6d81b1ca-0a7f-4322-9ac8-d0269807dab8"
          ],
          "failures": [],
          "pending": [],
          "skipped": [],
          "duration": 10,
          "root": false,
          "rootEmpty": false,
          "_timeout": 2000
        },
        {
          "uuid": "39b745fc-fae8-4db5-bf03-c95a780653f5",
          "title": "Query",
          "fullFile": "/home/kurtis/Dev/botworx-javascript/packages/miascript/test/src/query.js",
          "file": "/test/src/query.js",
          "beforeHooks": [],
          "afterHooks": [],
          "tests": [
            {
              "title": "should work",
              "fullTitle": "Query should work",
              "timedOut": false,
              "duration": 5,
              "state": "passed",
              "speed": "fast",
              "pass": true,
              "fail": false,
              "pending": false,
              "context": null,
              "code": "//evaluate data\n//compile data\n$$._(JSON.stringify((parse(data)), null, 2));\n//$$._ JSON.stringify (lex data), null, 2\n//$$._ transpile data\nconst code = compile(data);\n$$._(code);\nreturn evaluate(data);",
              "err": {},
              "uuid": "56574733-c972-4a05-86ed-10285fa434e8",
              "parentUUID": "39b745fc-fae8-4db5-bf03-c95a780653f5",
              "isHook": false,
              "skipped": false
            }
          ],
          "suites": [],
          "passes": [
            "56574733-c972-4a05-86ed-10285fa434e8"
          ],
          "failures": [],
          "pending": [],
          "skipped": [],
          "duration": 5,
          "root": false,
          "rootEmpty": false,
          "_timeout": 2000
        },
        {
          "uuid": "d2e87650-875f-4456-88a6-a642190ef258",
          "title": "Typed",
          "fullFile": "/home/kurtis/Dev/botworx-javascript/packages/miascript/test/src/typed.js",
          "file": "/test/src/typed.js",
          "beforeHooks": [],
          "afterHooks": [],
          "tests": [],
          "suites": [
            {
              "uuid": "c3944543-8a5d-4f97-95db-70b48d504a09",
              "title": "@evaluate",
              "fullFile": "/home/kurtis/Dev/botworx-javascript/packages/miascript/test/src/typed.js",
              "file": "/test/src/typed.js",
              "beforeHooks": [],
              "afterHooks": [],
              "tests": [
                {
                  "title": "should work",
                  "fullTitle": "Typed @evaluate should work",
                  "timedOut": false,
                  "duration": 10,
                  "state": "passed",
                  "speed": "fast",
                  "pass": true,
                  "fail": false,
                  "pending": false,
                  "context": null,
                  "code": "//$$._ JSON.stringify (parse data), null, 2\n$$._(JSON.stringify((transform(data)), null, 2));\n$$._(transpile(data));\n$$._(compile(data));\nreturn evaluate(data);",
                  "err": {},
                  "uuid": "3618ce9c-c14d-4113-920d-2621192b3787",
                  "parentUUID": "c3944543-8a5d-4f97-95db-70b48d504a09",
                  "isHook": false,
                  "skipped": false
                }
              ],
              "suites": [],
              "passes": [
                "3618ce9c-c14d-4113-920d-2621192b3787"
              ],
              "failures": [],
              "pending": [],
              "skipped": [],
              "duration": 10,
              "root": false,
              "rootEmpty": false,
              "_timeout": 2000
            }
          ],
          "passes": [],
          "failures": [],
          "pending": [],
          "skipped": [],
          "duration": 0,
          "root": false,
          "rootEmpty": false,
          "_timeout": 2000
        },
        {
          "uuid": "be13bde3-1d8a-47f0-94bf-9100f6227aa8",
          "title": "Xtra",
          "fullFile": "/home/kurtis/Dev/botworx-javascript/packages/miascript/test/src/xtra.js",
          "file": "/test/src/xtra.js",
          "beforeHooks": [],
          "afterHooks": [],
          "tests": [],
          "suites": [
            {
              "uuid": "fc2e5c7b-b9cd-4d5e-b8ff-da280a0e4929",
              "title": "@evaluate",
              "fullFile": "/home/kurtis/Dev/botworx-javascript/packages/miascript/test/src/xtra.js",
              "file": "/test/src/xtra.js",
              "beforeHooks": [],
              "afterHooks": [],
              "tests": [
                {
                  "title": "should work",
                  "fullTitle": "Xtra @evaluate should work",
                  "timedOut": false,
                  "duration": 4,
                  "state": "passed",
                  "speed": "fast",
                  "pass": true,
                  "fail": false,
                  "pending": false,
                  "context": null,
                  "code": "//evaluate data\n//compile data\n$$._(JSON.stringify((parse(data)), null, 2));\n$$._(transpile(data));\nconst code = compile(data);\n$$._(code);\nreturn evaluate(data);",
                  "err": {},
                  "uuid": "cafca404-129c-40fa-8116-dbe1ef64fb52",
                  "parentUUID": "fc2e5c7b-b9cd-4d5e-b8ff-da280a0e4929",
                  "isHook": false,
                  "skipped": false
                }
              ],
              "suites": [],
              "passes": [
                "cafca404-129c-40fa-8116-dbe1ef64fb52"
              ],
              "failures": [],
              "pending": [],
              "skipped": [],
              "duration": 4,
              "root": false,
              "rootEmpty": false,
              "_timeout": 2000
            }
          ],
          "passes": [],
          "failures": [],
          "pending": [],
          "skipped": [],
          "duration": 0,
          "root": false,
          "rootEmpty": false,
          "_timeout": 2000
        }
      ],
      "passes": [],
      "failures": [],
      "pending": [],
      "skipped": [],
      "duration": 0,
      "root": true,
      "rootEmpty": true,
      "_timeout": 2000
    }
  ],
  "meta": {
    "mocha": {
      "version": "7.0.1"
    },
    "mochawesome": {
      "options": {
        "quiet": false,
        "reportFilename": "mochawesome",
        "saveHtml": true,
        "saveJson": true,
        "consoleReporter": "spec",
        "useInlineDiffs": false
      },
      "version": "4.1.0"
    },
    "marge": {
      "options": {
        "reportDir": "./test/report"
      },
      "version": "4.1.0"
    }
  }
}